# JRE version: OpenJDK Runtime Environment (11.0.9+11) (build 11.0.9+11-Ubuntu-0ubuntu1.18.04.1)
# Java VM: OpenJDK 64-Bit Server VM (11.0.9+11-Ubuntu-0ubuntu1.18.04.1, mixed mode, sharing, tiered, compressed oops, serial gc, linux-amd64)
Heap:
 def new generation   total 43520K, used 0K [0x00000000f0800000, 0x00000000f3730000, 0x00000000f5aa0000)
  eden space 38720K,   0% used [0x00000000f0800000, 0x00000000f0800000, 0x00000000f2dd0000)
  from space 4800K,   0% used [0x00000000f2dd0000, 0x00000000f2dd0000, 0x00000000f3280000)
  to   space 4800K,   0% used [0x00000000f3280000, 0x00000000f3280000, 0x00000000f3730000)
 tenured generation   total 98792K, used 77504K [0x00000000f5aa0000, 0x00000000fbb1a000, 0x0000000100000000)
   the space 98792K,  78% used [0x00000000f5aa0000, 0x00000000fa6500b8, 0x00000000fa650200, 0x00000000fbb1a000)
 Metaspace       used 22953K, capacity 23466K, committed 23936K, reserved 1071104K
  class space    used 2581K, capacity 2846K, committed 2944K, reserved 1048576K
GC Heap History (20 events):
Event: 202.807 GC heap after
{Heap after GC invocations=45 (full 4):
 def new generation   total 43520K, used 4800K [0x00000000f0800000, 0x00000000f3730000, 0x00000000f5aa0000)
  eden space 38720K,   0% used [0x00000000f0800000, 0x00000000f0800000, 0x00000000f2dd0000)
  from space 4800K, 100% used [0x00000000f2dd0000, 0x00000000f3280000, 0x00000000f3280000)
  to   space 4800K,   0% used [0x00000000f3280000, 0x00000000f3280000, 0x00000000f3730000)
 tenured generation   total 96488K, used 77241K [0x00000000f5aa0000, 0x00000000fb8da000, 0x0000000100000000)
   the space 96488K,  80% used [0x00000000f5aa0000, 0x00000000fa60e798, 0x00000000fa60e800, 0x00000000fb8da000)
 Metaspace       used 22949K, capacity 23466K, committed 23936K, reserved 1071104K
  class space    used 2581K, capacity 2846K, committed 2944K, reserved 1048576K
}
Event: 203.044 GC heap before
{Heap before GC invocations=45 (full 4):
 def new generation   total 43520K, used 43520K [0x00000000f0800000, 0x00000000f3730000, 0x00000000f5aa0000)
  eden space 38720K, 100% used [0x00000000f0800000, 0x00000000f2dd0000, 0x00000000f2dd0000)
  from space 4800K, 100% used [0x00000000f2dd0000, 0x00000000f3280000, 0x00000000f3280000)
  to   space 4800K,   0% used [0x00000000f3280000, 0x00000000f3280000, 0x00000000f3730000)
 tenured generation   total 96488K, used 77241K [0x00000000f5aa0000, 0x00000000fb8da000, 0x0000000100000000)
   the space 96488K,  80% used [0x00000000f5aa0000, 0x00000000fa60e798, 0x00000000fa60e800, 0x00000000fb8da000)
 Metaspace       used 22950K, capacity 23466K, committed 23936K, reserved 1071104K
  class space    used 2581K, capacity 2846K, committed 2944K, reserved 1048576K
}
Event: 203.126 GC heap after
{Heap after GC invocations=46 (full 4):
 def new generation   total 43520K, used 4799K [0x00000000f0800000, 0x00000000f3730000, 0x00000000f5aa0000)
  eden space 38720K,   0% used [0x00000000f0800000, 0x00000000f0800000, 0x00000000f2dd0000)
  from space 4800K,  99% used [0x00000000f3280000, 0x00000000f372fff8, 0x00000000f3730000)
  to   space 4800K,   0% used [0x00000000f2dd0000, 0x00000000f2dd0000, 0x00000000f3280000)
 tenured generation   total 96488K, used 87947K [0x00000000f5aa0000, 0x00000000fb8da000, 0x0000000100000000)
   the space 96488K,  91% used [0x00000000f5aa0000, 0x00000000fb082fc0, 0x00000000fb083000, 0x00000000fb8da000)
 Metaspace       used 22950K, capacity 23466K, committed 23936K, reserved 1071104K
  class space    used 2581K, capacity 2846K, committed 2944K, reserved 1048576K
}
Event: 203.860 GC heap before
{Heap before GC invocations=46 (full 4):
 def new generation   total 43520K, used 43519K [0x00000000f0800000, 0x00000000f3730000, 0x00000000f5aa0000)
  eden space 38720K, 100% used [0x00000000f0800000, 0x00000000f2dd0000, 0x00000000f2dd0000)
  from space 4800K,  99% used [0x00000000f3280000, 0x00000000f372fff8, 0x00000000f3730000)
  to   space 4800K,   0% used [0x00000000f2dd0000, 0x00000000f2dd0000, 0x00000000f3280000)
 tenured generation   total 96488K, used 87947K [0x00000000f5aa0000, 0x00000000fb8da000, 0x0000000100000000)
   the space 96488K,  91% used [0x00000000f5aa0000, 0x00000000fb082fc0, 0x00000000fb083000, 0x00000000fb8da000)
 Metaspace       used 22950K, capacity 23466K, committed 23936K, reserved 1071104K
  class space    used 2581K, capacity 2846K, committed 2944K, reserved 1048576K
}
Event: 204.350 GC heap after
{Heap after GC invocations=47 (full 4):
 def new generation   total 43520K, used 0K [0x00000000f0800000, 0x00000000f3730000, 0x00000000f5aa0000)
  eden space 38720K,   0% used [0x00000000f0800000, 0x00000000f0800000, 0x00000000f2dd0000)
  from space 4800K,   0% used [0x00000000f2dd0000, 0x00000000f2dd0148, 0x00000000f3280000)
  to   space 4800K,   0% used [0x00000000f3280000, 0x00000000f3280000, 0x00000000f3730000)
 tenured generation   total 96488K, used 92747K [0x00000000f5aa0000, 0x00000000fb8da000, 0x0000000100000000)
   the space 96488K,  96% used [0x00000000f5aa0000, 0x00000000fb532e88, 0x00000000fb533000, 0x00000000fb8da000)
 Metaspace       used 22950K, capacity 23466K, committed 23936K, reserved 1071104K
  class space    used 2581K, capacity 2846K, committed 2944K, reserved 1048576K
}
Event: 204.945 GC heap before
{Heap before GC invocations=47 (full 4):
 def new generation   total 43520K, used 38720K [0x00000000f0800000, 0x00000000f3730000, 0x00000000f5aa0000)
  eden space 38720K, 100% used [0x00000000f0800000, 0x00000000f2dd0000, 0x00000000f2dd0000)
  from space 4800K,   0% used [0x00000000f2dd0000, 0x00000000f2dd0148, 0x00000000f3280000)
  to   space 4800K,   0% used [0x00000000f3280000, 0x00000000f3280000, 0x00000000f3730000)
 tenured generation   total 96488K, used 92747K [0x00000000f5aa0000, 0x00000000fb8da000, 0x0000000100000000)
   the space 96488K,  96% used [0x00000000f5aa0000, 0x00000000fb532e88, 0x00000000fb533000, 0x00000000fb8da000)
 Metaspace       used 22950K, capacity 23466K, committed 23936K, reserved 1071104K
  class space    used 2581K, capacity 2846K, committed 2944K, reserved 1048576K
}
Event: 205.204 GC heap after
{Heap after GC invocations=48 (full 4):
 def new generation   total 43520K, used 0K [0x00000000f0800000, 0x00000000f3730000, 0x00000000f5aa0000)
  eden space 38720K,   0% used [0x00000000f0800000, 0x00000000f0800000, 0x00000000f2dd0000)
  from space 4800K,   0% used [0x00000000f3280000, 0x00000000f3280108, 0x00000000f3730000)
  to   space 4800K,   0% used [0x00000000f2dd0000, 0x00000000f2dd0000, 0x00000000f3280000)
 tenured generation   total 96488K, used 92747K [0x00000000f5aa0000, 0x00000000fb8da000, 0x0000000100000000)
   the space 96488K,  96% used [0x00000000f5aa0000, 0x00000000fb532e88, 0x00000000fb533000, 0x00000000fb8da000)
 Metaspace       used 22950K, capacity 23466K, committed 23936K, reserved 1071104K
  class space    used 2581K, capacity 2846K, committed 2944K, reserved 1048576K
}
Event: 205.802 GC heap before
{Heap before GC invocations=48 (full 4):
 def new generation   total 43520K, used 38720K [0x00000000f0800000, 0x00000000f3730000, 0x00000000f5aa0000)
  eden space 38720K, 100% used [0x00000000f0800000, 0x00000000f2dd0000, 0x00000000f2dd0000)
  from space 4800K,   0% used [0x00000000f3280000, 0x00000000f3280108, 0x00000000f3730000)
  to   space 4800K,   0% used [0x00000000f2dd0000, 0x00000000f2dd0000, 0x00000000f3280000)
 tenured generation   total 96488K, used 92747K [0x00000000f5aa0000, 0x00000000fb8da000, 0x0000000100000000)
   the space 96488K,  96% used [0x00000000f5aa0000, 0x00000000fb532e88, 0x00000000fb533000, 0x00000000fb8da000)
 Metaspace       used 22950K, capacity 23466K, committed 23936K, reserved 1071104K
  class space    used 2581K, capacity 2846K, committed 2944K, reserved 1048576K
}
Event: 205.973 GC heap after
{Heap after GC invocations=49 (full 4):
 def new generation   total 43520K, used 0K [0x00000000f0800000, 0x00000000f3730000, 0x00000000f5aa0000)
  eden space 38720K,   0% used [0x00000000f0800000, 0x00000000f0800000, 0x00000000f2dd0000)
  from space 4800K,   0% used [0x00000000f2dd0000, 0x00000000f2dd0160, 0x00000000f3280000)
  to   space 4800K,   0% used [0x00000000f3280000, 0x00000000f3280000, 0x00000000f3730000)
 tenured generation   total 96488K, used 92747K [0x00000000f5aa0000, 0x00000000fb8da000, 0x0000000100000000)
   the space 96488K,  96% used [0x00000000f5aa0000, 0x00000000fb532e88, 0x00000000fb533000, 0x00000000fb8da000)
 Metaspace       used 22950K, capacity 23466K, committed 23936K, reserved 1071104K
  class space    used 2581K, capacity 2846K, committed 2944K, reserved 1048576K
}
Event: 206.398 GC heap before
{Heap before GC invocations=49 (full 4):
 def new generation   total 43520K, used 38720K [0x00000000f0800000, 0x00000000f3730000, 0x00000000f5aa0000)
  eden space 38720K, 100% used [0x00000000f0800000, 0x00000000f2dd0000, 0x00000000f2dd0000)
  from space 4800K,   0% used [0x00000000f2dd0000, 0x00000000f2dd0160, 0x00000000f3280000)
  to   space 4800K,   0% used [0x00000000f3280000, 0x00000000f3280000, 0x00000000f3730000)
 tenured generation   total 96488K, used 92747K [0x00000000f5aa0000, 0x00000000fb8da000, 0x0000000100000000)
   the space 96488K,  96% used [0x00000000f5aa0000, 0x00000000fb532e88, 0x00000000fb533000, 0x00000000fb8da000)
 Metaspace       used 22950K, capacity 23466K, committed 23936K, reserved 1071104K
  class space    used 2581K, capacity 2846K, committed 2944K, reserved 1048576K
}
Event: 206.690 GC heap after
{Heap after GC invocations=50 (full 4):
 def new generation   total 43520K, used 0K [0x00000000f0800000, 0x00000000f3730000, 0x00000000f5aa0000)
  eden space 38720K,   0% used [0x00000000f0800000, 0x00000000f0800000, 0x00000000f2dd0000)
  from space 4800K,   0% used [0x00000000f3280000, 0x00000000f3280088, 0x00000000f3730000)
  to   space 4800K,   0% used [0x00000000f2dd0000, 0x00000000f2dd0000, 0x00000000f3280000)
 tenured generation   total 96488K, used 92747K [0x00000000f5aa0000, 0x00000000fb8da000, 0x0000000100000000)
   the space 96488K,  96% used [0x00000000f5aa0000, 0x00000000fb532e88, 0x00000000fb533000, 0x00000000fb8da000)
 Metaspace       used 22950K, capacity 23466K, committed 23936K, reserved 1071104K
  class space    used 2581K, capacity 2846K, committed 2944K, reserved 1048576K
}
Event: 207.328 GC heap before
{Heap before GC invocations=50 (full 4):
 def new generation   total 43520K, used 38720K [0x00000000f0800000, 0x00000000f3730000, 0x00000000f5aa0000)
  eden space 38720K, 100% used [0x00000000f0800000, 0x00000000f2dd0000, 0x00000000f2dd0000)
  from space 4800K,   0% used [0x00000000f3280000, 0x00000000f3280088, 0x00000000f3730000)
  to   space 4800K,   0% used [0x00000000f2dd0000, 0x00000000f2dd0000, 0x00000000f3280000)
 tenured generation   total 96488K, used 92747K [0x00000000f5aa0000, 0x00000000fb8da000, 0x0000000100000000)
   the space 96488K,  96% used [0x00000000f5aa0000, 0x00000000fb532e88, 0x00000000fb533000, 0x00000000fb8da000)
 Metaspace       used 22950K, capacity 23466K, committed 23936K, reserved 1071104K
  class space    used 2581K, capacity 2846K, committed 2944K, reserved 1048576K
}
Event: 207.553 GC heap after
{Heap after GC invocations=51 (full 4):
 def new generation   total 43520K, used 0K [0x00000000f0800000, 0x00000000f3730000, 0x00000000f5aa0000)
  eden space 38720K,   0% used [0x00000000f0800000, 0x00000000f0800000, 0x00000000f2dd0000)
  from space 4800K,   0% used [0x00000000f2dd0000, 0x00000000f2dd0018, 0x00000000f3280000)
  to   space 4800K,   0% used [0x00000000f3280000, 0x00000000f3280000, 0x00000000f3730000)
 tenured generation   total 96488K, used 92747K [0x00000000f5aa0000, 0x00000000fb8da000, 0x0000000100000000)
   the space 96488K,  96% used [0x00000000f5aa0000, 0x00000000fb532e88, 0x00000000fb533000, 0x00000000fb8da000)
 Metaspace       used 22950K, capacity 23466K, committed 23936K, reserved 1071104K
  class space    used 2581K, capacity 2846K, committed 2944K, reserved 1048576K
}
Event: 208.284 GC heap before
{Heap before GC invocations=51 (full 4):
 def new generation   total 43520K, used 38720K [0x00000000f0800000, 0x00000000f3730000, 0x00000000f5aa0000)
  eden space 38720K, 100% used [0x00000000f0800000, 0x00000000f2dd0000, 0x00000000f2dd0000)
  from space 4800K,   0% used [0x00000000f2dd0000, 0x00000000f2dd0018, 0x00000000f3280000)
  to   space 4800K,   0% used [0x00000000f3280000, 0x00000000f3280000, 0x00000000f3730000)
 tenured generation   total 96488K, used 92747K [0x00000000f5aa0000, 0x00000000fb8da000, 0x0000000100000000)
   the space 96488K,  96% used [0x00000000f5aa0000, 0x00000000fb532e88, 0x00000000fb533000, 0x00000000fb8da000)
 Metaspace       used 22950K, capacity 23466K, committed 23936K, reserved 1071104K
  class space    used 2581K, capacity 2846K, committed 2944K, reserved 1048576K
}
Event: 208.565 GC heap after
{Heap after GC invocations=52 (full 4):
 def new generation   total 43520K, used 0K [0x00000000f0800000, 0x00000000f3730000, 0x00000000f5aa0000)
  eden space 38720K,   0% used [0x00000000f0800000, 0x00000000f0800000, 0x00000000f2dd0000)
  from space 4800K,   0% used [0x00000000f3280000, 0x00000000f3280148, 0x00000000f3730000)
  to   space 4800K,   0% used [0x00000000f2dd0000, 0x00000000f2dd0000, 0x00000000f3280000)
 tenured generation   total 96488K, used 92747K [0x00000000f5aa0000, 0x00000000fb8da000, 0x0000000100000000)
   the space 96488K,  96% used [0x00000000f5aa0000, 0x00000000fb532e88, 0x00000000fb533000, 0x00000000fb8da000)
 Metaspace       used 22950K, capacity 23466K, committed 23936K, reserved 1071104K
  class space    used 2581K, capacity 2846K, committed 2944K, reserved 1048576K
}
Event: 209.397 GC heap before
{Heap before GC invocations=52 (full 4):
 def new generation   total 43520K, used 38720K [0x00000000f0800000, 0x00000000f3730000, 0x00000000f5aa0000)
  eden space 38720K, 100% used [0x00000000f0800000, 0x00000000f2dd0000, 0x00000000f2dd0000)
  from space 4800K,   0% used [0x00000000f3280000, 0x00000000f3280148, 0x00000000f3730000)
  to   space 4800K,   0% used [0x00000000f2dd0000, 0x00000000f2dd0000, 0x00000000f3280000)
 tenured generation   total 96488K, used 92747K [0x00000000f5aa0000, 0x00000000fb8da000, 0x0000000100000000)
   the space 96488K,  96% used [0x00000000f5aa0000, 0x00000000fb532e88, 0x00000000fb533000, 0x00000000fb8da000)
 Metaspace       used 22950K, capacity 23466K, committed 23936K, reserved 1071104K
  class space    used 2581K, capacity 2846K, committed 2944K, reserved 1048576K
}
Event: 209.689 GC heap after
{Heap after GC invocations=53 (full 4):
 def new generation   total 43520K, used 0K [0x00000000f0800000, 0x00000000f3730000, 0x00000000f5aa0000)
  eden space 38720K,   0% used [0x00000000f0800000, 0x00000000f0800000, 0x00000000f2dd0000)
  from space 4800K,   0% used [0x00000000f2dd0000, 0x00000000f2dd0108, 0x00000000f3280000)
  to   space 4800K,   0% used [0x00000000f3280000, 0x00000000f3280000, 0x00000000f3730000)
 tenured generation   total 96488K, used 92747K [0x00000000f5aa0000, 0x00000000fb8da000, 0x0000000100000000)
   the space 96488K,  96% used [0x00000000f5aa0000, 0x00000000fb532e88, 0x00000000fb533000, 0x00000000fb8da000)
 Metaspace       used 22950K, capacity 23466K, committed 23936K, reserved 1071104K
  class space    used 2581K, capacity 2846K, committed 2944K, reserved 1048576K
}
Event: 210.373 GC heap before
{Heap before GC invocations=53 (full 4):
 def new generation   total 43520K, used 38720K [0x00000000f0800000, 0x00000000f3730000, 0x00000000f5aa0000)
  eden space 38720K, 100% used [0x00000000f0800000, 0x00000000f2dd0000, 0x00000000f2dd0000)
  from space 4800K,   0% used [0x00000000f2dd0000, 0x00000000f2dd0108, 0x00000000f3280000)
  to   space 4800K,   0% used [0x00000000f3280000, 0x00000000f3280000, 0x00000000f3730000)
 tenured generation   total 96488K, used 92747K [0x00000000f5aa0000, 0x00000000fb8da000, 0x0000000100000000)
   the space 96488K,  96% used [0x00000000f5aa0000, 0x00000000fb532e88, 0x00000000fb533000, 0x00000000fb8da000)
 Metaspace       used 22950K, capacity 23466K, committed 23936K, reserved 1071104K
  class space    used 2581K, capacity 2846K, committed 2944K, reserved 1048576K
}
Event: 210.576 GC heap after
{Heap after GC invocations=54 (full 4):
 def new generation   total 43520K, used 0K [0x00000000f0800000, 0x00000000f3730000, 0x00000000f5aa0000)
  eden space 38720K,   0% used [0x00000000f0800000, 0x00000000f0800000, 0x00000000f2dd0000)
  from space 4800K,   0% used [0x00000000f3280000, 0x00000000f3280088, 0x00000000f3730000)
  to   space 4800K,   0% used [0x00000000f2dd0000, 0x00000000f2dd0000, 0x00000000f3280000)
 tenured generation   total 96488K, used 92747K [0x00000000f5aa0000, 0x00000000fb8da000, 0x0000000100000000)
   the space 96488K,  96% used [0x00000000f5aa0000, 0x00000000fb532e88, 0x00000000fb533000, 0x00000000fb8da000)
 Metaspace       used 22950K, capacity 23466K, committed 23936K, reserved 1071104K
  class space    used 2581K, capacity 2846K, committed 2944K, reserved 1048576K
}
Event: 214.182 GC heap before
{Heap before GC invocations=54 (full 4):
 def new generation   total 43520K, used 38720K [0x00000000f0800000, 0x00000000f3730000, 0x00000000f5aa0000)
  eden space 38720K, 100% used [0x00000000f0800000, 0x00000000f2dd0000, 0x00000000f2dd0000)
  from space 4800K,   0% used [0x00000000f3280000, 0x00000000f3280088, 0x00000000f3730000)
  to   space 4800K,   0% used [0x00000000f2dd0000, 0x00000000f2dd0000, 0x00000000f3280000)
 tenured generation   total 96488K, used 92747K [0x00000000f5aa0000, 0x00000000fb8da000, 0x0000000100000000)
   the space 96488K,  96% used [0x00000000f5aa0000, 0x00000000fb532e88, 0x00000000fb533000, 0x00000000fb8da000)
 Metaspace       used 22953K, capacity 23466K, committed 23936K, reserved 1071104K
  class space    used 2581K, capacity 2846K, committed 2944K, reserved 1048576K
}

