# JRE version: OpenJDK Runtime Environment (11.0.9+11) (build 11.0.9+11-Ubuntu-0ubuntu1.18.04.1)
# Java VM: OpenJDK 64-Bit Server VM (11.0.9+11-Ubuntu-0ubuntu1.18.04.1, mixed mode, sharing, tiered, compressed oops, serial gc, linux-amd64)
Heap:
 def new generation   total 58304K, used 55819K [0x00000000f0800000, 0x00000000f4740000, 0x00000000f5aa0000)
  eden space 51840K,  99% used [0x00000000f0800000, 0x00000000f3a420b0, 0x00000000f3aa0000)
  from space 6464K,  67% used [0x00000000f40f0000, 0x00000000f4530c18, 0x00000000f4740000)
  to   space 6464K,   0% used [0x00000000f3aa0000, 0x00000000f3aa23a8, 0x00000000f40f0000)
 tenured generation   total 137300K, used 133034K [0x00000000f5aa0000, 0x00000000fe0b5000, 0x0000000100000000)
   the space 137300K,  96% used [0x00000000f5aa0000, 0x00000000fdc8aa50, 0x00000000fdc8ac00, 0x00000000fe0b5000)
 Metaspace       used 23058K, capacity 23594K, committed 23936K, reserved 1071104K
  class space    used 2581K, capacity 2846K, committed 2944K, reserved 1048576K
GC Heap History (20 events):
Event: 73.084 GC heap after
{Heap after GC invocations=67 (full 5):
 def new generation   total 58304K, used 0K [0x00000000f0800000, 0x00000000f4740000, 0x00000000f5aa0000)
  eden space 51840K,   0% used [0x00000000f0800000, 0x00000000f0800000, 0x00000000f3aa0000)
  from space 6464K,   0% used [0x00000000f3aa0000, 0x00000000f3aa0030, 0x00000000f40f0000)
  to   space 6464K,   0% used [0x00000000f40f0000, 0x00000000f40f0000, 0x00000000f4740000)
 tenured generation   total 129372K, used 110307K [0x00000000f5aa0000, 0x00000000fd8f7000, 0x0000000100000000)
   the space 129372K,  85% used [0x00000000f5aa0000, 0x00000000fc658fa0, 0x00000000fc659000, 0x00000000fd8f7000)
 Metaspace       used 23033K, capacity 23594K, committed 23936K, reserved 1071104K
  class space    used 2581K, capacity 2846K, committed 2944K, reserved 1048576K
}
Event: 73.198 GC heap before
{Heap before GC invocations=67 (full 5):
 def new generation   total 58304K, used 51840K [0x00000000f0800000, 0x00000000f4740000, 0x00000000f5aa0000)
  eden space 51840K, 100% used [0x00000000f0800000, 0x00000000f3aa0000, 0x00000000f3aa0000)
  from space 6464K,   0% used [0x00000000f3aa0000, 0x00000000f3aa0030, 0x00000000f40f0000)
  to   space 6464K,   0% used [0x00000000f40f0000, 0x00000000f40f0000, 0x00000000f4740000)
 tenured generation   total 129372K, used 110307K [0x00000000f5aa0000, 0x00000000fd8f7000, 0x0000000100000000)
   the space 129372K,  85% used [0x00000000f5aa0000, 0x00000000fc658fa0, 0x00000000fc659000, 0x00000000fd8f7000)
 Metaspace       used 23033K, capacity 23594K, committed 23936K, reserved 1071104K
  class space    used 2581K, capacity 2846K, committed 2944K, reserved 1048576K
}
Event: 73.198 GC heap after
{Heap after GC invocations=68 (full 5):
 def new generation   total 58304K, used 0K [0x00000000f0800000, 0x00000000f4740000, 0x00000000f5aa0000)
  eden space 51840K,   0% used [0x00000000f0800000, 0x00000000f0800000, 0x00000000f3aa0000)
  from space 6464K,   0% used [0x00000000f40f0000, 0x00000000f40f0088, 0x00000000f4740000)
  to   space 6464K,   0% used [0x00000000f3aa0000, 0x00000000f3aa0000, 0x00000000f40f0000)
 tenured generation   total 129372K, used 110307K [0x00000000f5aa0000, 0x00000000fd8f7000, 0x0000000100000000)
   the space 129372K,  85% used [0x00000000f5aa0000, 0x00000000fc658fa0, 0x00000000fc659000, 0x00000000fd8f7000)
 Metaspace       used 23033K, capacity 23594K, committed 23936K, reserved 1071104K
  class space    used 2581K, capacity 2846K, committed 2944K, reserved 1048576K
}
Event: 73.530 GC heap before
{Heap before GC invocations=68 (full 5):
 def new generation   total 58304K, used 51840K [0x00000000f0800000, 0x00000000f4740000, 0x00000000f5aa0000)
  eden space 51840K, 100% used [0x00000000f0800000, 0x00000000f3aa0000, 0x00000000f3aa0000)
  from space 6464K,   0% used [0x00000000f40f0000, 0x00000000f40f0088, 0x00000000f4740000)
  to   space 6464K,   0% used [0x00000000f3aa0000, 0x00000000f3aa0000, 0x00000000f40f0000)
 tenured generation   total 129372K, used 110307K [0x00000000f5aa0000, 0x00000000fd8f7000, 0x0000000100000000)
   the space 129372K,  85% used [0x00000000f5aa0000, 0x00000000fc658fa0, 0x00000000fc659000, 0x00000000fd8f7000)
 Metaspace       used 23042K, capacity 23594K, committed 23936K, reserved 1071104K
  class space    used 2581K, capacity 2846K, committed 2944K, reserved 1048576K
}
Event: 73.541 GC heap after
{Heap after GC invocations=69 (full 5):
 def new generation   total 58304K, used 6464K [0x00000000f0800000, 0x00000000f4740000, 0x00000000f5aa0000)
  eden space 51840K,   0% used [0x00000000f0800000, 0x00000000f0800000, 0x00000000f3aa0000)
  from space 6464K, 100% used [0x00000000f3aa0000, 0x00000000f40f0000, 0x00000000f40f0000)
  to   space 6464K,   0% used [0x00000000f40f0000, 0x00000000f40f0000, 0x00000000f4740000)
 tenured generation   total 129372K, used 114601K [0x00000000f5aa0000, 0x00000000fd8f7000, 0x0000000100000000)
   the space 129372K,  88% used [0x00000000f5aa0000, 0x00000000fca8a648, 0x00000000fca8a800, 0x00000000fd8f7000)
 Metaspace       used 23042K, capacity 23594K, committed 23936K, reserved 1071104K
  class space    used 2581K, capacity 2846K, committed 2944K, reserved 1048576K
}
Event: 73.797 GC heap before
{Heap before GC invocations=69 (full 5):
 def new generation   total 58304K, used 58304K [0x00000000f0800000, 0x00000000f4740000, 0x00000000f5aa0000)
  eden space 51840K, 100% used [0x00000000f0800000, 0x00000000f3aa0000, 0x00000000f3aa0000)
  from space 6464K, 100% used [0x00000000f3aa0000, 0x00000000f40f0000, 0x00000000f40f0000)
  to   space 6464K,   0% used [0x00000000f40f0000, 0x00000000f40f0000, 0x00000000f4740000)
 tenured generation   total 129372K, used 114601K [0x00000000f5aa0000, 0x00000000fd8f7000, 0x0000000100000000)
   the space 129372K,  88% used [0x00000000f5aa0000, 0x00000000fca8a648, 0x00000000fca8a800, 0x00000000fd8f7000)
 Metaspace       used 23042K, capacity 23594K, committed 23936K, reserved 1071104K
  class space    used 2581K, capacity 2846K, committed 2944K, reserved 1048576K
}
Event: 73.808 GC heap after
{Heap after GC invocations=70 (full 5):
 def new generation   total 58304K, used 0K [0x00000000f0800000, 0x00000000f4740000, 0x00000000f5aa0000)
  eden space 51840K,   0% used [0x00000000f0800000, 0x00000000f0800000, 0x00000000f3aa0000)
  from space 6464K,   0% used [0x00000000f40f0000, 0x00000000f40f00f8, 0x00000000f4740000)
  to   space 6464K,   0% used [0x00000000f3aa0000, 0x00000000f3aa0000, 0x00000000f40f0000)
 tenured generation   total 129372K, used 121065K [0x00000000f5aa0000, 0x00000000fd8f7000, 0x0000000100000000)
   the space 129372K,  93% used [0x00000000f5aa0000, 0x00000000fd0da5f0, 0x00000000fd0da600, 0x00000000fd8f7000)
 Metaspace       used 23042K, capacity 23594K, committed 23936K, reserved 1071104K
  class space    used 2581K, capacity 2846K, committed 2944K, reserved 1048576K
}
Event: 73.971 GC heap before
{Heap before GC invocations=70 (full 5):
 def new generation   total 58304K, used 51840K [0x00000000f0800000, 0x00000000f4740000, 0x00000000f5aa0000)
  eden space 51840K, 100% used [0x00000000f0800000, 0x00000000f3aa0000, 0x00000000f3aa0000)
  from space 6464K,   0% used [0x00000000f40f0000, 0x00000000f40f00f8, 0x00000000f4740000)
  to   space 6464K,   0% used [0x00000000f3aa0000, 0x00000000f3aa0000, 0x00000000f40f0000)
 tenured generation   total 129372K, used 121065K [0x00000000f5aa0000, 0x00000000fd8f7000, 0x0000000100000000)
   the space 129372K,  93% used [0x00000000f5aa0000, 0x00000000fd0da5f0, 0x00000000fd0da600, 0x00000000fd8f7000)
 Metaspace       used 23042K, capacity 23594K, committed 23936K, reserved 1071104K
  class space    used 2581K, capacity 2846K, committed 2944K, reserved 1048576K
}
Event: 73.972 GC heap after
{Heap after GC invocations=71 (full 5):
 def new generation   total 58304K, used 0K [0x00000000f0800000, 0x00000000f4740000, 0x00000000f5aa0000)
  eden space 51840K,   0% used [0x00000000f0800000, 0x00000000f0800000, 0x00000000f3aa0000)
  from space 6464K,   0% used [0x00000000f3aa0000, 0x00000000f3aa0050, 0x00000000f40f0000)
  to   space 6464K,   0% used [0x00000000f40f0000, 0x00000000f40f0000, 0x00000000f4740000)
 tenured generation   total 129372K, used 121065K [0x00000000f5aa0000, 0x00000000fd8f7000, 0x0000000100000000)
   the space 129372K,  93% used [0x00000000f5aa0000, 0x00000000fd0da5f0, 0x00000000fd0da600, 0x00000000fd8f7000)
 Metaspace       used 23042K, capacity 23594K, committed 23936K, reserved 1071104K
  class space    used 2581K, capacity 2846K, committed 2944K, reserved 1048576K
}
Event: 74.094 GC heap before
{Heap before GC invocations=71 (full 5):
 def new generation   total 58304K, used 51840K [0x00000000f0800000, 0x00000000f4740000, 0x00000000f5aa0000)
  eden space 51840K, 100% used [0x00000000f0800000, 0x00000000f3aa0000, 0x00000000f3aa0000)
  from space 6464K,   0% used [0x00000000f3aa0000, 0x00000000f3aa0050, 0x00000000f40f0000)
  to   space 6464K,   0% used [0x00000000f40f0000, 0x00000000f40f0000, 0x00000000f4740000)
 tenured generation   total 129372K, used 121065K [0x00000000f5aa0000, 0x00000000fd8f7000, 0x0000000100000000)
   the space 129372K,  93% used [0x00000000f5aa0000, 0x00000000fd0da5f0, 0x00000000fd0da600, 0x00000000fd8f7000)
 Metaspace       used 23042K, capacity 23594K, committed 23936K, reserved 1071104K
  class space    used 2581K, capacity 2846K, committed 2944K, reserved 1048576K
}
Event: 74.094 GC heap after
{Heap after GC invocations=72 (full 5):
 def new generation   total 58304K, used 0K [0x00000000f0800000, 0x00000000f4740000, 0x00000000f5aa0000)
  eden space 51840K,   0% used [0x00000000f0800000, 0x00000000f0800000, 0x00000000f3aa0000)
  from space 6464K,   0% used [0x00000000f40f0000, 0x00000000f40f0148, 0x00000000f4740000)
  to   space 6464K,   0% used [0x00000000f3aa0000, 0x00000000f3aa0000, 0x00000000f40f0000)
 tenured generation   total 129372K, used 121065K [0x00000000f5aa0000, 0x00000000fd8f7000, 0x0000000100000000)
   the space 129372K,  93% used [0x00000000f5aa0000, 0x00000000fd0da5f0, 0x00000000fd0da600, 0x00000000fd8f7000)
 Metaspace       used 23042K, capacity 23594K, committed 23936K, reserved 1071104K
  class space    used 2581K, capacity 2846K, committed 2944K, reserved 1048576K
}
Event: 74.218 GC heap before
{Heap before GC invocations=72 (full 5):
 def new generation   total 58304K, used 51840K [0x00000000f0800000, 0x00000000f4740000, 0x00000000f5aa0000)
  eden space 51840K, 100% used [0x00000000f0800000, 0x00000000f3aa0000, 0x00000000f3aa0000)
  from space 6464K,   0% used [0x00000000f40f0000, 0x00000000f40f0148, 0x00000000f4740000)
  to   space 6464K,   0% used [0x00000000f3aa0000, 0x00000000f3aa0000, 0x00000000f40f0000)
 tenured generation   total 129372K, used 121065K [0x00000000f5aa0000, 0x00000000fd8f7000, 0x0000000100000000)
   the space 129372K,  93% used [0x00000000f5aa0000, 0x00000000fd0da5f0, 0x00000000fd0da600, 0x00000000fd8f7000)
 Metaspace       used 23042K, capacity 23594K, committed 23936K, reserved 1071104K
  class space    used 2581K, capacity 2846K, committed 2944K, reserved 1048576K
}
Event: 74.219 GC heap after
{Heap after GC invocations=73 (full 5):
 def new generation   total 58304K, used 0K [0x00000000f0800000, 0x00000000f4740000, 0x00000000f5aa0000)
  eden space 51840K,   0% used [0x00000000f0800000, 0x00000000f0800000, 0x00000000f3aa0000)
  from space 6464K,   0% used [0x00000000f3aa0000, 0x00000000f3aa00d8, 0x00000000f40f0000)
  to   space 6464K,   0% used [0x00000000f40f0000, 0x00000000f40f0000, 0x00000000f4740000)
 tenured generation   total 129372K, used 121065K [0x00000000f5aa0000, 0x00000000fd8f7000, 0x0000000100000000)
   the space 129372K,  93% used [0x00000000f5aa0000, 0x00000000fd0da5f0, 0x00000000fd0da600, 0x00000000fd8f7000)
 Metaspace       used 23042K, capacity 23594K, committed 23936K, reserved 1071104K
  class space    used 2581K, capacity 2846K, committed 2944K, reserved 1048576K
}
Event: 74.358 GC heap before
{Heap before GC invocations=73 (full 5):
 def new generation   total 58304K, used 51840K [0x00000000f0800000, 0x00000000f4740000, 0x00000000f5aa0000)
  eden space 51840K, 100% used [0x00000000f0800000, 0x00000000f3aa0000, 0x00000000f3aa0000)
  from space 6464K,   0% used [0x00000000f3aa0000, 0x00000000f3aa00d8, 0x00000000f40f0000)
  to   space 6464K,   0% used [0x00000000f40f0000, 0x00000000f40f0000, 0x00000000f4740000)
 tenured generation   total 129372K, used 121065K [0x00000000f5aa0000, 0x00000000fd8f7000, 0x0000000100000000)
   the space 129372K,  93% used [0x00000000f5aa0000, 0x00000000fd0da5f0, 0x00000000fd0da600, 0x00000000fd8f7000)
 Metaspace       used 23042K, capacity 23594K, committed 23936K, reserved 1071104K
  class space    used 2581K, capacity 2846K, committed 2944K, reserved 1048576K
}
Event: 74.359 GC heap after
{Heap after GC invocations=74 (full 5):
 def new generation   total 58304K, used 0K [0x00000000f0800000, 0x00000000f4740000, 0x00000000f5aa0000)
  eden space 51840K,   0% used [0x00000000f0800000, 0x00000000f0800000, 0x00000000f3aa0000)
  from space 6464K,   0% used [0x00000000f40f0000, 0x00000000f40f0108, 0x00000000f4740000)
  to   space 6464K,   0% used [0x00000000f3aa0000, 0x00000000f3aa0000, 0x00000000f40f0000)
 tenured generation   total 129372K, used 121065K [0x00000000f5aa0000, 0x00000000fd8f7000, 0x0000000100000000)
   the space 129372K,  93% used [0x00000000f5aa0000, 0x00000000fd0da5f0, 0x00000000fd0da600, 0x00000000fd8f7000)
 Metaspace       used 23042K, capacity 23594K, committed 23936K, reserved 1071104K
  class space    used 2581K, capacity 2846K, committed 2944K, reserved 1048576K
}
Event: 74.479 GC heap before
{Heap before GC invocations=74 (full 5):
 def new generation   total 58304K, used 51840K [0x00000000f0800000, 0x00000000f4740000, 0x00000000f5aa0000)
  eden space 51840K, 100% used [0x00000000f0800000, 0x00000000f3aa0000, 0x00000000f3aa0000)
  from space 6464K,   0% used [0x00000000f40f0000, 0x00000000f40f0108, 0x00000000f4740000)
  to   space 6464K,   0% used [0x00000000f3aa0000, 0x00000000f3aa0000, 0x00000000f40f0000)
 tenured generation   total 129372K, used 121065K [0x00000000f5aa0000, 0x00000000fd8f7000, 0x0000000100000000)
   the space 129372K,  93% used [0x00000000f5aa0000, 0x00000000fd0da5f0, 0x00000000fd0da600, 0x00000000fd8f7000)
 Metaspace       used 23042K, capacity 23594K, committed 23936K, reserved 1071104K
  class space    used 2581K, capacity 2846K, committed 2944K, reserved 1048576K
}
Event: 74.479 GC heap after
{Heap after GC invocations=75 (full 5):
 def new generation   total 58304K, used 0K [0x00000000f0800000, 0x00000000f4740000, 0x00000000f5aa0000)
  eden space 51840K,   0% used [0x00000000f0800000, 0x00000000f0800000, 0x00000000f3aa0000)
  from space 6464K,   0% used [0x00000000f3aa0000, 0x00000000f3aa0050, 0x00000000f40f0000)
  to   space 6464K,   0% used [0x00000000f40f0000, 0x00000000f40f0000, 0x00000000f4740000)
 tenured generation   total 129372K, used 121065K [0x00000000f5aa0000, 0x00000000fd8f7000, 0x0000000100000000)
   the space 129372K,  93% used [0x00000000f5aa0000, 0x00000000fd0da5f0, 0x00000000fd0da600, 0x00000000fd8f7000)
 Metaspace       used 23042K, capacity 23594K, committed 23936K, reserved 1071104K
  class space    used 2581K, capacity 2846K, committed 2944K, reserved 1048576K
}
Event: 287.353 GC heap before
{Heap before GC invocations=75 (full 5):
 def new generation   total 58304K, used 45138K [0x00000000f0800000, 0x00000000f4740000, 0x00000000f5aa0000)
  eden space 51840K,  87% used [0x00000000f0800000, 0x00000000f3414998, 0x00000000f3aa0000)
  from space 6464K,   0% used [0x00000000f3aa0000, 0x00000000f3aa0050, 0x00000000f40f0000)
  to   space 6464K,   0% used [0x00000000f40f0000, 0x00000000f40f0000, 0x00000000f4740000)
 tenured generation   total 129372K, used 121065K [0x00000000f5aa0000, 0x00000000fd8f7000, 0x0000000100000000)
   the space 129372K,  93% used [0x00000000f5aa0000, 0x00000000fd0da5f0, 0x00000000fd0da600, 0x00000000fd8f7000)
 Metaspace       used 23051K, capacity 23594K, committed 23936K, reserved 1071104K
  class space    used 2581K, capacity 2846K, committed 2944K, reserved 1048576K
}
Event: 287.515 GC heap after
{Heap after GC invocations=76 (full 5):
 def new generation   total 58304K, used 4355K [0x00000000f0800000, 0x00000000f4740000, 0x00000000f5aa0000)
  eden space 51840K,   0% used [0x00000000f0800000, 0x00000000f0800000, 0x00000000f3aa0000)
  from space 6464K,  67% used [0x00000000f40f0000, 0x00000000f4530c18, 0x00000000f4740000)
  to   space 6464K,   0% used [0x00000000f3aa0000, 0x00000000f3aa0000, 0x00000000f40f0000)
 tenured generation   total 129372K, used 125029K [0x00000000f5aa0000, 0x00000000fd8f7000, 0x0000000100000000)
   the space 129372K,  96% used [0x00000000f5aa0000, 0x00000000fd4b9400, 0x00000000fd4b9400, 0x00000000fd8f7000)
 Metaspace       used 23051K, capacity 23594K, committed 23936K, reserved 1071104K
  class space    used 2581K, capacity 2846K, committed 2944K, reserved 1048576K
}
Event: 288.645 GC heap before
{Heap before GC invocations=76 (full 5):
 def new generation   total 58304K, used 55819K [0x00000000f0800000, 0x00000000f4740000, 0x00000000f5aa0000)
  eden space 51840K,  99% used [0x00000000f0800000, 0x00000000f3a420b0, 0x00000000f3aa0000)
  from space 6464K,  67% used [0x00000000f40f0000, 0x00000000f4530c18, 0x00000000f4740000)
  to   space 6464K,   0% used [0x00000000f3aa0000, 0x00000000f3aa0000, 0x00000000f40f0000)
 tenured generation   total 129372K, used 125029K [0x00000000f5aa0000, 0x00000000fd8f7000, 0x0000000100000000)
   the space 129372K,  96% used [0x00000000f5aa0000, 0x00000000fd4b9400, 0x00000000fd4b9400, 0x00000000fd8f7000)
 Metaspace       used 23058K, capacity 23594K, committed 23936K, reserved 1071104K
  class space    used 2581K, capacity 2846K, committed 2944K, reserved 1048576K
}

