# JRE version: OpenJDK Runtime Environment (11.0.9+11) (build 11.0.9+11-Ubuntu-0ubuntu1.18.04.1)
# Java VM: OpenJDK 64-Bit Server VM (11.0.9+11-Ubuntu-0ubuntu1.18.04.1, mixed mode, sharing, tiered, compressed oops, serial gc, linux-amd64)
Heap:
 def new generation   total 58496K, used 0K [0x00000000f0800000, 0x00000000f4770000, 0x00000000f5aa0000)
  eden space 52032K,   0% used [0x00000000f0800000, 0x00000000f0800000, 0x00000000f3ad0000)
  from space 6464K,   0% used [0x00000000f3ad0000, 0x00000000f3ad0000, 0x00000000f4120000)
  to   space 6464K,   0% used [0x00000000f4120000, 0x00000000f4120000, 0x00000000f4770000)
 tenured generation   total 130936K, used 93603K [0x00000000f5aa0000, 0x00000000fda7e000, 0x0000000100000000)
   the space 130936K,  71% used [0x00000000f5aa0000, 0x00000000fb608c00, 0x00000000fb608c00, 0x00000000fda7e000)
 Metaspace       used 22995K, capacity 23531K, committed 23936K, reserved 1071104K
  class space    used 2581K, capacity 2846K, committed 2944K, reserved 1048576K
GC Heap History (20 events):
Event: 150.036 GC heap after
{Heap after GC invocations=55 (full 5):
 def new generation   total 58496K, used 0K [0x00000000f0800000, 0x00000000f4770000, 0x00000000f5aa0000)
  eden space 52032K,   0% used [0x00000000f0800000, 0x00000000f0800000, 0x00000000f3ad0000)
  from space 6464K,   0% used [0x00000000f3ad0000, 0x00000000f3ad0000, 0x00000000f4120000)
  to   space 6464K,   0% used [0x00000000f4120000, 0x00000000f4120000, 0x00000000f4770000)
 tenured generation   total 129784K, used 77868K [0x00000000f5aa0000, 0x00000000fd95e000, 0x0000000100000000)
   the space 129784K,  59% used [0x00000000f5aa0000, 0x00000000fa6ab160, 0x00000000fa6ab200, 0x00000000fd95e000)
 Metaspace       used 22922K, capacity 23466K, committed 23936K, reserved 1071104K
  class space    used 2581K, capacity 2846K, committed 2944K, reserved 1048576K
}
Event: 150.139 GC heap before
{Heap before GC invocations=55 (full 5):
 def new generation   total 58496K, used 52032K [0x00000000f0800000, 0x00000000f4770000, 0x00000000f5aa0000)
  eden space 52032K, 100% used [0x00000000f0800000, 0x00000000f3ad0000, 0x00000000f3ad0000)
  from space 6464K,   0% used [0x00000000f3ad0000, 0x00000000f3ad0000, 0x00000000f4120000)
  to   space 6464K,   0% used [0x00000000f4120000, 0x00000000f4120000, 0x00000000f4770000)
 tenured generation   total 129784K, used 77868K [0x00000000f5aa0000, 0x00000000fd95e000, 0x0000000100000000)
   the space 129784K,  59% used [0x00000000f5aa0000, 0x00000000fa6ab160, 0x00000000fa6ab200, 0x00000000fd95e000)
 Metaspace       used 22922K, capacity 23466K, committed 23936K, reserved 1071104K
  class space    used 2581K, capacity 2846K, committed 2944K, reserved 1048576K
}
Event: 150.139 GC heap after
{Heap after GC invocations=56 (full 5):
 def new generation   total 58496K, used 0K [0x00000000f0800000, 0x00000000f4770000, 0x00000000f5aa0000)
  eden space 52032K,   0% used [0x00000000f0800000, 0x00000000f0800000, 0x00000000f3ad0000)
  from space 6464K,   0% used [0x00000000f4120000, 0x00000000f41201c0, 0x00000000f4770000)
  to   space 6464K,   0% used [0x00000000f3ad0000, 0x00000000f3ad0000, 0x00000000f4120000)
 tenured generation   total 129784K, used 77868K [0x00000000f5aa0000, 0x00000000fd95e000, 0x0000000100000000)
   the space 129784K,  59% used [0x00000000f5aa0000, 0x00000000fa6ab160, 0x00000000fa6ab200, 0x00000000fd95e000)
 Metaspace       used 22922K, capacity 23466K, committed 23936K, reserved 1071104K
  class space    used 2581K, capacity 2846K, committed 2944K, reserved 1048576K
}
Event: 150.235 GC heap before
{Heap before GC invocations=56 (full 5):
 def new generation   total 58496K, used 52032K [0x00000000f0800000, 0x00000000f4770000, 0x00000000f5aa0000)
  eden space 52032K, 100% used [0x00000000f0800000, 0x00000000f3ad0000, 0x00000000f3ad0000)
  from space 6464K,   0% used [0x00000000f4120000, 0x00000000f41201c0, 0x00000000f4770000)
  to   space 6464K,   0% used [0x00000000f3ad0000, 0x00000000f3ad0000, 0x00000000f4120000)
 tenured generation   total 129784K, used 77868K [0x00000000f5aa0000, 0x00000000fd95e000, 0x0000000100000000)
   the space 129784K,  59% used [0x00000000f5aa0000, 0x00000000fa6ab160, 0x00000000fa6ab200, 0x00000000fd95e000)
 Metaspace       used 22922K, capacity 23466K, committed 23936K, reserved 1071104K
  class space    used 2581K, capacity 2846K, committed 2944K, reserved 1048576K
}
Event: 150.236 GC heap after
{Heap after GC invocations=57 (full 5):
 def new generation   total 58496K, used 0K [0x00000000f0800000, 0x00000000f4770000, 0x00000000f5aa0000)
  eden space 52032K,   0% used [0x00000000f0800000, 0x00000000f0800000, 0x00000000f3ad0000)
  from space 6464K,   0% used [0x00000000f3ad0000, 0x00000000f3ad0198, 0x00000000f4120000)
  to   space 6464K,   0% used [0x00000000f4120000, 0x00000000f4120000, 0x00000000f4770000)
 tenured generation   total 129784K, used 77868K [0x00000000f5aa0000, 0x00000000fd95e000, 0x0000000100000000)
   the space 129784K,  59% used [0x00000000f5aa0000, 0x00000000fa6ab160, 0x00000000fa6ab200, 0x00000000fd95e000)
 Metaspace       used 22922K, capacity 23466K, committed 23936K, reserved 1071104K
  class space    used 2581K, capacity 2846K, committed 2944K, reserved 1048576K
}
Event: 150.331 GC heap before
{Heap before GC invocations=57 (full 5):
 def new generation   total 58496K, used 52032K [0x00000000f0800000, 0x00000000f4770000, 0x00000000f5aa0000)
  eden space 52032K, 100% used [0x00000000f0800000, 0x00000000f3ad0000, 0x00000000f3ad0000)
  from space 6464K,   0% used [0x00000000f3ad0000, 0x00000000f3ad0198, 0x00000000f4120000)
  to   space 6464K,   0% used [0x00000000f4120000, 0x00000000f4120000, 0x00000000f4770000)
 tenured generation   total 129784K, used 77868K [0x00000000f5aa0000, 0x00000000fd95e000, 0x0000000100000000)
   the space 129784K,  59% used [0x00000000f5aa0000, 0x00000000fa6ab160, 0x00000000fa6ab200, 0x00000000fd95e000)
 Metaspace       used 22922K, capacity 23466K, committed 23936K, reserved 1071104K
  class space    used 2581K, capacity 2846K, committed 2944K, reserved 1048576K
}
Event: 150.331 GC heap after
{Heap after GC invocations=58 (full 5):
 def new generation   total 58496K, used 0K [0x00000000f0800000, 0x00000000f4770000, 0x00000000f5aa0000)
  eden space 52032K,   0% used [0x00000000f0800000, 0x00000000f0800000, 0x00000000f3ad0000)
  from space 6464K,   0% used [0x00000000f4120000, 0x00000000f4120150, 0x00000000f4770000)
  to   space 6464K,   0% used [0x00000000f3ad0000, 0x00000000f3ad0000, 0x00000000f4120000)
 tenured generation   total 129784K, used 77868K [0x00000000f5aa0000, 0x00000000fd95e000, 0x0000000100000000)
   the space 129784K,  59% used [0x00000000f5aa0000, 0x00000000fa6ab160, 0x00000000fa6ab200, 0x00000000fd95e000)
 Metaspace       used 22922K, capacity 23466K, committed 23936K, reserved 1071104K
  class space    used 2581K, capacity 2846K, committed 2944K, reserved 1048576K
}
Event: 150.427 GC heap before
{Heap before GC invocations=58 (full 5):
 def new generation   total 58496K, used 52032K [0x00000000f0800000, 0x00000000f4770000, 0x00000000f5aa0000)
  eden space 52032K, 100% used [0x00000000f0800000, 0x00000000f3ad0000, 0x00000000f3ad0000)
  from space 6464K,   0% used [0x00000000f4120000, 0x00000000f4120150, 0x00000000f4770000)
  to   space 6464K,   0% used [0x00000000f3ad0000, 0x00000000f3ad0000, 0x00000000f4120000)
 tenured generation   total 129784K, used 77868K [0x00000000f5aa0000, 0x00000000fd95e000, 0x0000000100000000)
   the space 129784K,  59% used [0x00000000f5aa0000, 0x00000000fa6ab160, 0x00000000fa6ab200, 0x00000000fd95e000)
 Metaspace       used 22922K, capacity 23466K, committed 23936K, reserved 1071104K
  class space    used 2581K, capacity 2846K, committed 2944K, reserved 1048576K
}
Event: 150.428 GC heap after
{Heap after GC invocations=59 (full 5):
 def new generation   total 58496K, used 0K [0x00000000f0800000, 0x00000000f4770000, 0x00000000f5aa0000)
  eden space 52032K,   0% used [0x00000000f0800000, 0x00000000f0800000, 0x00000000f3ad0000)
  from space 6464K,   0% used [0x00000000f3ad0000, 0x00000000f3ad0210, 0x00000000f4120000)
  to   space 6464K,   0% used [0x00000000f4120000, 0x00000000f4120000, 0x00000000f4770000)
 tenured generation   total 129784K, used 77868K [0x00000000f5aa0000, 0x00000000fd95e000, 0x0000000100000000)
   the space 129784K,  59% used [0x00000000f5aa0000, 0x00000000fa6ab160, 0x00000000fa6ab200, 0x00000000fd95e000)
 Metaspace       used 22922K, capacity 23466K, committed 23936K, reserved 1071104K
  class space    used 2581K, capacity 2846K, committed 2944K, reserved 1048576K
}
Event: 150.525 GC heap before
{Heap before GC invocations=59 (full 5):
 def new generation   total 58496K, used 52032K [0x00000000f0800000, 0x00000000f4770000, 0x00000000f5aa0000)
  eden space 52032K, 100% used [0x00000000f0800000, 0x00000000f3ad0000, 0x00000000f3ad0000)
  from space 6464K,   0% used [0x00000000f3ad0000, 0x00000000f3ad0210, 0x00000000f4120000)
  to   space 6464K,   0% used [0x00000000f4120000, 0x00000000f4120000, 0x00000000f4770000)
 tenured generation   total 129784K, used 77868K [0x00000000f5aa0000, 0x00000000fd95e000, 0x0000000100000000)
   the space 129784K,  59% used [0x00000000f5aa0000, 0x00000000fa6ab160, 0x00000000fa6ab200, 0x00000000fd95e000)
 Metaspace       used 22922K, capacity 23466K, committed 23936K, reserved 1071104K
  class space    used 2581K, capacity 2846K, committed 2944K, reserved 1048576K
}
Event: 150.526 GC heap after
{Heap after GC invocations=60 (full 5):
 def new generation   total 58496K, used 0K [0x00000000f0800000, 0x00000000f4770000, 0x00000000f5aa0000)
  eden space 52032K,   0% used [0x00000000f0800000, 0x00000000f0800000, 0x00000000f3ad0000)
  from space 6464K,   0% used [0x00000000f4120000, 0x00000000f41201c0, 0x00000000f4770000)
  to   space 6464K,   0% used [0x00000000f3ad0000, 0x00000000f3ad0000, 0x00000000f4120000)
 tenured generation   total 129784K, used 77868K [0x00000000f5aa0000, 0x00000000fd95e000, 0x0000000100000000)
   the space 129784K,  59% used [0x00000000f5aa0000, 0x00000000fa6ab160, 0x00000000fa6ab200, 0x00000000fd95e000)
 Metaspace       used 22922K, capacity 23466K, committed 23936K, reserved 1071104K
  class space    used 2581K, capacity 2846K, committed 2944K, reserved 1048576K
}
Event: 150.626 GC heap before
{Heap before GC invocations=60 (full 5):
 def new generation   total 58496K, used 52032K [0x00000000f0800000, 0x00000000f4770000, 0x00000000f5aa0000)
  eden space 52032K, 100% used [0x00000000f0800000, 0x00000000f3ad0000, 0x00000000f3ad0000)
  from space 6464K,   0% used [0x00000000f4120000, 0x00000000f41201c0, 0x00000000f4770000)
  to   space 6464K,   0% used [0x00000000f3ad0000, 0x00000000f3ad0000, 0x00000000f4120000)
 tenured generation   total 129784K, used 77868K [0x00000000f5aa0000, 0x00000000fd95e000, 0x0000000100000000)
   the space 129784K,  59% used [0x00000000f5aa0000, 0x00000000fa6ab160, 0x00000000fa6ab200, 0x00000000fd95e000)
 Metaspace       used 22922K, capacity 23466K, committed 23936K, reserved 1071104K
  class space    used 2581K, capacity 2846K, committed 2944K, reserved 1048576K
}
Event: 150.626 GC heap after
{Heap after GC invocations=61 (full 5):
 def new generation   total 58496K, used 0K [0x00000000f0800000, 0x00000000f4770000, 0x00000000f5aa0000)
  eden space 52032K,   0% used [0x00000000f0800000, 0x00000000f0800000, 0x00000000f3ad0000)
  from space 6464K,   0% used [0x00000000f3ad0000, 0x00000000f3ad0150, 0x00000000f4120000)
  to   space 6464K,   0% used [0x00000000f4120000, 0x00000000f4120000, 0x00000000f4770000)
 tenured generation   total 129784K, used 77868K [0x00000000f5aa0000, 0x00000000fd95e000, 0x0000000100000000)
   the space 129784K,  59% used [0x00000000f5aa0000, 0x00000000fa6ab160, 0x00000000fa6ab200, 0x00000000fd95e000)
 Metaspace       used 22922K, capacity 23466K, committed 23936K, reserved 1071104K
  class space    used 2581K, capacity 2846K, committed 2944K, reserved 1048576K
}
Event: 220.706 GC heap before
{Heap before GC invocations=61 (full 5):
 def new generation   total 58496K, used 52032K [0x00000000f0800000, 0x00000000f4770000, 0x00000000f5aa0000)
  eden space 52032K, 100% used [0x00000000f0800000, 0x00000000f3ad0000, 0x00000000f3ad0000)
  from space 6464K,   0% used [0x00000000f3ad0000, 0x00000000f3ad0150, 0x00000000f4120000)
  to   space 6464K,   0% used [0x00000000f4120000, 0x00000000f4120000, 0x00000000f4770000)
 tenured generation   total 129784K, used 77868K [0x00000000f5aa0000, 0x00000000fd95e000, 0x0000000100000000)
   the space 129784K,  59% used [0x00000000f5aa0000, 0x00000000fa6ab160, 0x00000000fa6ab200, 0x00000000fd95e000)
 Metaspace       used 22982K, capacity 23531K, committed 23936K, reserved 1071104K
  class space    used 2581K, capacity 2846K, committed 2944K, reserved 1048576K
}
Event: 220.735 GC heap after
{Heap after GC invocations=62 (full 5):
 def new generation   total 58496K, used 6463K [0x00000000f0800000, 0x00000000f4770000, 0x00000000f5aa0000)
  eden space 52032K,   0% used [0x00000000f0800000, 0x00000000f0800000, 0x00000000f3ad0000)
  from space 6464K,  99% used [0x00000000f4120000, 0x00000000f476fff8, 0x00000000f4770000)
  to   space 6464K,   0% used [0x00000000f3ad0000, 0x00000000f3ad0000, 0x00000000f4120000)
 tenured generation   total 129784K, used 94002K [0x00000000f5aa0000, 0x00000000fd95e000, 0x0000000100000000)
   the space 129784K,  72% used [0x00000000f5aa0000, 0x00000000fb66c978, 0x00000000fb66ca00, 0x00000000fd95e000)
 Metaspace       used 22982K, capacity 23531K, committed 23936K, reserved 1071104K
  class space    used 2581K, capacity 2846K, committed 2944K, reserved 1048576K
}
Event: 221.140 GC heap before
{Heap before GC invocations=62 (full 5):
 def new generation   total 58496K, used 58495K [0x00000000f0800000, 0x00000000f4770000, 0x00000000f5aa0000)
  eden space 52032K, 100% used [0x00000000f0800000, 0x00000000f3ad0000, 0x00000000f3ad0000)
  from space 6464K,  99% used [0x00000000f4120000, 0x00000000f476fff8, 0x00000000f4770000)
  to   space 6464K,   0% used [0x00000000f3ad0000, 0x00000000f3ad0000, 0x00000000f4120000)
 tenured generation   total 129784K, used 94002K [0x00000000f5aa0000, 0x00000000fd95e000, 0x0000000100000000)
   the space 129784K,  72% used [0x00000000f5aa0000, 0x00000000fb66c978, 0x00000000fb66ca00, 0x00000000fd95e000)
 Metaspace       used 22992K, capacity 23531K, committed 23936K, reserved 1071104K
  class space    used 2581K, capacity 2846K, committed 2944K, reserved 1048576K
}
Event: 221.246 GC heap after
{Heap after GC invocations=63 (full 5):
 def new generation   total 58496K, used 6464K [0x00000000f0800000, 0x00000000f4770000, 0x00000000f5aa0000)
  eden space 52032K,   0% used [0x00000000f0800000, 0x00000000f0800000, 0x00000000f3ad0000)
  from space 6464K, 100% used [0x00000000f3ad0000, 0x00000000f4120000, 0x00000000f4120000)
  to   space 6464K,   0% used [0x00000000f4120000, 0x00000000f4120000, 0x00000000f4770000)
 tenured generation   total 129784K, used 120772K [0x00000000f5aa0000, 0x00000000fd95e000, 0x0000000100000000)
   the space 129784K,  93% used [0x00000000f5aa0000, 0x00000000fd091030, 0x00000000fd091200, 0x00000000fd95e000)
 Metaspace       used 22992K, capacity 23531K, committed 23936K, reserved 1071104K
  class space    used 2581K, capacity 2846K, committed 2944K, reserved 1048576K
}
Event: 221.674 GC heap before
{Heap before GC invocations=63 (full 5):
 def new generation   total 58496K, used 58496K [0x00000000f0800000, 0x00000000f4770000, 0x00000000f5aa0000)
  eden space 52032K, 100% used [0x00000000f0800000, 0x00000000f3ad0000, 0x00000000f3ad0000)
  from space 6464K, 100% used [0x00000000f3ad0000, 0x00000000f4120000, 0x00000000f4120000)
  to   space 6464K,   0% used [0x00000000f4120000, 0x00000000f4120000, 0x00000000f4770000)
 tenured generation   total 129784K, used 120772K [0x00000000f5aa0000, 0x00000000fd95e000, 0x0000000100000000)
   the space 129784K,  93% used [0x00000000f5aa0000, 0x00000000fd091030, 0x00000000fd091200, 0x00000000fd95e000)
 Metaspace       used 22994K, capacity 23531K, committed 23936K, reserved 1071104K
  class space    used 2581K, capacity 2846K, committed 2944K, reserved 1048576K
}
Event: 222.061 GC heap after
{Heap after GC invocations=64 (full 5):
 def new generation   total 58496K, used 3641K [0x00000000f0800000, 0x00000000f4770000, 0x00000000f5aa0000)
  eden space 52032K,   0% used [0x00000000f0800000, 0x00000000f0800000, 0x00000000f3ad0000)
  from space 6464K,  56% used [0x00000000f4120000, 0x00000000f44ae568, 0x00000000f4770000)
  to   space 6464K,   0% used [0x00000000f3ad0000, 0x00000000f3ad0000, 0x00000000f4120000)
 tenured generation   total 129784K, used 127224K [0x00000000f5aa0000, 0x00000000fd95e000, 0x0000000100000000)
   the space 129784K,  98% used [0x00000000f5aa0000, 0x00000000fd6de1c8, 0x00000000fd6de200, 0x00000000fd95e000)
 Metaspace       used 22994K, capacity 23531K, committed 23936K, reserved 1071104K
  class space    used 2581K, capacity 2846K, committed 2944K, reserved 1048576K
}
Event: 222.667 GC heap before
{Heap before GC invocations=64 (full 5):
 def new generation   total 58496K, used 55673K [0x00000000f0800000, 0x00000000f4770000, 0x00000000f5aa0000)
  eden space 52032K, 100% used [0x00000000f0800000, 0x00000000f3ad0000, 0x00000000f3ad0000)
  from space 6464K,  56% used [0x00000000f4120000, 0x00000000f44ae568, 0x00000000f4770000)
  to   space 6464K,   0% used [0x00000000f3ad0000, 0x00000000f3ad0000, 0x00000000f4120000)
 tenured generation   total 129784K, used 127224K [0x00000000f5aa0000, 0x00000000fd95e000, 0x0000000100000000)
   the space 129784K,  98% used [0x00000000f5aa0000, 0x00000000fd6de1c8, 0x00000000fd6de200, 0x00000000fd95e000)
 Metaspace       used 22995K, capacity 23531K, committed 23936K, reserved 1071104K
  class space    used 2581K, capacity 2846K, committed 2944K, reserved 1048576K
}

