# JRE version: OpenJDK Runtime Environment (11.0.8+10) (build 11.0.8+10-post-Ubuntu-0ubuntu118.04.1)
# Java VM: OpenJDK 64-Bit Server VM (11.0.8+10-post-Ubuntu-0ubuntu118.04.1, mixed mode, sharing, tiered, compressed oops, serial gc, linux-amd64)
Heap:
 def new generation   total 58240K, used 0K [0x00000000f0800000, 0x00000000f4730000, 0x00000000f5aa0000)
  eden space 51776K,   0% used [0x00000000f0800000, 0x00000000f0800000, 0x00000000f3a90000)
  from space 6464K,   0% used [0x00000000f3a90000, 0x00000000f3a90000, 0x00000000f40e0000)
  to   space 6464K,   0% used [0x00000000f40e0000, 0x00000000f40e0000, 0x00000000f4730000)
 tenured generation   total 147132K, used 101464K [0x00000000f5aa0000, 0x00000000fea4f000, 0x0000000100000000)
   the space 147132K,  68% used [0x00000000f5aa0000, 0x00000000fbdb62b8, 0x00000000fbdb6400, 0x00000000fea4f000)
 Metaspace       used 23054K, capacity 23562K, committed 23808K, reserved 1071104K
  class space    used 2577K, capacity 2814K, committed 2816K, reserved 1048576K
GC Heap History (20 events):
Event: 63.262 GC heap after
{Heap after GC invocations=67 (full 5):
 def new generation   total 58240K, used 0K [0x00000000f0800000, 0x00000000f4730000, 0x00000000f5aa0000)
  eden space 51776K,   0% used [0x00000000f0800000, 0x00000000f0800000, 0x00000000f3a90000)
  from space 6464K,   0% used [0x00000000f3a90000, 0x00000000f3a90048, 0x00000000f40e0000)
  to   space 6464K,   0% used [0x00000000f40e0000, 0x00000000f40e0000, 0x00000000f4730000)
 tenured generation   total 129276K, used 110202K [0x00000000f5aa0000, 0x00000000fd8df000, 0x0000000100000000)
   the space 129276K,  85% used [0x00000000f5aa0000, 0x00000000fc63ebf0, 0x00000000fc63ec00, 0x00000000fd8df000)
 Metaspace       used 22994K, capacity 23498K, committed 23808K, reserved 1071104K
  class space    used 2577K, capacity 2814K, committed 2816K, reserved 1048576K
}
Event: 63.371 GC heap before
{Heap before GC invocations=67 (full 5):
 def new generation   total 58240K, used 51776K [0x00000000f0800000, 0x00000000f4730000, 0x00000000f5aa0000)
  eden space 51776K, 100% used [0x00000000f0800000, 0x00000000f3a90000, 0x00000000f3a90000)
  from space 6464K,   0% used [0x00000000f3a90000, 0x00000000f3a90048, 0x00000000f40e0000)
  to   space 6464K,   0% used [0x00000000f40e0000, 0x00000000f40e0000, 0x00000000f4730000)
 tenured generation   total 129276K, used 110202K [0x00000000f5aa0000, 0x00000000fd8df000, 0x0000000100000000)
   the space 129276K,  85% used [0x00000000f5aa0000, 0x00000000fc63ebf0, 0x00000000fc63ec00, 0x00000000fd8df000)
 Metaspace       used 22994K, capacity 23498K, committed 23808K, reserved 1071104K
  class space    used 2577K, capacity 2814K, committed 2816K, reserved 1048576K
}
Event: 63.371 GC heap after
{Heap after GC invocations=68 (full 5):
 def new generation   total 58240K, used 0K [0x00000000f0800000, 0x00000000f4730000, 0x00000000f5aa0000)
  eden space 51776K,   0% used [0x00000000f0800000, 0x00000000f0800000, 0x00000000f3a90000)
  from space 6464K,   0% used [0x00000000f40e0000, 0x00000000f40e0048, 0x00000000f4730000)
  to   space 6464K,   0% used [0x00000000f3a90000, 0x00000000f3a90000, 0x00000000f40e0000)
 tenured generation   total 129276K, used 110202K [0x00000000f5aa0000, 0x00000000fd8df000, 0x0000000100000000)
   the space 129276K,  85% used [0x00000000f5aa0000, 0x00000000fc63ebf0, 0x00000000fc63ec00, 0x00000000fd8df000)
 Metaspace       used 22994K, capacity 23498K, committed 23808K, reserved 1071104K
  class space    used 2577K, capacity 2814K, committed 2816K, reserved 1048576K
}
Event: 63.579 GC heap before
{Heap before GC invocations=68 (full 5):
 def new generation   total 58240K, used 51776K [0x00000000f0800000, 0x00000000f4730000, 0x00000000f5aa0000)
  eden space 51776K, 100% used [0x00000000f0800000, 0x00000000f3a90000, 0x00000000f3a90000)
  from space 6464K,   0% used [0x00000000f40e0000, 0x00000000f40e0048, 0x00000000f4730000)
  to   space 6464K,   0% used [0x00000000f3a90000, 0x00000000f3a90000, 0x00000000f40e0000)
 tenured generation   total 129276K, used 110202K [0x00000000f5aa0000, 0x00000000fd8df000, 0x0000000100000000)
   the space 129276K,  85% used [0x00000000f5aa0000, 0x00000000fc63ebf0, 0x00000000fc63ec00, 0x00000000fd8df000)
 Metaspace       used 23003K, capacity 23498K, committed 23808K, reserved 1071104K
  class space    used 2577K, capacity 2814K, committed 2816K, reserved 1048576K
}
Event: 63.584 GC heap after
{Heap after GC invocations=69 (full 5):
 def new generation   total 58240K, used 6463K [0x00000000f0800000, 0x00000000f4730000, 0x00000000f5aa0000)
  eden space 51776K,   0% used [0x00000000f0800000, 0x00000000f0800000, 0x00000000f3a90000)
  from space 6464K,  99% used [0x00000000f3a90000, 0x00000000f40dfff8, 0x00000000f40e0000)
  to   space 6464K,   0% used [0x00000000f40e0000, 0x00000000f40e0000, 0x00000000f4730000)
 tenured generation   total 129276K, used 113153K [0x00000000f5aa0000, 0x00000000fd8df000, 0x0000000100000000)
   the space 129276K,  87% used [0x00000000f5aa0000, 0x00000000fc920768, 0x00000000fc920800, 0x00000000fd8df000)
 Metaspace       used 23003K, capacity 23498K, committed 23808K, reserved 1071104K
  class space    used 2577K, capacity 2814K, committed 2816K, reserved 1048576K
}
Event: 63.696 GC heap before
{Heap before GC invocations=69 (full 5):
 def new generation   total 58240K, used 58239K [0x00000000f0800000, 0x00000000f4730000, 0x00000000f5aa0000)
  eden space 51776K, 100% used [0x00000000f0800000, 0x00000000f3a90000, 0x00000000f3a90000)
  from space 6464K,  99% used [0x00000000f3a90000, 0x00000000f40dfff8, 0x00000000f40e0000)
  to   space 6464K,   0% used [0x00000000f40e0000, 0x00000000f40e0000, 0x00000000f4730000)
 tenured generation   total 129276K, used 113153K [0x00000000f5aa0000, 0x00000000fd8df000, 0x0000000100000000)
   the space 129276K,  87% used [0x00000000f5aa0000, 0x00000000fc920768, 0x00000000fc920800, 0x00000000fd8df000)
 Metaspace       used 23003K, capacity 23498K, committed 23808K, reserved 1071104K
  class space    used 2577K, capacity 2814K, committed 2816K, reserved 1048576K
}
Event: 63.704 GC heap after
{Heap after GC invocations=70 (full 5):
 def new generation   total 58240K, used 1346K [0x00000000f0800000, 0x00000000f4730000, 0x00000000f5aa0000)
  eden space 51776K,   0% used [0x00000000f0800000, 0x00000000f0800000, 0x00000000f3a90000)
  from space 6464K,  20% used [0x00000000f40e0000, 0x00000000f42308c8, 0x00000000f4730000)
  to   space 6464K,   0% used [0x00000000f3a90000, 0x00000000f3a90000, 0x00000000f40e0000)
 tenured generation   total 129276K, used 119614K [0x00000000f5aa0000, 0x00000000fd8df000, 0x0000000100000000)
   the space 129276K,  92% used [0x00000000f5aa0000, 0x00000000fcf6f930, 0x00000000fcf6fa00, 0x00000000fd8df000)
 Metaspace       used 23003K, capacity 23498K, committed 23808K, reserved 1071104K
  class space    used 2577K, capacity 2814K, committed 2816K, reserved 1048576K
}
Event: 63.809 GC heap before
{Heap before GC invocations=70 (full 5):
 def new generation   total 58240K, used 53122K [0x00000000f0800000, 0x00000000f4730000, 0x00000000f5aa0000)
  eden space 51776K, 100% used [0x00000000f0800000, 0x00000000f3a90000, 0x00000000f3a90000)
  from space 6464K,  20% used [0x00000000f40e0000, 0x00000000f42308c8, 0x00000000f4730000)
  to   space 6464K,   0% used [0x00000000f3a90000, 0x00000000f3a90000, 0x00000000f40e0000)
 tenured generation   total 129276K, used 119614K [0x00000000f5aa0000, 0x00000000fd8df000, 0x0000000100000000)
   the space 129276K,  92% used [0x00000000f5aa0000, 0x00000000fcf6f930, 0x00000000fcf6fa00, 0x00000000fd8df000)
 Metaspace       used 23003K, capacity 23498K, committed 23808K, reserved 1071104K
  class space    used 2577K, capacity 2814K, committed 2816K, reserved 1048576K
}
Event: 63.810 GC heap after
{Heap after GC invocations=71 (full 5):
 def new generation   total 58240K, used 1346K [0x00000000f0800000, 0x00000000f4730000, 0x00000000f5aa0000)
  eden space 51776K,   0% used [0x00000000f0800000, 0x00000000f0800000, 0x00000000f3a90000)
  from space 6464K,  20% used [0x00000000f3a90000, 0x00000000f3be0960, 0x00000000f40e0000)
  to   space 6464K,   0% used [0x00000000f40e0000, 0x00000000f40e0000, 0x00000000f4730000)
 tenured generation   total 129276K, used 119614K [0x00000000f5aa0000, 0x00000000fd8df000, 0x0000000100000000)
   the space 129276K,  92% used [0x00000000f5aa0000, 0x00000000fcf6f930, 0x00000000fcf6fa00, 0x00000000fd8df000)
 Metaspace       used 23003K, capacity 23498K, committed 23808K, reserved 1071104K
  class space    used 2577K, capacity 2814K, committed 2816K, reserved 1048576K
}
Event: 63.963 GC heap before
{Heap before GC invocations=71 (full 5):
 def new generation   total 58240K, used 53122K [0x00000000f0800000, 0x00000000f4730000, 0x00000000f5aa0000)
  eden space 51776K, 100% used [0x00000000f0800000, 0x00000000f3a90000, 0x00000000f3a90000)
  from space 6464K,  20% used [0x00000000f3a90000, 0x00000000f3be0960, 0x00000000f40e0000)
  to   space 6464K,   0% used [0x00000000f40e0000, 0x00000000f40e0000, 0x00000000f4730000)
 tenured generation   total 129276K, used 119614K [0x00000000f5aa0000, 0x00000000fd8df000, 0x0000000100000000)
   the space 129276K,  92% used [0x00000000f5aa0000, 0x00000000fcf6f930, 0x00000000fcf6fa00, 0x00000000fd8df000)
 Metaspace       used 23003K, capacity 23498K, committed 23808K, reserved 1071104K
  class space    used 2577K, capacity 2814K, committed 2816K, reserved 1048576K
}
Event: 63.964 GC heap after
{Heap after GC invocations=72 (full 5):
 def new generation   total 58240K, used 1346K [0x00000000f0800000, 0x00000000f4730000, 0x00000000f5aa0000)
  eden space 51776K,   0% used [0x00000000f0800000, 0x00000000f0800000, 0x00000000f3a90000)
  from space 6464K,  20% used [0x00000000f40e0000, 0x00000000f4230998, 0x00000000f4730000)
  to   space 6464K,   0% used [0x00000000f3a90000, 0x00000000f3a90000, 0x00000000f40e0000)
 tenured generation   total 129276K, used 119614K [0x00000000f5aa0000, 0x00000000fd8df000, 0x0000000100000000)
   the space 129276K,  92% used [0x00000000f5aa0000, 0x00000000fcf6f930, 0x00000000fcf6fa00, 0x00000000fd8df000)
 Metaspace       used 23003K, capacity 23498K, committed 23808K, reserved 1071104K
  class space    used 2577K, capacity 2814K, committed 2816K, reserved 1048576K
}
Event: 64.063 GC heap before
{Heap before GC invocations=72 (full 5):
 def new generation   total 58240K, used 53122K [0x00000000f0800000, 0x00000000f4730000, 0x00000000f5aa0000)
  eden space 51776K, 100% used [0x00000000f0800000, 0x00000000f3a90000, 0x00000000f3a90000)
  from space 6464K,  20% used [0x00000000f40e0000, 0x00000000f4230998, 0x00000000f4730000)
  to   space 6464K,   0% used [0x00000000f3a90000, 0x00000000f3a90000, 0x00000000f40e0000)
 tenured generation   total 129276K, used 119614K [0x00000000f5aa0000, 0x00000000fd8df000, 0x0000000100000000)
   the space 129276K,  92% used [0x00000000f5aa0000, 0x00000000fcf6f930, 0x00000000fcf6fa00, 0x00000000fd8df000)
 Metaspace       used 23003K, capacity 23498K, committed 23808K, reserved 1071104K
  class space    used 2577K, capacity 2814K, committed 2816K, reserved 1048576K
}
Event: 64.064 GC heap after
{Heap after GC invocations=73 (full 5):
 def new generation   total 58240K, used 1346K [0x00000000f0800000, 0x00000000f4730000, 0x00000000f5aa0000)
  eden space 51776K,   0% used [0x00000000f0800000, 0x00000000f0800000, 0x00000000f3a90000)
  from space 6464K,  20% used [0x00000000f3a90000, 0x00000000f3be0948, 0x00000000f40e0000)
  to   space 6464K,   0% used [0x00000000f40e0000, 0x00000000f40e0000, 0x00000000f4730000)
 tenured generation   total 129276K, used 119614K [0x00000000f5aa0000, 0x00000000fd8df000, 0x0000000100000000)
   the space 129276K,  92% used [0x00000000f5aa0000, 0x00000000fcf6f930, 0x00000000fcf6fa00, 0x00000000fd8df000)
 Metaspace       used 23003K, capacity 23498K, committed 23808K, reserved 1071104K
  class space    used 2577K, capacity 2814K, committed 2816K, reserved 1048576K
}
Event: 64.158 GC heap before
{Heap before GC invocations=73 (full 5):
 def new generation   total 58240K, used 53122K [0x00000000f0800000, 0x00000000f4730000, 0x00000000f5aa0000)
  eden space 51776K, 100% used [0x00000000f0800000, 0x00000000f3a90000, 0x00000000f3a90000)
  from space 6464K,  20% used [0x00000000f3a90000, 0x00000000f3be0948, 0x00000000f40e0000)
  to   space 6464K,   0% used [0x00000000f40e0000, 0x00000000f40e0000, 0x00000000f4730000)
 tenured generation   total 129276K, used 119614K [0x00000000f5aa0000, 0x00000000fd8df000, 0x0000000100000000)
   the space 129276K,  92% used [0x00000000f5aa0000, 0x00000000fcf6f930, 0x00000000fcf6fa00, 0x00000000fd8df000)
 Metaspace       used 23003K, capacity 23498K, committed 23808K, reserved 1071104K
  class space    used 2577K, capacity 2814K, committed 2816K, reserved 1048576K
}
Event: 64.159 GC heap after
{Heap after GC invocations=74 (full 5):
 def new generation   total 58240K, used 1346K [0x00000000f0800000, 0x00000000f4730000, 0x00000000f5aa0000)
  eden space 51776K,   0% used [0x00000000f0800000, 0x00000000f0800000, 0x00000000f3a90000)
  from space 6464K,  20% used [0x00000000f40e0000, 0x00000000f42308b8, 0x00000000f4730000)
  to   space 6464K,   0% used [0x00000000f3a90000, 0x00000000f3a90000, 0x00000000f40e0000)
 tenured generation   total 129276K, used 119614K [0x00000000f5aa0000, 0x00000000fd8df000, 0x0000000100000000)
   the space 129276K,  92% used [0x00000000f5aa0000, 0x00000000fcf6f930, 0x00000000fcf6fa00, 0x00000000fd8df000)
 Metaspace       used 23003K, capacity 23498K, committed 23808K, reserved 1071104K
  class space    used 2577K, capacity 2814K, committed 2816K, reserved 1048576K
}
Event: 64.262 GC heap before
{Heap before GC invocations=74 (full 5):
 def new generation   total 58240K, used 53122K [0x00000000f0800000, 0x00000000f4730000, 0x00000000f5aa0000)
  eden space 51776K, 100% used [0x00000000f0800000, 0x00000000f3a90000, 0x00000000f3a90000)
  from space 6464K,  20% used [0x00000000f40e0000, 0x00000000f42308b8, 0x00000000f4730000)
  to   space 6464K,   0% used [0x00000000f3a90000, 0x00000000f3a90000, 0x00000000f40e0000)
 tenured generation   total 129276K, used 119614K [0x00000000f5aa0000, 0x00000000fd8df000, 0x0000000100000000)
   the space 129276K,  92% used [0x00000000f5aa0000, 0x00000000fcf6f930, 0x00000000fcf6fa00, 0x00000000fd8df000)
 Metaspace       used 23003K, capacity 23498K, committed 23808K, reserved 1071104K
  class space    used 2577K, capacity 2814K, committed 2816K, reserved 1048576K
}
Event: 64.263 GC heap after
{Heap after GC invocations=75 (full 5):
 def new generation   total 58240K, used 1346K [0x00000000f0800000, 0x00000000f4730000, 0x00000000f5aa0000)
  eden space 51776K,   0% used [0x00000000f0800000, 0x00000000f0800000, 0x00000000f3a90000)
  from space 6464K,  20% used [0x00000000f3a90000, 0x00000000f3be0998, 0x00000000f40e0000)
  to   space 6464K,   0% used [0x00000000f40e0000, 0x00000000f40e0000, 0x00000000f4730000)
 tenured generation   total 129276K, used 119614K [0x00000000f5aa0000, 0x00000000fd8df000, 0x0000000100000000)
   the space 129276K,  92% used [0x00000000f5aa0000, 0x00000000fcf6f930, 0x00000000fcf6fa00, 0x00000000fd8df000)
 Metaspace       used 23003K, capacity 23498K, committed 23808K, reserved 1071104K
  class space    used 2577K, capacity 2814K, committed 2816K, reserved 1048576K
}
Event: 66.663 GC heap before
{Heap before GC invocations=75 (full 5):
 def new generation   total 58240K, used 45112K [0x00000000f0800000, 0x00000000f4730000, 0x00000000f5aa0000)
  eden space 51776K,  84% used [0x00000000f0800000, 0x00000000f32bd7b0, 0x00000000f3a90000)
  from space 6464K,  20% used [0x00000000f3a90000, 0x00000000f3be0998, 0x00000000f40e0000)
  to   space 6464K,   0% used [0x00000000f40e0000, 0x00000000f40e0000, 0x00000000f4730000)
 tenured generation   total 129276K, used 119614K [0x00000000f5aa0000, 0x00000000fd8df000, 0x0000000100000000)
   the space 129276K,  92% used [0x00000000f5aa0000, 0x00000000fcf6f930, 0x00000000fcf6fa00, 0x00000000fd8df000)
 Metaspace       used 23017K, capacity 23562K, committed 23808K, reserved 1071104K
  class space    used 2577K, capacity 2814K, committed 2816K, reserved 1048576K
}
Event: 66.666 GC heap after
{Heap after GC invocations=76 (full 5):
 def new generation   total 58240K, used 5785K [0x00000000f0800000, 0x00000000f4730000, 0x00000000f5aa0000)
  eden space 51776K,   0% used [0x00000000f0800000, 0x00000000f0800000, 0x00000000f3a90000)
  from space 6464K,  89% used [0x00000000f40e0000, 0x00000000f4686790, 0x00000000f4730000)
  to   space 6464K,   0% used [0x00000000f3a90000, 0x00000000f3a90000, 0x00000000f40e0000)
 tenured generation   total 129276K, used 119614K [0x00000000f5aa0000, 0x00000000fd8df000, 0x0000000100000000)
   the space 129276K,  92% used [0x00000000f5aa0000, 0x00000000fcf6f930, 0x00000000fcf6fa00, 0x00000000fd8df000)
 Metaspace       used 23017K, capacity 23562K, committed 23808K, reserved 1071104K
  class space    used 2577K, capacity 2814K, committed 2816K, reserved 1048576K
}
Event: 67.042 GC heap before
{Heap before GC invocations=76 (full 5):
 def new generation   total 58240K, used 57561K [0x00000000f0800000, 0x00000000f4730000, 0x00000000f5aa0000)
  eden space 51776K, 100% used [0x00000000f0800000, 0x00000000f3a90000, 0x00000000f3a90000)
  from space 6464K,  89% used [0x00000000f40e0000, 0x00000000f4686790, 0x00000000f4730000)
  to   space 6464K,   0% used [0x00000000f3a90000, 0x00000000f3a90000, 0x00000000f40e0000)
 tenured generation   total 129276K, used 119614K [0x00000000f5aa0000, 0x00000000fd8df000, 0x0000000100000000)
   the space 129276K,  92% used [0x00000000f5aa0000, 0x00000000fcf6f930, 0x00000000fcf6fa00, 0x00000000fd8df000)
 Metaspace       used 23054K, capacity 23562K, committed 23808K, reserved 1071104K
  class space    used 2577K, capacity 2814K, committed 2816K, reserved 1048576K
}

