# JRE version: OpenJDK Runtime Environment (11.0.9+11) (build 11.0.9+11-Ubuntu-0ubuntu1.18.04.1)
# Java VM: OpenJDK 64-Bit Server VM (11.0.9+11-Ubuntu-0ubuntu1.18.04.1, mixed mode, sharing, tiered, compressed oops, serial gc, linux-amd64)
Heap:
 def new generation   total 61568K, used 19888K [0x00000000f0800000, 0x00000000f4ac0000, 0x00000000f5aa0000)
  eden space 54784K,  36% used [0x00000000f0800000, 0x00000000f1b6c158, 0x00000000f3d80000)
  from space 6784K,   0% used [0x00000000f4420000, 0x00000000f4420000, 0x00000000f4ac0000)
  to   space 6784K,   0% used [0x00000000f3d80000, 0x00000000f3d80000, 0x00000000f4420000)
 tenured generation   total 159152K, used 159150K [0x00000000f5aa0000, 0x00000000ff60c000, 0x0000000100000000)
   the space 159152K,  99% used [0x00000000f5aa0000, 0x00000000ff60baa0, 0x00000000ff60bc00, 0x00000000ff60c000)
 Metaspace       used 22252K, capacity 22780K, committed 23040K, reserved 1069056K
  class space    used 2495K, capacity 2745K, committed 2816K, reserved 1048576K
GC Heap History (20 events):
Event: 22.499 GC heap after
{Heap after GC invocations=32 (full 5):
 def new generation   total 61568K, used 3K [0x00000000f0800000, 0x00000000f4ac0000, 0x00000000f5aa0000)
  eden space 54784K,   0% used [0x00000000f0800000, 0x00000000f0800000, 0x00000000f3d80000)
  from space 6784K,   0% used [0x00000000f3d80000, 0x00000000f3d80c50, 0x00000000f4420000)
  to   space 6784K,   0% used [0x00000000f4420000, 0x00000000f4420000, 0x00000000f4ac0000)
 tenured generation   total 136568K, used 114386K [0x00000000f5aa0000, 0x00000000fdffe000, 0x0000000100000000)
   the space 136568K,  83% used [0x00000000f5aa0000, 0x00000000fca54ad0, 0x00000000fca54c00, 0x00000000fdffe000)
 Metaspace       used 22163K, capacity 22716K, committed 23040K, reserved 1069056K
  class space    used 2495K, capacity 2745K, committed 2816K, reserved 1048576K
}
Event: 22.615 GC heap before
{Heap before GC invocations=32 (full 5):
 def new generation   total 61568K, used 54787K [0x00000000f0800000, 0x00000000f4ac0000, 0x00000000f5aa0000)
  eden space 54784K, 100% used [0x00000000f0800000, 0x00000000f3d80000, 0x00000000f3d80000)
  from space 6784K,   0% used [0x00000000f3d80000, 0x00000000f3d80c50, 0x00000000f4420000)
  to   space 6784K,   0% used [0x00000000f4420000, 0x00000000f4420000, 0x00000000f4ac0000)
 tenured generation   total 136568K, used 114386K [0x00000000f5aa0000, 0x00000000fdffe000, 0x0000000100000000)
   the space 136568K,  83% used [0x00000000f5aa0000, 0x00000000fca54ad0, 0x00000000fca54c00, 0x00000000fdffe000)
 Metaspace       used 22163K, capacity 22716K, committed 23040K, reserved 1069056K
  class space    used 2495K, capacity 2745K, committed 2816K, reserved 1048576K
}
Event: 22.615 GC heap after
{Heap after GC invocations=33 (full 5):
 def new generation   total 61568K, used 3K [0x00000000f0800000, 0x00000000f4ac0000, 0x00000000f5aa0000)
  eden space 54784K,   0% used [0x00000000f0800000, 0x00000000f0800000, 0x00000000f3d80000)
  from space 6784K,   0% used [0x00000000f4420000, 0x00000000f4420c60, 0x00000000f4ac0000)
  to   space 6784K,   0% used [0x00000000f3d80000, 0x00000000f3d80000, 0x00000000f4420000)
 tenured generation   total 136568K, used 114386K [0x00000000f5aa0000, 0x00000000fdffe000, 0x0000000100000000)
   the space 136568K,  83% used [0x00000000f5aa0000, 0x00000000fca54ad0, 0x00000000fca54c00, 0x00000000fdffe000)
 Metaspace       used 22163K, capacity 22716K, committed 23040K, reserved 1069056K
  class space    used 2495K, capacity 2745K, committed 2816K, reserved 1048576K
}
Event: 22.779 GC heap before
{Heap before GC invocations=33 (full 5):
 def new generation   total 61568K, used 54787K [0x00000000f0800000, 0x00000000f4ac0000, 0x00000000f5aa0000)
  eden space 54784K, 100% used [0x00000000f0800000, 0x00000000f3d80000, 0x00000000f3d80000)
  from space 6784K,   0% used [0x00000000f4420000, 0x00000000f4420c60, 0x00000000f4ac0000)
  to   space 6784K,   0% used [0x00000000f3d80000, 0x00000000f3d80000, 0x00000000f4420000)
 tenured generation   total 136568K, used 114386K [0x00000000f5aa0000, 0x00000000fdffe000, 0x0000000100000000)
   the space 136568K,  83% used [0x00000000f5aa0000, 0x00000000fca54ad0, 0x00000000fca54c00, 0x00000000fdffe000)
 Metaspace       used 22163K, capacity 22716K, committed 23040K, reserved 1069056K
  class space    used 2495K, capacity 2745K, committed 2816K, reserved 1048576K
}
Event: 22.780 GC heap after
{Heap after GC invocations=34 (full 5):
 def new generation   total 61568K, used 2K [0x00000000f0800000, 0x00000000f4ac0000, 0x00000000f5aa0000)
  eden space 54784K,   0% used [0x00000000f0800000, 0x00000000f0800000, 0x00000000f3d80000)
  from space 6784K,   0% used [0x00000000f3d80000, 0x00000000f3d80b18, 0x00000000f4420000)
  to   space 6784K,   0% used [0x00000000f4420000, 0x00000000f4420000, 0x00000000f4ac0000)
 tenured generation   total 136568K, used 114386K [0x00000000f5aa0000, 0x00000000fdffe000, 0x0000000100000000)
   the space 136568K,  83% used [0x00000000f5aa0000, 0x00000000fca54ad0, 0x00000000fca54c00, 0x00000000fdffe000)
 Metaspace       used 22163K, capacity 22716K, committed 23040K, reserved 1069056K
  class space    used 2495K, capacity 2745K, committed 2816K, reserved 1048576K
}
Event: 22.896 GC heap before
{Heap before GC invocations=34 (full 5):
 def new generation   total 61568K, used 54786K [0x00000000f0800000, 0x00000000f4ac0000, 0x00000000f5aa0000)
  eden space 54784K, 100% used [0x00000000f0800000, 0x00000000f3d80000, 0x00000000f3d80000)
  from space 6784K,   0% used [0x00000000f3d80000, 0x00000000f3d80b18, 0x00000000f4420000)
  to   space 6784K,   0% used [0x00000000f4420000, 0x00000000f4420000, 0x00000000f4ac0000)
 tenured generation   total 136568K, used 114386K [0x00000000f5aa0000, 0x00000000fdffe000, 0x0000000100000000)
   the space 136568K,  83% used [0x00000000f5aa0000, 0x00000000fca54ad0, 0x00000000fca54c00, 0x00000000fdffe000)
 Metaspace       used 22163K, capacity 22716K, committed 23040K, reserved 1069056K
  class space    used 2495K, capacity 2745K, committed 2816K, reserved 1048576K
}
Event: 22.897 GC heap after
{Heap after GC invocations=35 (full 5):
 def new generation   total 61568K, used 2K [0x00000000f0800000, 0x00000000f4ac0000, 0x00000000f5aa0000)
  eden space 54784K,   0% used [0x00000000f0800000, 0x00000000f0800000, 0x00000000f3d80000)
  from space 6784K,   0% used [0x00000000f4420000, 0x00000000f4420ba0, 0x00000000f4ac0000)
  to   space 6784K,   0% used [0x00000000f3d80000, 0x00000000f3d80000, 0x00000000f4420000)
 tenured generation   total 136568K, used 114386K [0x00000000f5aa0000, 0x00000000fdffe000, 0x0000000100000000)
   the space 136568K,  83% used [0x00000000f5aa0000, 0x00000000fca54ad0, 0x00000000fca54c00, 0x00000000fdffe000)
 Metaspace       used 22163K, capacity 22716K, committed 23040K, reserved 1069056K
  class space    used 2495K, capacity 2745K, committed 2816K, reserved 1048576K
}
Event: 23.014 GC heap before
{Heap before GC invocations=35 (full 5):
 def new generation   total 61568K, used 54786K [0x00000000f0800000, 0x00000000f4ac0000, 0x00000000f5aa0000)
  eden space 54784K, 100% used [0x00000000f0800000, 0x00000000f3d80000, 0x00000000f3d80000)
  from space 6784K,   0% used [0x00000000f4420000, 0x00000000f4420ba0, 0x00000000f4ac0000)
  to   space 6784K,   0% used [0x00000000f3d80000, 0x00000000f3d80000, 0x00000000f4420000)
 tenured generation   total 136568K, used 114386K [0x00000000f5aa0000, 0x00000000fdffe000, 0x0000000100000000)
   the space 136568K,  83% used [0x00000000f5aa0000, 0x00000000fca54ad0, 0x00000000fca54c00, 0x00000000fdffe000)
 Metaspace       used 22163K, capacity 22716K, committed 23040K, reserved 1069056K
  class space    used 2495K, capacity 2745K, committed 2816K, reserved 1048576K
}
Event: 23.015 GC heap after
{Heap after GC invocations=36 (full 5):
 def new generation   total 61568K, used 3K [0x00000000f0800000, 0x00000000f4ac0000, 0x00000000f5aa0000)
  eden space 54784K,   0% used [0x00000000f0800000, 0x00000000f0800000, 0x00000000f3d80000)
  from space 6784K,   0% used [0x00000000f3d80000, 0x00000000f3d80d10, 0x00000000f4420000)
  to   space 6784K,   0% used [0x00000000f4420000, 0x00000000f4420000, 0x00000000f4ac0000)
 tenured generation   total 136568K, used 114386K [0x00000000f5aa0000, 0x00000000fdffe000, 0x0000000100000000)
   the space 136568K,  83% used [0x00000000f5aa0000, 0x00000000fca54ad0, 0x00000000fca54c00, 0x00000000fdffe000)
 Metaspace       used 22163K, capacity 22716K, committed 23040K, reserved 1069056K
  class space    used 2495K, capacity 2745K, committed 2816K, reserved 1048576K
}
Event: 23.130 GC heap before
{Heap before GC invocations=36 (full 5):
 def new generation   total 61568K, used 54787K [0x00000000f0800000, 0x00000000f4ac0000, 0x00000000f5aa0000)
  eden space 54784K, 100% used [0x00000000f0800000, 0x00000000f3d80000, 0x00000000f3d80000)
  from space 6784K,   0% used [0x00000000f3d80000, 0x00000000f3d80d10, 0x00000000f4420000)
  to   space 6784K,   0% used [0x00000000f4420000, 0x00000000f4420000, 0x00000000f4ac0000)
 tenured generation   total 136568K, used 114386K [0x00000000f5aa0000, 0x00000000fdffe000, 0x0000000100000000)
   the space 136568K,  83% used [0x00000000f5aa0000, 0x00000000fca54ad0, 0x00000000fca54c00, 0x00000000fdffe000)
 Metaspace       used 22163K, capacity 22716K, committed 23040K, reserved 1069056K
  class space    used 2495K, capacity 2745K, committed 2816K, reserved 1048576K
}
Event: 23.131 GC heap after
{Heap after GC invocations=37 (full 5):
 def new generation   total 61568K, used 1K [0x00000000f0800000, 0x00000000f4ac0000, 0x00000000f5aa0000)
  eden space 54784K,   0% used [0x00000000f0800000, 0x00000000f0800000, 0x00000000f3d80000)
  from space 6784K,   0% used [0x00000000f4420000, 0x00000000f4420658, 0x00000000f4ac0000)
  to   space 6784K,   0% used [0x00000000f3d80000, 0x00000000f3d80000, 0x00000000f4420000)
 tenured generation   total 136568K, used 114388K [0x00000000f5aa0000, 0x00000000fdffe000, 0x0000000100000000)
   the space 136568K,  83% used [0x00000000f5aa0000, 0x00000000fca55078, 0x00000000fca55200, 0x00000000fdffe000)
 Metaspace       used 22163K, capacity 22716K, committed 23040K, reserved 1069056K
  class space    used 2495K, capacity 2745K, committed 2816K, reserved 1048576K
}
Event: 23.264 GC heap before
{Heap before GC invocations=37 (full 5):
 def new generation   total 61568K, used 54785K [0x00000000f0800000, 0x00000000f4ac0000, 0x00000000f5aa0000)
  eden space 54784K, 100% used [0x00000000f0800000, 0x00000000f3d80000, 0x00000000f3d80000)
  from space 6784K,   0% used [0x00000000f4420000, 0x00000000f4420658, 0x00000000f4ac0000)
  to   space 6784K,   0% used [0x00000000f3d80000, 0x00000000f3d80000, 0x00000000f4420000)
 tenured generation   total 136568K, used 114388K [0x00000000f5aa0000, 0x00000000fdffe000, 0x0000000100000000)
   the space 136568K,  83% used [0x00000000f5aa0000, 0x00000000fca55078, 0x00000000fca55200, 0x00000000fdffe000)
 Metaspace       used 22163K, capacity 22716K, committed 23040K, reserved 1069056K
  class space    used 2495K, capacity 2745K, committed 2816K, reserved 1048576K
}
Event: 23.265 GC heap after
{Heap after GC invocations=38 (full 5):
 def new generation   total 61568K, used 1K [0x00000000f0800000, 0x00000000f4ac0000, 0x00000000f5aa0000)
  eden space 54784K,   0% used [0x00000000f0800000, 0x00000000f0800000, 0x00000000f3d80000)
  from space 6784K,   0% used [0x00000000f3d80000, 0x00000000f3d80510, 0x00000000f4420000)
  to   space 6784K,   0% used [0x00000000f4420000, 0x00000000f4420000, 0x00000000f4ac0000)
 tenured generation   total 136568K, used 114388K [0x00000000f5aa0000, 0x00000000fdffe000, 0x0000000100000000)
   the space 136568K,  83% used [0x00000000f5aa0000, 0x00000000fca551e0, 0x00000000fca55200, 0x00000000fdffe000)
 Metaspace       used 22163K, capacity 22716K, committed 23040K, reserved 1069056K
  class space    used 2495K, capacity 2745K, committed 2816K, reserved 1048576K
}
Event: 23.540 GC heap before
{Heap before GC invocations=38 (full 5):
 def new generation   total 61568K, used 54785K [0x00000000f0800000, 0x00000000f4ac0000, 0x00000000f5aa0000)
  eden space 54784K, 100% used [0x00000000f0800000, 0x00000000f3d80000, 0x00000000f3d80000)
  from space 6784K,   0% used [0x00000000f3d80000, 0x00000000f3d80510, 0x00000000f4420000)
  to   space 6784K,   0% used [0x00000000f4420000, 0x00000000f4420000, 0x00000000f4ac0000)
 tenured generation   total 136568K, used 114388K [0x00000000f5aa0000, 0x00000000fdffe000, 0x0000000100000000)
   the space 136568K,  83% used [0x00000000f5aa0000, 0x00000000fca551e0, 0x00000000fca55200, 0x00000000fdffe000)
 Metaspace       used 22165K, capacity 22716K, committed 23040K, reserved 1069056K
  class space    used 2495K, capacity 2745K, committed 2816K, reserved 1048576K
}
Event: 23.541 GC heap after
{Heap after GC invocations=39 (full 5):
 def new generation   total 61568K, used 1070K [0x00000000f0800000, 0x00000000f4ac0000, 0x00000000f5aa0000)
  eden space 54784K,   0% used [0x00000000f0800000, 0x00000000f0800000, 0x00000000f3d80000)
  from space 6784K,  15% used [0x00000000f4420000, 0x00000000f452bb10, 0x00000000f4ac0000)
  to   space 6784K,   0% used [0x00000000f3d80000, 0x00000000f3d80000, 0x00000000f4420000)
 tenured generation   total 136568K, used 114388K [0x00000000f5aa0000, 0x00000000fdffe000, 0x0000000100000000)
   the space 136568K,  83% used [0x00000000f5aa0000, 0x00000000fca55240, 0x00000000fca55400, 0x00000000fdffe000)
 Metaspace       used 22165K, capacity 22716K, committed 23040K, reserved 1069056K
  class space    used 2495K, capacity 2745K, committed 2816K, reserved 1048576K
}
Event: 23.734 GC heap before
{Heap before GC invocations=39 (full 5):
 def new generation   total 61568K, used 55854K [0x00000000f0800000, 0x00000000f4ac0000, 0x00000000f5aa0000)
  eden space 54784K, 100% used [0x00000000f0800000, 0x00000000f3d80000, 0x00000000f3d80000)
  from space 6784K,  15% used [0x00000000f4420000, 0x00000000f452bb10, 0x00000000f4ac0000)
  to   space 6784K,   0% used [0x00000000f3d80000, 0x00000000f3d80000, 0x00000000f4420000)
 tenured generation   total 136568K, used 114388K [0x00000000f5aa0000, 0x00000000fdffe000, 0x0000000100000000)
   the space 136568K,  83% used [0x00000000f5aa0000, 0x00000000fca55240, 0x00000000fca55400, 0x00000000fdffe000)
 Metaspace       used 22186K, capacity 22716K, committed 23040K, reserved 1069056K
  class space    used 2495K, capacity 2745K, committed 2816K, reserved 1048576K
}
Event: 23.749 GC heap after
{Heap after GC invocations=40 (full 5):
 def new generation   total 61568K, used 6514K [0x00000000f0800000, 0x00000000f4ac0000, 0x00000000f5aa0000)
  eden space 54784K,   0% used [0x00000000f0800000, 0x00000000f0800000, 0x00000000f3d80000)
  from space 6784K,  96% used [0x00000000f3d80000, 0x00000000f43dc858, 0x00000000f4420000)
  to   space 6784K,   0% used [0x00000000f4420000, 0x00000000f4420000, 0x00000000f4ac0000)
 tenured generation   total 136568K, used 122580K [0x00000000f5aa0000, 0x00000000fdffe000, 0x0000000100000000)
   the space 136568K,  89% used [0x00000000f5aa0000, 0x00000000fd2552f8, 0x00000000fd255400, 0x00000000fdffe000)
 Metaspace       used 22186K, capacity 22716K, committed 23040K, reserved 1069056K
  class space    used 2495K, capacity 2745K, committed 2816K, reserved 1048576K
}
Event: 24.265 GC heap before
{Heap before GC invocations=40 (full 5):
 def new generation   total 61568K, used 61302K [0x00000000f0800000, 0x00000000f4ac0000, 0x00000000f5aa0000)
  eden space 54784K, 100% used [0x00000000f0800000, 0x00000000f3d80000, 0x00000000f3d80000)
  from space 6784K,  96% used [0x00000000f3d80000, 0x00000000f43dd868, 0x00000000f4420000)
  to   space 6784K,   0% used [0x00000000f4420000, 0x00000000f4420000, 0x00000000f4ac0000)
 tenured generation   total 136568K, used 122580K [0x00000000f5aa0000, 0x00000000fdffe000, 0x0000000100000000)
   the space 136568K,  89% used [0x00000000f5aa0000, 0x00000000fd2552f8, 0x00000000fd255400, 0x00000000fdffe000)
 Metaspace       used 22252K, capacity 22780K, committed 23040K, reserved 1069056K
  class space    used 2495K, capacity 2745K, committed 2816K, reserved 1048576K
}
Event: 24.555 GC heap after
{Heap after GC invocations=41 (full 5):
 def new generation   total 61568K, used 6784K [0x00000000f0800000, 0x00000000f4ac0000, 0x00000000f5aa0000)
  eden space 54784K,   0% used [0x00000000f0800000, 0x00000000f0800000, 0x00000000f3d80000)
  from space 6784K, 100% used [0x00000000f4420000, 0x00000000f4ac0000, 0x00000000f4ac0000)
  to   space 6784K,   0% used [0x00000000f3d80000, 0x00000000f3d80000, 0x00000000f4420000)
 tenured generation   total 159152K, used 159090K [0x00000000f5aa0000, 0x00000000ff60c000, 0x0000000100000000)
   the space 159152K,  99% used [0x00000000f5aa0000, 0x00000000ff5fc9b0, 0x00000000ff5fca00, 0x00000000ff60c000)
 Metaspace       used 22252K, capacity 22780K, committed 23040K, reserved 1069056K
  class space    used 2495K, capacity 2745K, committed 2816K, reserved 1048576K
}
Event: 26.654 GC heap before
{Heap before GC invocations=41 (full 5):
 def new generation   total 61568K, used 61568K [0x00000000f0800000, 0x00000000f4ac0000, 0x00000000f5aa0000)
  eden space 54784K, 100% used [0x00000000f0800000, 0x00000000f3d80000, 0x00000000f3d80000)
  from space 6784K, 100% used [0x00000000f4420000, 0x00000000f4ac0000, 0x00000000f4ac0000)
  to   space 6784K,   0% used [0x00000000f3d80000, 0x00000000f3d80000, 0x00000000f4420000)
 tenured generation   total 159152K, used 159090K [0x00000000f5aa0000, 0x00000000ff60c000, 0x0000000100000000)
   the space 159152K,  99% used [0x00000000f5aa0000, 0x00000000ff5fc9b0, 0x00000000ff5fca00, 0x00000000ff60c000)
 Metaspace       used 22252K, capacity 22780K, committed 23040K, reserved 1069056K
  class space    used 2495K, capacity 2745K, committed 2816K, reserved 1048576K
}

