# JRE version: OpenJDK Runtime Environment (11.0.9+11) (build 11.0.9+11-Ubuntu-0ubuntu1.18.04.1)
# Java VM: OpenJDK 64-Bit Server VM (11.0.9+11-Ubuntu-0ubuntu1.18.04.1, mixed mode, sharing, tiered, compressed oops, serial gc, linux-amd64)
Heap:
 def new generation   total 40064K, used 4398K [0x00000000f0800000, 0x00000000f3370000, 0x00000000f5aa0000)
  eden space 35648K,  12% used [0x00000000f0800000, 0x00000000f0c4b8f8, 0x00000000f2ad0000)
  from space 4416K,   0% used [0x00000000f2f20000, 0x00000000f2f20000, 0x00000000f3370000)
  to   space 4416K,   0% used [0x00000000f2ad0000, 0x00000000f2ad0000, 0x00000000f2f20000)
 tenured generation   total 91732K, used 91730K [0x00000000f5aa0000, 0x00000000fb435000, 0x0000000100000000)
   the space 91732K,  99% used [0x00000000f5aa0000, 0x00000000fb434b20, 0x00000000fb434c00, 0x00000000fb435000)
 Metaspace       used 22428K, capacity 23004K, committed 23296K, reserved 1069056K
  class space    used 2523K, capacity 2777K, committed 2816K, reserved 1048576K
GC Heap History (20 events):
Event: 19.833 GC heap after
{Heap after GC invocations=27 (full 4):
 def new generation   total 40064K, used 4416K [0x00000000f0800000, 0x00000000f3370000, 0x00000000f5aa0000)
  eden space 35648K,   0% used [0x00000000f0800000, 0x00000000f0800000, 0x00000000f2ad0000)
  from space 4416K, 100% used [0x00000000f2f20000, 0x00000000f3370000, 0x00000000f3370000)
  to   space 4416K,   0% used [0x00000000f2ad0000, 0x00000000f2ad0000, 0x00000000f2f20000)
 tenured generation   total 88852K, used 69217K [0x00000000f5aa0000, 0x00000000fb165000, 0x0000000100000000)
   the space 88852K,  77% used [0x00000000f5aa0000, 0x00000000f9e386b8, 0x00000000f9e38800, 0x00000000fb165000)
 Metaspace       used 22361K, capacity 22876K, committed 23040K, reserved 1069056K
  class space    used 2523K, capacity 2777K, committed 2816K, reserved 1048576K
}
Event: 20.095 GC heap before
{Heap before GC invocations=27 (full 4):
 def new generation   total 40064K, used 40064K [0x00000000f0800000, 0x00000000f3370000, 0x00000000f5aa0000)
  eden space 35648K, 100% used [0x00000000f0800000, 0x00000000f2ad0000, 0x00000000f2ad0000)
  from space 4416K, 100% used [0x00000000f2f20000, 0x00000000f3370000, 0x00000000f3370000)
  to   space 4416K,   0% used [0x00000000f2ad0000, 0x00000000f2ad0000, 0x00000000f2f20000)
 tenured generation   total 88852K, used 69217K [0x00000000f5aa0000, 0x00000000fb165000, 0x0000000100000000)
   the space 88852K,  77% used [0x00000000f5aa0000, 0x00000000f9e386b8, 0x00000000f9e38800, 0x00000000fb165000)
 Metaspace       used 22418K, capacity 22940K, committed 23296K, reserved 1069056K
  class space    used 2523K, capacity 2777K, committed 2816K, reserved 1048576K
}
Event: 20.108 GC heap after
{Heap after GC invocations=28 (full 4):
 def new generation   total 40064K, used 1164K [0x00000000f0800000, 0x00000000f3370000, 0x00000000f5aa0000)
  eden space 35648K,   0% used [0x00000000f0800000, 0x00000000f0800000, 0x00000000f2ad0000)
  from space 4416K,  26% used [0x00000000f2ad0000, 0x00000000f2bf3158, 0x00000000f2f20000)
  to   space 4416K,   0% used [0x00000000f2f20000, 0x00000000f2f20000, 0x00000000f3370000)
 tenured generation   total 88852K, used 73621K [0x00000000f5aa0000, 0x00000000fb165000, 0x0000000100000000)
   the space 88852K,  82% used [0x00000000f5aa0000, 0x00000000fa2856d0, 0x00000000fa285800, 0x00000000fb165000)
 Metaspace       used 22418K, capacity 22940K, committed 23296K, reserved 1069056K
  class space    used 2523K, capacity 2777K, committed 2816K, reserved 1048576K
}
Event: 20.348 GC heap before
{Heap before GC invocations=28 (full 4):
 def new generation   total 40064K, used 36812K [0x00000000f0800000, 0x00000000f3370000, 0x00000000f5aa0000)
  eden space 35648K, 100% used [0x00000000f0800000, 0x00000000f2ad0000, 0x00000000f2ad0000)
  from space 4416K,  26% used [0x00000000f2ad0000, 0x00000000f2bf3158, 0x00000000f2f20000)
  to   space 4416K,   0% used [0x00000000f2f20000, 0x00000000f2f20000, 0x00000000f3370000)
 tenured generation   total 88852K, used 73621K [0x00000000f5aa0000, 0x00000000fb165000, 0x0000000100000000)
   the space 88852K,  82% used [0x00000000f5aa0000, 0x00000000fa2856d0, 0x00000000fa285800, 0x00000000fb165000)
 Metaspace       used 22425K, capacity 23004K, committed 23296K, reserved 1069056K
  class space    used 2523K, capacity 2777K, committed 2816K, reserved 1048576K
}
Event: 20.354 GC heap after
{Heap after GC invocations=29 (full 4):
 def new generation   total 40064K, used 4416K [0x00000000f0800000, 0x00000000f3370000, 0x00000000f5aa0000)
  eden space 35648K,   0% used [0x00000000f0800000, 0x00000000f0800000, 0x00000000f2ad0000)
  from space 4416K, 100% used [0x00000000f2f20000, 0x00000000f3370000, 0x00000000f3370000)
  to   space 4416K,   0% used [0x00000000f2ad0000, 0x00000000f2ad0000, 0x00000000f2f20000)
 tenured generation   total 88852K, used 76114K [0x00000000f5aa0000, 0x00000000fb165000, 0x0000000100000000)
   the space 88852K,  85% used [0x00000000f5aa0000, 0x00000000fa4f4838, 0x00000000fa4f4a00, 0x00000000fb165000)
 Metaspace       used 22425K, capacity 23004K, committed 23296K, reserved 1069056K
  class space    used 2523K, capacity 2777K, committed 2816K, reserved 1048576K
}
Event: 20.520 GC heap before
{Heap before GC invocations=29 (full 4):
 def new generation   total 40064K, used 40064K [0x00000000f0800000, 0x00000000f3370000, 0x00000000f5aa0000)
  eden space 35648K, 100% used [0x00000000f0800000, 0x00000000f2ad0000, 0x00000000f2ad0000)
  from space 4416K, 100% used [0x00000000f2f20000, 0x00000000f3370000, 0x00000000f3370000)
  to   space 4416K,   0% used [0x00000000f2ad0000, 0x00000000f2ad0000, 0x00000000f2f20000)
 tenured generation   total 88852K, used 76114K [0x00000000f5aa0000, 0x00000000fb165000, 0x0000000100000000)
   the space 88852K,  85% used [0x00000000f5aa0000, 0x00000000fa4f4838, 0x00000000fa4f4a00, 0x00000000fb165000)
 Metaspace       used 22425K, capacity 23004K, committed 23296K, reserved 1069056K
  class space    used 2523K, capacity 2777K, committed 2816K, reserved 1048576K
}
Event: 20.530 GC heap after
{Heap after GC invocations=30 (full 4):
 def new generation   total 40064K, used 4414K [0x00000000f0800000, 0x00000000f3370000, 0x00000000f5aa0000)
  eden space 35648K,   0% used [0x00000000f0800000, 0x00000000f0800000, 0x00000000f2ad0000)
  from space 4416K,  99% used [0x00000000f2ad0000, 0x00000000f2f1fa78, 0x00000000f2f20000)
  to   space 4416K,   0% used [0x00000000f2f20000, 0x00000000f2f20000, 0x00000000f3370000)
 tenured generation   total 88852K, used 80948K [0x00000000f5aa0000, 0x00000000fb165000, 0x0000000100000000)
   the space 88852K,  91% used [0x00000000f5aa0000, 0x00000000fa9ad0f0, 0x00000000fa9ad200, 0x00000000fb165000)
 Metaspace       used 22425K, capacity 23004K, committed 23296K, reserved 1069056K
  class space    used 2523K, capacity 2777K, committed 2816K, reserved 1048576K
}
Event: 20.602 GC heap before
{Heap before GC invocations=30 (full 4):
 def new generation   total 40064K, used 40062K [0x00000000f0800000, 0x00000000f3370000, 0x00000000f5aa0000)
  eden space 35648K, 100% used [0x00000000f0800000, 0x00000000f2ad0000, 0x00000000f2ad0000)
  from space 4416K,  99% used [0x00000000f2ad0000, 0x00000000f2f1fa78, 0x00000000f2f20000)
  to   space 4416K,   0% used [0x00000000f2f20000, 0x00000000f2f20000, 0x00000000f3370000)
 tenured generation   total 88852K, used 80948K [0x00000000f5aa0000, 0x00000000fb165000, 0x0000000100000000)
   the space 88852K,  91% used [0x00000000f5aa0000, 0x00000000fa9ad0f0, 0x00000000fa9ad200, 0x00000000fb165000)
 Metaspace       used 22425K, capacity 23004K, committed 23296K, reserved 1069056K
  class space    used 2523K, capacity 2777K, committed 2816K, reserved 1048576K
}
Event: 20.613 GC heap after
{Heap after GC invocations=31 (full 4):
 def new generation   total 40064K, used 0K [0x00000000f0800000, 0x00000000f3370000, 0x00000000f5aa0000)
  eden space 35648K,   0% used [0x00000000f0800000, 0x00000000f0800000, 0x00000000f2ad0000)
  from space 4416K,   0% used [0x00000000f2f20000, 0x00000000f2f200b0, 0x00000000f3370000)
  to   space 4416K,   0% used [0x00000000f2ad0000, 0x00000000f2ad0000, 0x00000000f2f20000)
 tenured generation   total 88852K, used 85362K [0x00000000f5aa0000, 0x00000000fb165000, 0x0000000100000000)
   the space 88852K,  96% used [0x00000000f5aa0000, 0x00000000fadfca10, 0x00000000fadfcc00, 0x00000000fb165000)
 Metaspace       used 22425K, capacity 23004K, committed 23296K, reserved 1069056K
  class space    used 2523K, capacity 2777K, committed 2816K, reserved 1048576K
}
Event: 20.687 GC heap before
{Heap before GC invocations=31 (full 4):
 def new generation   total 40064K, used 35648K [0x00000000f0800000, 0x00000000f3370000, 0x00000000f5aa0000)
  eden space 35648K, 100% used [0x00000000f0800000, 0x00000000f2ad0000, 0x00000000f2ad0000)
  from space 4416K,   0% used [0x00000000f2f20000, 0x00000000f2f200b0, 0x00000000f3370000)
  to   space 4416K,   0% used [0x00000000f2ad0000, 0x00000000f2ad0000, 0x00000000f2f20000)
 tenured generation   total 88852K, used 85362K [0x00000000f5aa0000, 0x00000000fb165000, 0x0000000100000000)
   the space 88852K,  96% used [0x00000000f5aa0000, 0x00000000fadfca10, 0x00000000fadfcc00, 0x00000000fb165000)
 Metaspace       used 22425K, capacity 23004K, committed 23296K, reserved 1069056K
  class space    used 2523K, capacity 2777K, committed 2816K, reserved 1048576K
}
Event: 20.687 GC heap after
{Heap after GC invocations=32 (full 4):
 def new generation   total 40064K, used 0K [0x00000000f0800000, 0x00000000f3370000, 0x00000000f5aa0000)
  eden space 35648K,   0% used [0x00000000f0800000, 0x00000000f0800000, 0x00000000f2ad0000)
  from space 4416K,   0% used [0x00000000f2ad0000, 0x00000000f2ad01b0, 0x00000000f2f20000)
  to   space 4416K,   0% used [0x00000000f2f20000, 0x00000000f2f20000, 0x00000000f3370000)
 tenured generation   total 88852K, used 85362K [0x00000000f5aa0000, 0x00000000fb165000, 0x0000000100000000)
   the space 88852K,  96% used [0x00000000f5aa0000, 0x00000000fadfca10, 0x00000000fadfcc00, 0x00000000fb165000)
 Metaspace       used 22425K, capacity 23004K, committed 23296K, reserved 1069056K
  class space    used 2523K, capacity 2777K, committed 2816K, reserved 1048576K
}
Event: 20.764 GC heap before
{Heap before GC invocations=32 (full 4):
 def new generation   total 40064K, used 35648K [0x00000000f0800000, 0x00000000f3370000, 0x00000000f5aa0000)
  eden space 35648K, 100% used [0x00000000f0800000, 0x00000000f2ad0000, 0x00000000f2ad0000)
  from space 4416K,   0% used [0x00000000f2ad0000, 0x00000000f2ad01b0, 0x00000000f2f20000)
  to   space 4416K,   0% used [0x00000000f2f20000, 0x00000000f2f20000, 0x00000000f3370000)
 tenured generation   total 88852K, used 85362K [0x00000000f5aa0000, 0x00000000fb165000, 0x0000000100000000)
   the space 88852K,  96% used [0x00000000f5aa0000, 0x00000000fadfca10, 0x00000000fadfcc00, 0x00000000fb165000)
 Metaspace       used 22425K, capacity 23004K, committed 23296K, reserved 1069056K
  class space    used 2523K, capacity 2777K, committed 2816K, reserved 1048576K
}
Event: 20.764 GC heap after
{Heap after GC invocations=33 (full 4):
 def new generation   total 40064K, used 0K [0x00000000f0800000, 0x00000000f3370000, 0x00000000f5aa0000)
  eden space 35648K,   0% used [0x00000000f0800000, 0x00000000f0800000, 0x00000000f2ad0000)
  from space 4416K,   0% used [0x00000000f2f20000, 0x00000000f2f202d8, 0x00000000f3370000)
  to   space 4416K,   0% used [0x00000000f2ad0000, 0x00000000f2ad0000, 0x00000000f2f20000)
 tenured generation   total 88852K, used 85362K [0x00000000f5aa0000, 0x00000000fb165000, 0x0000000100000000)
   the space 88852K,  96% used [0x00000000f5aa0000, 0x00000000fadfca10, 0x00000000fadfcc00, 0x00000000fb165000)
 Metaspace       used 22425K, capacity 23004K, committed 23296K, reserved 1069056K
  class space    used 2523K, capacity 2777K, committed 2816K, reserved 1048576K
}
Event: 20.837 GC heap before
{Heap before GC invocations=33 (full 4):
 def new generation   total 40064K, used 35648K [0x00000000f0800000, 0x00000000f3370000, 0x00000000f5aa0000)
  eden space 35648K, 100% used [0x00000000f0800000, 0x00000000f2ad0000, 0x00000000f2ad0000)
  from space 4416K,   0% used [0x00000000f2f20000, 0x00000000f2f202d8, 0x00000000f3370000)
  to   space 4416K,   0% used [0x00000000f2ad0000, 0x00000000f2ad0000, 0x00000000f2f20000)
 tenured generation   total 88852K, used 85362K [0x00000000f5aa0000, 0x00000000fb165000, 0x0000000100000000)
   the space 88852K,  96% used [0x00000000f5aa0000, 0x00000000fadfca10, 0x00000000fadfcc00, 0x00000000fb165000)
 Metaspace       used 22425K, capacity 23004K, committed 23296K, reserved 1069056K
  class space    used 2523K, capacity 2777K, committed 2816K, reserved 1048576K
}
Event: 20.838 GC heap after
{Heap after GC invocations=34 (full 4):
 def new generation   total 40064K, used 0K [0x00000000f0800000, 0x00000000f3370000, 0x00000000f5aa0000)
  eden space 35648K,   0% used [0x00000000f0800000, 0x00000000f0800000, 0x00000000f2ad0000)
  from space 4416K,   0% used [0x00000000f2ad0000, 0x00000000f2ad0090, 0x00000000f2f20000)
  to   space 4416K,   0% used [0x00000000f2f20000, 0x00000000f2f20000, 0x00000000f3370000)
 tenured generation   total 88852K, used 85362K [0x00000000f5aa0000, 0x00000000fb165000, 0x0000000100000000)
   the space 88852K,  96% used [0x00000000f5aa0000, 0x00000000fadfca10, 0x00000000fadfcc00, 0x00000000fb165000)
 Metaspace       used 22425K, capacity 23004K, committed 23296K, reserved 1069056K
  class space    used 2523K, capacity 2777K, committed 2816K, reserved 1048576K
}
Event: 20.953 GC heap before
{Heap before GC invocations=34 (full 4):
 def new generation   total 40064K, used 35648K [0x00000000f0800000, 0x00000000f3370000, 0x00000000f5aa0000)
  eden space 35648K, 100% used [0x00000000f0800000, 0x00000000f2ad0000, 0x00000000f2ad0000)
  from space 4416K,   0% used [0x00000000f2ad0000, 0x00000000f2ad0090, 0x00000000f2f20000)
  to   space 4416K,   0% used [0x00000000f2f20000, 0x00000000f2f20000, 0x00000000f3370000)
 tenured generation   total 88852K, used 85362K [0x00000000f5aa0000, 0x00000000fb165000, 0x0000000100000000)
   the space 88852K,  96% used [0x00000000f5aa0000, 0x00000000fadfca10, 0x00000000fadfcc00, 0x00000000fb165000)
 Metaspace       used 22425K, capacity 23004K, committed 23296K, reserved 1069056K
  class space    used 2523K, capacity 2777K, committed 2816K, reserved 1048576K
}
Event: 20.954 GC heap after
{Heap after GC invocations=35 (full 4):
 def new generation   total 40064K, used 0K [0x00000000f0800000, 0x00000000f3370000, 0x00000000f5aa0000)
  eden space 35648K,   0% used [0x00000000f0800000, 0x00000000f0800000, 0x00000000f2ad0000)
  from space 4416K,   0% used [0x00000000f2f20000, 0x00000000f2f20288, 0x00000000f3370000)
  to   space 4416K,   0% used [0x00000000f2ad0000, 0x00000000f2ad0000, 0x00000000f2f20000)
 tenured generation   total 88852K, used 85362K [0x00000000f5aa0000, 0x00000000fb165000, 0x0000000100000000)
   the space 88852K,  96% used [0x00000000f5aa0000, 0x00000000fadfca10, 0x00000000fadfcc00, 0x00000000fb165000)
 Metaspace       used 22425K, capacity 23004K, committed 23296K, reserved 1069056K
  class space    used 2523K, capacity 2777K, committed 2816K, reserved 1048576K
}
Event: 21.148 GC heap before
{Heap before GC invocations=35 (full 4):
 def new generation   total 40064K, used 35648K [0x00000000f0800000, 0x00000000f3370000, 0x00000000f5aa0000)
  eden space 35648K, 100% used [0x00000000f0800000, 0x00000000f2ad0000, 0x00000000f2ad0000)
  from space 4416K,   0% used [0x00000000f2f20000, 0x00000000f2f202c0, 0x00000000f3370000)
  to   space 4416K,   0% used [0x00000000f2ad0000, 0x00000000f2ad0000, 0x00000000f2f20000)
 tenured generation   total 88852K, used 85362K [0x00000000f5aa0000, 0x00000000fb165000, 0x0000000100000000)
   the space 88852K,  96% used [0x00000000f5aa0000, 0x00000000fadfca10, 0x00000000fadfcc00, 0x00000000fb165000)
 Metaspace       used 22428K, capacity 23004K, committed 23296K, reserved 1069056K
  class space    used 2523K, capacity 2777K, committed 2816K, reserved 1048576K
}
Event: 21.151 GC heap after
{Heap after GC invocations=36 (full 4):
 def new generation   total 40064K, used 4416K [0x00000000f0800000, 0x00000000f3370000, 0x00000000f5aa0000)
  eden space 35648K,   0% used [0x00000000f0800000, 0x00000000f0800000, 0x00000000f2ad0000)
  from space 4416K, 100% used [0x00000000f2ad0000, 0x00000000f2f20000, 0x00000000f2f20000)
  to   space 4416K,   0% used [0x00000000f2f20000, 0x00000000f2f20000, 0x00000000f3370000)
 tenured generation   total 88852K, used 86611K [0x00000000f5aa0000, 0x00000000fb165000, 0x0000000100000000)
   the space 88852K,  97% used [0x00000000f5aa0000, 0x00000000faf34e30, 0x00000000faf35000, 0x00000000fb165000)
 Metaspace       used 22428K, capacity 23004K, committed 23296K, reserved 1069056K
  class space    used 2523K, capacity 2777K, committed 2816K, reserved 1048576K
}
Event: 21.271 GC heap before
{Heap before GC invocations=36 (full 4):
 def new generation   total 40064K, used 40064K [0x00000000f0800000, 0x00000000f3370000, 0x00000000f5aa0000)
  eden space 35648K, 100% used [0x00000000f0800000, 0x00000000f2ad0000, 0x00000000f2ad0000)
  from space 4416K, 100% used [0x00000000f2ad0000, 0x00000000f2f20000, 0x00000000f2f20000)
  to   space 4416K,   0% used [0x00000000f2f20000, 0x00000000f2f20000, 0x00000000f3370000)
 tenured generation   total 88852K, used 86611K [0x00000000f5aa0000, 0x00000000fb165000, 0x0000000100000000)
   the space 88852K,  97% used [0x00000000f5aa0000, 0x00000000faf34e30, 0x00000000faf35000, 0x00000000fb165000)
 Metaspace       used 22428K, capacity 23004K, committed 23296K, reserved 1069056K
  class space    used 2523K, capacity 2777K, committed 2816K, reserved 1048576K
}

