# JRE version: OpenJDK Runtime Environment (11.0.9+11) (build 11.0.9+11-Ubuntu-0ubuntu1.18.04.1)
# Java VM: OpenJDK 64-Bit Server VM (11.0.9+11-Ubuntu-0ubuntu1.18.04.1, mixed mode, sharing, tiered, compressed oops, serial gc, linux-amd64)
Heap:
 def new generation   total 58496K, used 0K [0x00000000f0800000, 0x00000000f4770000, 0x00000000f5aa0000)
  eden space 52032K,   0% used [0x00000000f0800000, 0x00000000f0800000, 0x00000000f3ad0000)
  from space 6464K,   0% used [0x00000000f4120000, 0x00000000f4120000, 0x00000000f4770000)
  to   space 6464K,   0% used [0x00000000f3ad0000, 0x00000000f3ad0000, 0x00000000f4120000)
 tenured generation   total 136520K, used 105038K [0x00000000f5aa0000, 0x00000000fdff2000, 0x0000000100000000)
   the space 136520K,  76% used [0x00000000f5aa0000, 0x00000000fc133810, 0x00000000fc133a00, 0x00000000fdff2000)
 Metaspace       used 23031K, capacity 23530K, committed 23936K, reserved 1071104K
  class space    used 2580K, capacity 2846K, committed 2944K, reserved 1048576K
GC Heap History (20 events):
Event: 174.520 GC heap after
{Heap after GC invocations=54 (full 4):
 def new generation   total 43520K, used 0K [0x00000000f0800000, 0x00000000f3730000, 0x00000000f5aa0000)
  eden space 38720K,   0% used [0x00000000f0800000, 0x00000000f0800000, 0x00000000f2dd0000)
  from space 4800K,   0% used [0x00000000f3280000, 0x00000000f3280018, 0x00000000f3730000)
  to   space 4800K,   0% used [0x00000000f2dd0000, 0x00000000f2dd0000, 0x00000000f3280000)
 tenured generation   total 96528K, used 93022K [0x00000000f5aa0000, 0x00000000fb8e4000, 0x0000000100000000)
   the space 96528K,  96% used [0x00000000f5aa0000, 0x00000000fb577848, 0x00000000fb577a00, 0x00000000fb8e4000)
 Metaspace       used 22889K, capacity 23466K, committed 23936K, reserved 1071104K
  class space    used 2580K, capacity 2846K, committed 2944K, reserved 1048576K
}
Event: 174.710 GC heap before
{Heap before GC invocations=54 (full 4):
 def new generation   total 43520K, used 38720K [0x00000000f0800000, 0x00000000f3730000, 0x00000000f5aa0000)
  eden space 38720K, 100% used [0x00000000f0800000, 0x00000000f2dd0000, 0x00000000f2dd0000)
  from space 4800K,   0% used [0x00000000f3280000, 0x00000000f3280018, 0x00000000f3730000)
  to   space 4800K,   0% used [0x00000000f2dd0000, 0x00000000f2dd0000, 0x00000000f3280000)
 tenured generation   total 96528K, used 93022K [0x00000000f5aa0000, 0x00000000fb8e4000, 0x0000000100000000)
   the space 96528K,  96% used [0x00000000f5aa0000, 0x00000000fb577848, 0x00000000fb577a00, 0x00000000fb8e4000)
 Metaspace       used 22911K, capacity 23466K, committed 23936K, reserved 1071104K
  class space    used 2580K, capacity 2846K, committed 2944K, reserved 1048576K
}
Event: 174.781 GC heap after
{Heap after GC invocations=55 (full 5):
 def new generation   total 58496K, used 0K [0x00000000f0800000, 0x00000000f4770000, 0x00000000f5aa0000)
  eden space 52032K,   0% used [0x00000000f0800000, 0x00000000f0800000, 0x00000000f3ad0000)
  from space 6464K,   0% used [0x00000000f3ad0000, 0x00000000f3ad0000, 0x00000000f4120000)
  to   space 6464K,   0% used [0x00000000f4120000, 0x00000000f4120000, 0x00000000f4770000)
 tenured generation   total 129800K, used 77879K [0x00000000f5aa0000, 0x00000000fd962000, 0x0000000100000000)
   the space 129800K,  59% used [0x00000000f5aa0000, 0x00000000fa6adf68, 0x00000000fa6ae000, 0x00000000fd962000)
 Metaspace       used 22911K, capacity 23466K, committed 23936K, reserved 1071104K
  class space    used 2580K, capacity 2846K, committed 2944K, reserved 1048576K
}
Event: 174.907 GC heap before
{Heap before GC invocations=55 (full 5):
 def new generation   total 58496K, used 52032K [0x00000000f0800000, 0x00000000f4770000, 0x00000000f5aa0000)
  eden space 52032K, 100% used [0x00000000f0800000, 0x00000000f3ad0000, 0x00000000f3ad0000)
  from space 6464K,   0% used [0x00000000f3ad0000, 0x00000000f3ad0000, 0x00000000f4120000)
  to   space 6464K,   0% used [0x00000000f4120000, 0x00000000f4120000, 0x00000000f4770000)
 tenured generation   total 129800K, used 77879K [0x00000000f5aa0000, 0x00000000fd962000, 0x0000000100000000)
   the space 129800K,  59% used [0x00000000f5aa0000, 0x00000000fa6adf68, 0x00000000fa6ae000, 0x00000000fd962000)
 Metaspace       used 22911K, capacity 23466K, committed 23936K, reserved 1071104K
  class space    used 2580K, capacity 2846K, committed 2944K, reserved 1048576K
}
Event: 174.908 GC heap after
{Heap after GC invocations=56 (full 5):
 def new generation   total 58496K, used 0K [0x00000000f0800000, 0x00000000f4770000, 0x00000000f5aa0000)
  eden space 52032K,   0% used [0x00000000f0800000, 0x00000000f0800000, 0x00000000f3ad0000)
  from space 6464K,   0% used [0x00000000f4120000, 0x00000000f4120170, 0x00000000f4770000)
  to   space 6464K,   0% used [0x00000000f3ad0000, 0x00000000f3ad0000, 0x00000000f4120000)
 tenured generation   total 129800K, used 77879K [0x00000000f5aa0000, 0x00000000fd962000, 0x0000000100000000)
   the space 129800K,  59% used [0x00000000f5aa0000, 0x00000000fa6adf68, 0x00000000fa6ae000, 0x00000000fd962000)
 Metaspace       used 22911K, capacity 23466K, committed 23936K, reserved 1071104K
  class space    used 2580K, capacity 2846K, committed 2944K, reserved 1048576K
}
Event: 175.043 GC heap before
{Heap before GC invocations=56 (full 5):
 def new generation   total 58496K, used 52032K [0x00000000f0800000, 0x00000000f4770000, 0x00000000f5aa0000)
  eden space 52032K, 100% used [0x00000000f0800000, 0x00000000f3ad0000, 0x00000000f3ad0000)
  from space 6464K,   0% used [0x00000000f4120000, 0x00000000f4120170, 0x00000000f4770000)
  to   space 6464K,   0% used [0x00000000f3ad0000, 0x00000000f3ad0000, 0x00000000f4120000)
 tenured generation   total 129800K, used 77879K [0x00000000f5aa0000, 0x00000000fd962000, 0x0000000100000000)
   the space 129800K,  59% used [0x00000000f5aa0000, 0x00000000fa6adf68, 0x00000000fa6ae000, 0x00000000fd962000)
 Metaspace       used 22911K, capacity 23466K, committed 23936K, reserved 1071104K
  class space    used 2580K, capacity 2846K, committed 2944K, reserved 1048576K
}
Event: 175.044 GC heap after
{Heap after GC invocations=57 (full 5):
 def new generation   total 58496K, used 0K [0x00000000f0800000, 0x00000000f4770000, 0x00000000f5aa0000)
  eden space 52032K,   0% used [0x00000000f0800000, 0x00000000f0800000, 0x00000000f3ad0000)
  from space 6464K,   0% used [0x00000000f3ad0000, 0x00000000f3ad0168, 0x00000000f4120000)
  to   space 6464K,   0% used [0x00000000f4120000, 0x00000000f4120000, 0x00000000f4770000)
 tenured generation   total 129800K, used 77879K [0x00000000f5aa0000, 0x00000000fd962000, 0x0000000100000000)
   the space 129800K,  59% used [0x00000000f5aa0000, 0x00000000fa6adf68, 0x00000000fa6ae000, 0x00000000fd962000)
 Metaspace       used 22911K, capacity 23466K, committed 23936K, reserved 1071104K
  class space    used 2580K, capacity 2846K, committed 2944K, reserved 1048576K
}
Event: 175.193 GC heap before
{Heap before GC invocations=57 (full 5):
 def new generation   total 58496K, used 52032K [0x00000000f0800000, 0x00000000f4770000, 0x00000000f5aa0000)
  eden space 52032K, 100% used [0x00000000f0800000, 0x00000000f3ad0000, 0x00000000f3ad0000)
  from space 6464K,   0% used [0x00000000f3ad0000, 0x00000000f3ad0168, 0x00000000f4120000)
  to   space 6464K,   0% used [0x00000000f4120000, 0x00000000f4120000, 0x00000000f4770000)
 tenured generation   total 129800K, used 77879K [0x00000000f5aa0000, 0x00000000fd962000, 0x0000000100000000)
   the space 129800K,  59% used [0x00000000f5aa0000, 0x00000000fa6adf68, 0x00000000fa6ae000, 0x00000000fd962000)
 Metaspace       used 22911K, capacity 23466K, committed 23936K, reserved 1071104K
  class space    used 2580K, capacity 2846K, committed 2944K, reserved 1048576K
}
Event: 175.193 GC heap after
{Heap after GC invocations=58 (full 5):
 def new generation   total 58496K, used 0K [0x00000000f0800000, 0x00000000f4770000, 0x00000000f5aa0000)
  eden space 52032K,   0% used [0x00000000f0800000, 0x00000000f0800000, 0x00000000f3ad0000)
  from space 6464K,   0% used [0x00000000f4120000, 0x00000000f41201c0, 0x00000000f4770000)
  to   space 6464K,   0% used [0x00000000f3ad0000, 0x00000000f3ad0000, 0x00000000f4120000)
 tenured generation   total 129800K, used 77879K [0x00000000f5aa0000, 0x00000000fd962000, 0x0000000100000000)
   the space 129800K,  59% used [0x00000000f5aa0000, 0x00000000fa6adf68, 0x00000000fa6ae000, 0x00000000fd962000)
 Metaspace       used 22911K, capacity 23466K, committed 23936K, reserved 1071104K
  class space    used 2580K, capacity 2846K, committed 2944K, reserved 1048576K
}
Event: 175.328 GC heap before
{Heap before GC invocations=58 (full 5):
 def new generation   total 58496K, used 52032K [0x00000000f0800000, 0x00000000f4770000, 0x00000000f5aa0000)
  eden space 52032K, 100% used [0x00000000f0800000, 0x00000000f3ad0000, 0x00000000f3ad0000)
  from space 6464K,   0% used [0x00000000f4120000, 0x00000000f41201c0, 0x00000000f4770000)
  to   space 6464K,   0% used [0x00000000f3ad0000, 0x00000000f3ad0000, 0x00000000f4120000)
 tenured generation   total 129800K, used 77879K [0x00000000f5aa0000, 0x00000000fd962000, 0x0000000100000000)
   the space 129800K,  59% used [0x00000000f5aa0000, 0x00000000fa6adf68, 0x00000000fa6ae000, 0x00000000fd962000)
 Metaspace       used 22911K, capacity 23466K, committed 23936K, reserved 1071104K
  class space    used 2580K, capacity 2846K, committed 2944K, reserved 1048576K
}
Event: 175.329 GC heap after
{Heap after GC invocations=59 (full 5):
 def new generation   total 58496K, used 0K [0x00000000f0800000, 0x00000000f4770000, 0x00000000f5aa0000)
  eden space 52032K,   0% used [0x00000000f0800000, 0x00000000f0800000, 0x00000000f3ad0000)
  from space 6464K,   0% used [0x00000000f3ad0000, 0x00000000f3ad01c0, 0x00000000f4120000)
  to   space 6464K,   0% used [0x00000000f4120000, 0x00000000f4120000, 0x00000000f4770000)
 tenured generation   total 129800K, used 77879K [0x00000000f5aa0000, 0x00000000fd962000, 0x0000000100000000)
   the space 129800K,  59% used [0x00000000f5aa0000, 0x00000000fa6adf68, 0x00000000fa6ae000, 0x00000000fd962000)
 Metaspace       used 22911K, capacity 23466K, committed 23936K, reserved 1071104K
  class space    used 2580K, capacity 2846K, committed 2944K, reserved 1048576K
}
Event: 175.454 GC heap before
{Heap before GC invocations=59 (full 5):
 def new generation   total 58496K, used 52032K [0x00000000f0800000, 0x00000000f4770000, 0x00000000f5aa0000)
  eden space 52032K, 100% used [0x00000000f0800000, 0x00000000f3ad0000, 0x00000000f3ad0000)
  from space 6464K,   0% used [0x00000000f3ad0000, 0x00000000f3ad01c0, 0x00000000f4120000)
  to   space 6464K,   0% used [0x00000000f4120000, 0x00000000f4120000, 0x00000000f4770000)
 tenured generation   total 129800K, used 77879K [0x00000000f5aa0000, 0x00000000fd962000, 0x0000000100000000)
   the space 129800K,  59% used [0x00000000f5aa0000, 0x00000000fa6adf68, 0x00000000fa6ae000, 0x00000000fd962000)
 Metaspace       used 22911K, capacity 23466K, committed 23936K, reserved 1071104K
  class space    used 2580K, capacity 2846K, committed 2944K, reserved 1048576K
}
Event: 175.455 GC heap after
{Heap after GC invocations=60 (full 5):
 def new generation   total 58496K, used 0K [0x00000000f0800000, 0x00000000f4770000, 0x00000000f5aa0000)
  eden space 52032K,   0% used [0x00000000f0800000, 0x00000000f0800000, 0x00000000f3ad0000)
  from space 6464K,   0% used [0x00000000f4120000, 0x00000000f4120280, 0x00000000f4770000)
  to   space 6464K,   0% used [0x00000000f3ad0000, 0x00000000f3ad0000, 0x00000000f4120000)
 tenured generation   total 129800K, used 77879K [0x00000000f5aa0000, 0x00000000fd962000, 0x0000000100000000)
   the space 129800K,  59% used [0x00000000f5aa0000, 0x00000000fa6adf68, 0x00000000fa6ae000, 0x00000000fd962000)
 Metaspace       used 22911K, capacity 23466K, committed 23936K, reserved 1071104K
  class space    used 2580K, capacity 2846K, committed 2944K, reserved 1048576K
}
Event: 175.563 GC heap before
{Heap before GC invocations=60 (full 5):
 def new generation   total 58496K, used 52032K [0x00000000f0800000, 0x00000000f4770000, 0x00000000f5aa0000)
  eden space 52032K, 100% used [0x00000000f0800000, 0x00000000f3ad0000, 0x00000000f3ad0000)
  from space 6464K,   0% used [0x00000000f4120000, 0x00000000f4120280, 0x00000000f4770000)
  to   space 6464K,   0% used [0x00000000f3ad0000, 0x00000000f3ad0000, 0x00000000f4120000)
 tenured generation   total 129800K, used 77879K [0x00000000f5aa0000, 0x00000000fd962000, 0x0000000100000000)
   the space 129800K,  59% used [0x00000000f5aa0000, 0x00000000fa6adf68, 0x00000000fa6ae000, 0x00000000fd962000)
 Metaspace       used 22911K, capacity 23466K, committed 23936K, reserved 1071104K
  class space    used 2580K, capacity 2846K, committed 2944K, reserved 1048576K
}
Event: 175.564 GC heap after
{Heap after GC invocations=61 (full 5):
 def new generation   total 58496K, used 0K [0x00000000f0800000, 0x00000000f4770000, 0x00000000f5aa0000)
  eden space 52032K,   0% used [0x00000000f0800000, 0x00000000f0800000, 0x00000000f3ad0000)
  from space 6464K,   0% used [0x00000000f3ad0000, 0x00000000f3ad0268, 0x00000000f4120000)
  to   space 6464K,   0% used [0x00000000f4120000, 0x00000000f4120000, 0x00000000f4770000)
 tenured generation   total 129800K, used 77879K [0x00000000f5aa0000, 0x00000000fd962000, 0x0000000100000000)
   the space 129800K,  59% used [0x00000000f5aa0000, 0x00000000fa6adf68, 0x00000000fa6ae000, 0x00000000fd962000)
 Metaspace       used 22911K, capacity 23466K, committed 23936K, reserved 1071104K
  class space    used 2580K, capacity 2846K, committed 2944K, reserved 1048576K
}
Event: 307.058 GC heap before
{Heap before GC invocations=61 (full 5):
 def new generation   total 58496K, used 53730K [0x00000000f0800000, 0x00000000f4770000, 0x00000000f5aa0000)
  eden space 52032K,  99% used [0x00000000f0800000, 0x00000000f3ab8710, 0x00000000f3ad0000)
  from space 6464K,  27% used [0x00000000f3ad0000, 0x00000000f3c90298, 0x00000000f4120000)
  to   space 6464K,   0% used [0x00000000f4120000, 0x00000000f4120000, 0x00000000f4770000)
 tenured generation   total 129800K, used 77879K [0x00000000f5aa0000, 0x00000000fd962000, 0x0000000100000000)
   the space 129800K,  59% used [0x00000000f5aa0000, 0x00000000fa6adf68, 0x00000000fa6ae000, 0x00000000fd962000)
 Metaspace       used 22982K, capacity 23530K, committed 23936K, reserved 1071104K
  class space    used 2580K, capacity 2846K, committed 2944K, reserved 1048576K
}
Event: 307.091 GC heap after
{Heap after GC invocations=62 (full 5):
 def new generation   total 58496K, used 6464K [0x00000000f0800000, 0x00000000f4770000, 0x00000000f5aa0000)
  eden space 52032K,   0% used [0x00000000f0800000, 0x00000000f0800000, 0x00000000f3ad0000)
  from space 6464K, 100% used [0x00000000f4120000, 0x00000000f4770000, 0x00000000f4770000)
  to   space 6464K,   0% used [0x00000000f3ad0000, 0x00000000f3ad0000, 0x00000000f4120000)
 tenured generation   total 129800K, used 94806K [0x00000000f5aa0000, 0x00000000fd962000, 0x0000000100000000)
   the space 129800K,  73% used [0x00000000f5aa0000, 0x00000000fb735868, 0x00000000fb735a00, 0x00000000fd962000)
 Metaspace       used 22982K, capacity 23530K, committed 23936K, reserved 1071104K
  class space    used 2580K, capacity 2846K, committed 2944K, reserved 1048576K
}
Event: 307.393 GC heap before
{Heap before GC invocations=62 (full 5):
 def new generation   total 58496K, used 58496K [0x00000000f0800000, 0x00000000f4770000, 0x00000000f5aa0000)
  eden space 52032K, 100% used [0x00000000f0800000, 0x00000000f3ad0000, 0x00000000f3ad0000)
  from space 6464K, 100% used [0x00000000f4120000, 0x00000000f4770000, 0x00000000f4770000)
  to   space 6464K,   0% used [0x00000000f3ad0000, 0x00000000f3ad0000, 0x00000000f4120000)
 tenured generation   total 129800K, used 94806K [0x00000000f5aa0000, 0x00000000fd962000, 0x0000000100000000)
   the space 129800K,  73% used [0x00000000f5aa0000, 0x00000000fb735868, 0x00000000fb735a00, 0x00000000fd962000)
 Metaspace       used 23027K, capacity 23530K, committed 23936K, reserved 1071104K
  class space    used 2580K, capacity 2846K, committed 2944K, reserved 1048576K
}
Event: 307.465 GC heap after
{Heap after GC invocations=63 (full 5):
 def new generation   total 58496K, used 6463K [0x00000000f0800000, 0x00000000f4770000, 0x00000000f5aa0000)
  eden space 52032K,   0% used [0x00000000f0800000, 0x00000000f0800000, 0x00000000f3ad0000)
  from space 6464K,  99% used [0x00000000f3ad0000, 0x00000000f411fff8, 0x00000000f4120000)
  to   space 6464K,   0% used [0x00000000f4120000, 0x00000000f4120000, 0x00000000f4770000)
 tenured generation   total 129800K, used 125794K [0x00000000f5aa0000, 0x00000000fd962000, 0x0000000100000000)
   the space 129800K,  96% used [0x00000000f5aa0000, 0x00000000fd578a38, 0x00000000fd578c00, 0x00000000fd962000)
 Metaspace       used 23027K, capacity 23530K, committed 23936K, reserved 1071104K
  class space    used 2580K, capacity 2846K, committed 2944K, reserved 1048576K
}
Event: 307.810 GC heap before
{Heap before GC invocations=63 (full 5):
 def new generation   total 58496K, used 58495K [0x00000000f0800000, 0x00000000f4770000, 0x00000000f5aa0000)
  eden space 52032K, 100% used [0x00000000f0800000, 0x00000000f3ad0000, 0x00000000f3ad0000)
  from space 6464K,  99% used [0x00000000f3ad0000, 0x00000000f411fff8, 0x00000000f4120000)
  to   space 6464K,   0% used [0x00000000f4120000, 0x00000000f4120000, 0x00000000f4770000)
 tenured generation   total 129800K, used 125794K [0x00000000f5aa0000, 0x00000000fd962000, 0x0000000100000000)
   the space 129800K,  96% used [0x00000000f5aa0000, 0x00000000fd578a38, 0x00000000fd578c00, 0x00000000fd962000)
 Metaspace       used 23031K, capacity 23530K, committed 23936K, reserved 1071104K
  class space    used 2580K, capacity 2846K, committed 2944K, reserved 1048576K
}

