# JRE version: OpenJDK Runtime Environment (11.0.9+11) (build 11.0.9+11-Ubuntu-0ubuntu1.18.04.1)
# Java VM: OpenJDK 64-Bit Server VM (11.0.9+11-Ubuntu-0ubuntu1.18.04.1, mixed mode, sharing, tiered, compressed oops, serial gc, linux-amd64)
Heap:
 def new generation   total 56000K, used 0K [0x00000000f0800000, 0x00000000f44c0000, 0x00000000f5aa0000)
  eden space 49792K,   0% used [0x00000000f0800000, 0x00000000f0800000, 0x00000000f38a0000)
  from space 6208K,   0% used [0x00000000f3eb0000, 0x00000000f3eb0000, 0x00000000f44c0000)
  to   space 6208K,   0% used [0x00000000f38a0000, 0x00000000f38a0000, 0x00000000f3eb0000)
 tenured generation   total 132368K, used 87627K [0x00000000f5aa0000, 0x00000000fdbe4000, 0x0000000100000000)
   the space 132368K,  66% used [0x00000000f5aa0000, 0x00000000fb032fd0, 0x00000000fb033000, 0x00000000fdbe4000)
 Metaspace       used 22944K, capacity 23372K, committed 24192K, reserved 1071104K
  class space    used 2530K, capacity 2749K, committed 2944K, reserved 1048576K
GC Heap History (20 events):
Event: 292.477 GC heap after
{Heap after GC invocations=68 (full 5):
 def new generation   total 56000K, used 0K [0x00000000f0800000, 0x00000000f44c0000, 0x00000000f5aa0000)
  eden space 49792K,   0% used [0x00000000f0800000, 0x00000000f0800000, 0x00000000f38a0000)
  from space 6208K,   0% used [0x00000000f3eb0000, 0x00000000f3eb0208, 0x00000000f44c0000)
  to   space 6208K,   0% used [0x00000000f38a0000, 0x00000000f38a0000, 0x00000000f3eb0000)
 tenured generation   total 124304K, used 94007K [0x00000000f5aa0000, 0x00000000fd404000, 0x0000000100000000)
   the space 124304K,  75% used [0x00000000f5aa0000, 0x00000000fb66dcb8, 0x00000000fb66de00, 0x00000000fd404000)
 Metaspace       used 22871K, capacity 23308K, committed 23936K, reserved 1071104K
  class space    used 2530K, capacity 2749K, committed 2944K, reserved 1048576K
}
Event: 292.600 GC heap before
{Heap before GC invocations=68 (full 5):
 def new generation   total 56000K, used 49792K [0x00000000f0800000, 0x00000000f44c0000, 0x00000000f5aa0000)
  eden space 49792K, 100% used [0x00000000f0800000, 0x00000000f38a0000, 0x00000000f38a0000)
  from space 6208K,   0% used [0x00000000f3eb0000, 0x00000000f3eb0208, 0x00000000f44c0000)
  to   space 6208K,   0% used [0x00000000f38a0000, 0x00000000f38a0000, 0x00000000f3eb0000)
 tenured generation   total 124304K, used 94007K [0x00000000f5aa0000, 0x00000000fd404000, 0x0000000100000000)
   the space 124304K,  75% used [0x00000000f5aa0000, 0x00000000fb66dcb8, 0x00000000fb66de00, 0x00000000fd404000)
 Metaspace       used 22873K, capacity 23308K, committed 23936K, reserved 1071104K
  class space    used 2530K, capacity 2749K, committed 2944K, reserved 1048576K
}
Event: 292.602 GC heap after
{Heap after GC invocations=69 (full 5):
 def new generation   total 56000K, used 261K [0x00000000f0800000, 0x00000000f44c0000, 0x00000000f5aa0000)
  eden space 49792K,   0% used [0x00000000f0800000, 0x00000000f0800000, 0x00000000f38a0000)
  from space 6208K,   4% used [0x00000000f38a0000, 0x00000000f38e17d0, 0x00000000f3eb0000)
  to   space 6208K,   0% used [0x00000000f3eb0000, 0x00000000f3eb0000, 0x00000000f44c0000)
 tenured generation   total 124304K, used 94007K [0x00000000f5aa0000, 0x00000000fd404000, 0x0000000100000000)
   the space 124304K,  75% used [0x00000000f5aa0000, 0x00000000fb66dcb8, 0x00000000fb66de00, 0x00000000fd404000)
 Metaspace       used 22873K, capacity 23308K, committed 23936K, reserved 1071104K
  class space    used 2530K, capacity 2749K, committed 2944K, reserved 1048576K
}
Event: 293.719 GC heap before
{Heap before GC invocations=69 (full 5):
 def new generation   total 56000K, used 50053K [0x00000000f0800000, 0x00000000f44c0000, 0x00000000f5aa0000)
  eden space 49792K, 100% used [0x00000000f0800000, 0x00000000f38a0000, 0x00000000f38a0000)
  from space 6208K,   4% used [0x00000000f38a0000, 0x00000000f38e17d0, 0x00000000f3eb0000)
  to   space 6208K,   0% used [0x00000000f3eb0000, 0x00000000f3eb0000, 0x00000000f44c0000)
 tenured generation   total 124304K, used 94007K [0x00000000f5aa0000, 0x00000000fd404000, 0x0000000100000000)
   the space 124304K,  75% used [0x00000000f5aa0000, 0x00000000fb66dcb8, 0x00000000fb66de00, 0x00000000fd404000)
 Metaspace       used 22903K, capacity 23308K, committed 23936K, reserved 1071104K
  class space    used 2530K, capacity 2749K, committed 2944K, reserved 1048576K
}
Event: 293.763 GC heap after
{Heap after GC invocations=70 (full 5):
 def new generation   total 56000K, used 6208K [0x00000000f0800000, 0x00000000f44c0000, 0x00000000f5aa0000)
  eden space 49792K,   0% used [0x00000000f0800000, 0x00000000f0800000, 0x00000000f38a0000)
  from space 6208K, 100% used [0x00000000f3eb0000, 0x00000000f44c0000, 0x00000000f44c0000)
  to   space 6208K,   0% used [0x00000000f38a0000, 0x00000000f38a0000, 0x00000000f3eb0000)
 tenured generation   total 124304K, used 100124K [0x00000000f5aa0000, 0x00000000fd404000, 0x0000000100000000)
   the space 124304K,  80% used [0x00000000f5aa0000, 0x00000000fbc67148, 0x00000000fbc67200, 0x00000000fd404000)
 Metaspace       used 22903K, capacity 23308K, committed 23936K, reserved 1071104K
  class space    used 2530K, capacity 2749K, committed 2944K, reserved 1048576K
}
Event: 294.406 GC heap before
{Heap before GC invocations=70 (full 5):
 def new generation   total 56000K, used 56000K [0x00000000f0800000, 0x00000000f44c0000, 0x00000000f5aa0000)
  eden space 49792K, 100% used [0x00000000f0800000, 0x00000000f38a0000, 0x00000000f38a0000)
  from space 6208K, 100% used [0x00000000f3eb0000, 0x00000000f44c0000, 0x00000000f44c0000)
  to   space 6208K,   0% used [0x00000000f38a0000, 0x00000000f38a0000, 0x00000000f3eb0000)
 tenured generation   total 124304K, used 100124K [0x00000000f5aa0000, 0x00000000fd404000, 0x0000000100000000)
   the space 124304K,  80% used [0x00000000f5aa0000, 0x00000000fbc67148, 0x00000000fbc67200, 0x00000000fd404000)
 Metaspace       used 22926K, capacity 23372K, committed 24192K, reserved 1071104K
  class space    used 2530K, capacity 2749K, committed 2944K, reserved 1048576K
}
Event: 294.455 GC heap after
{Heap after GC invocations=71 (full 5):
 def new generation   total 56000K, used 6207K [0x00000000f0800000, 0x00000000f44c0000, 0x00000000f5aa0000)
  eden space 49792K,   0% used [0x00000000f0800000, 0x00000000f0800000, 0x00000000f38a0000)
  from space 6208K,  99% used [0x00000000f38a0000, 0x00000000f3eafff8, 0x00000000f3eb0000)
  to   space 6208K,   0% used [0x00000000f3eb0000, 0x00000000f3eb0000, 0x00000000f44c0000)
 tenured generation   total 124304K, used 110860K [0x00000000f5aa0000, 0x00000000fd404000, 0x0000000100000000)
   the space 124304K,  89% used [0x00000000f5aa0000, 0x00000000fc6e30f0, 0x00000000fc6e3200, 0x00000000fd404000)
 Metaspace       used 22926K, capacity 23372K, committed 24192K, reserved 1071104K
  class space    used 2530K, capacity 2749K, committed 2944K, reserved 1048576K
}
Event: 294.619 GC heap before
{Heap before GC invocations=71 (full 5):
 def new generation   total 56000K, used 55999K [0x00000000f0800000, 0x00000000f44c0000, 0x00000000f5aa0000)
  eden space 49792K, 100% used [0x00000000f0800000, 0x00000000f38a0000, 0x00000000f38a0000)
  from space 6208K,  99% used [0x00000000f38a0000, 0x00000000f3eafff8, 0x00000000f3eb0000)
  to   space 6208K,   0% used [0x00000000f3eb0000, 0x00000000f3eb0000, 0x00000000f44c0000)
 tenured generation   total 124304K, used 110860K [0x00000000f5aa0000, 0x00000000fd404000, 0x0000000100000000)
   the space 124304K,  89% used [0x00000000f5aa0000, 0x00000000fc6e30f0, 0x00000000fc6e3200, 0x00000000fd404000)
 Metaspace       used 22926K, capacity 23372K, committed 24192K, reserved 1071104K
  class space    used 2530K, capacity 2749K, committed 2944K, reserved 1048576K
}
Event: 294.651 GC heap after
{Heap after GC invocations=72 (full 5):
 def new generation   total 56000K, used 0K [0x00000000f0800000, 0x00000000f44c0000, 0x00000000f5aa0000)
  eden space 49792K,   0% used [0x00000000f0800000, 0x00000000f0800000, 0x00000000f38a0000)
  from space 6208K,   0% used [0x00000000f3eb0000, 0x00000000f3eb0060, 0x00000000f44c0000)
  to   space 6208K,   0% used [0x00000000f38a0000, 0x00000000f38a0000, 0x00000000f3eb0000)
 tenured generation   total 124304K, used 117067K [0x00000000f5aa0000, 0x00000000fd404000, 0x0000000100000000)
   the space 124304K,  94% used [0x00000000f5aa0000, 0x00000000fccf2f50, 0x00000000fccf3000, 0x00000000fd404000)
 Metaspace       used 22926K, capacity 23372K, committed 24192K, reserved 1071104K
  class space    used 2530K, capacity 2749K, committed 2944K, reserved 1048576K
}
Event: 294.819 GC heap before
{Heap before GC invocations=72 (full 5):
 def new generation   total 56000K, used 49792K [0x00000000f0800000, 0x00000000f44c0000, 0x00000000f5aa0000)
  eden space 49792K, 100% used [0x00000000f0800000, 0x00000000f38a0000, 0x00000000f38a0000)
  from space 6208K,   0% used [0x00000000f3eb0000, 0x00000000f3eb0060, 0x00000000f44c0000)
  to   space 6208K,   0% used [0x00000000f38a0000, 0x00000000f38a0000, 0x00000000f3eb0000)
 tenured generation   total 124304K, used 117067K [0x00000000f5aa0000, 0x00000000fd404000, 0x0000000100000000)
   the space 124304K,  94% used [0x00000000f5aa0000, 0x00000000fccf2f50, 0x00000000fccf3000, 0x00000000fd404000)
 Metaspace       used 22926K, capacity 23372K, committed 24192K, reserved 1071104K
  class space    used 2530K, capacity 2749K, committed 2944K, reserved 1048576K
}
Event: 294.820 GC heap after
{Heap after GC invocations=73 (full 5):
 def new generation   total 56000K, used 0K [0x00000000f0800000, 0x00000000f44c0000, 0x00000000f5aa0000)
  eden space 49792K,   0% used [0x00000000f0800000, 0x00000000f0800000, 0x00000000f38a0000)
  from space 6208K,   0% used [0x00000000f38a0000, 0x00000000f38a00e0, 0x00000000f3eb0000)
  to   space 6208K,   0% used [0x00000000f3eb0000, 0x00000000f3eb0000, 0x00000000f44c0000)
 tenured generation   total 124304K, used 117067K [0x00000000f5aa0000, 0x00000000fd404000, 0x0000000100000000)
   the space 124304K,  94% used [0x00000000f5aa0000, 0x00000000fccf2f50, 0x00000000fccf3000, 0x00000000fd404000)
 Metaspace       used 22926K, capacity 23372K, committed 24192K, reserved 1071104K
  class space    used 2530K, capacity 2749K, committed 2944K, reserved 1048576K
}
Event: 294.925 GC heap before
{Heap before GC invocations=73 (full 5):
 def new generation   total 56000K, used 49792K [0x00000000f0800000, 0x00000000f44c0000, 0x00000000f5aa0000)
  eden space 49792K, 100% used [0x00000000f0800000, 0x00000000f38a0000, 0x00000000f38a0000)
  from space 6208K,   0% used [0x00000000f38a0000, 0x00000000f38a00e0, 0x00000000f3eb0000)
  to   space 6208K,   0% used [0x00000000f3eb0000, 0x00000000f3eb0000, 0x00000000f44c0000)
 tenured generation   total 124304K, used 117067K [0x00000000f5aa0000, 0x00000000fd404000, 0x0000000100000000)
   the space 124304K,  94% used [0x00000000f5aa0000, 0x00000000fccf2f50, 0x00000000fccf3000, 0x00000000fd404000)
 Metaspace       used 22926K, capacity 23372K, committed 24192K, reserved 1071104K
  class space    used 2530K, capacity 2749K, committed 2944K, reserved 1048576K
}
Event: 294.926 GC heap after
{Heap after GC invocations=74 (full 5):
 def new generation   total 56000K, used 0K [0x00000000f0800000, 0x00000000f44c0000, 0x00000000f5aa0000)
  eden space 49792K,   0% used [0x00000000f0800000, 0x00000000f0800000, 0x00000000f38a0000)
  from space 6208K,   0% used [0x00000000f3eb0000, 0x00000000f3eb0130, 0x00000000f44c0000)
  to   space 6208K,   0% used [0x00000000f38a0000, 0x00000000f38a0000, 0x00000000f3eb0000)
 tenured generation   total 124304K, used 117067K [0x00000000f5aa0000, 0x00000000fd404000, 0x0000000100000000)
   the space 124304K,  94% used [0x00000000f5aa0000, 0x00000000fccf2f50, 0x00000000fccf3000, 0x00000000fd404000)
 Metaspace       used 22926K, capacity 23372K, committed 24192K, reserved 1071104K
  class space    used 2530K, capacity 2749K, committed 2944K, reserved 1048576K
}
Event: 295.024 GC heap before
{Heap before GC invocations=74 (full 5):
 def new generation   total 56000K, used 49792K [0x00000000f0800000, 0x00000000f44c0000, 0x00000000f5aa0000)
  eden space 49792K, 100% used [0x00000000f0800000, 0x00000000f38a0000, 0x00000000f38a0000)
  from space 6208K,   0% used [0x00000000f3eb0000, 0x00000000f3eb0130, 0x00000000f44c0000)
  to   space 6208K,   0% used [0x00000000f38a0000, 0x00000000f38a0000, 0x00000000f3eb0000)
 tenured generation   total 124304K, used 117067K [0x00000000f5aa0000, 0x00000000fd404000, 0x0000000100000000)
   the space 124304K,  94% used [0x00000000f5aa0000, 0x00000000fccf2f50, 0x00000000fccf3000, 0x00000000fd404000)
 Metaspace       used 22926K, capacity 23372K, committed 24192K, reserved 1071104K
  class space    used 2530K, capacity 2749K, committed 2944K, reserved 1048576K
}
Event: 295.025 GC heap after
{Heap after GC invocations=75 (full 5):
 def new generation   total 56000K, used 0K [0x00000000f0800000, 0x00000000f44c0000, 0x00000000f5aa0000)
  eden space 49792K,   0% used [0x00000000f0800000, 0x00000000f0800000, 0x00000000f38a0000)
  from space 6208K,   0% used [0x00000000f38a0000, 0x00000000f38a0038, 0x00000000f3eb0000)
  to   space 6208K,   0% used [0x00000000f3eb0000, 0x00000000f3eb0000, 0x00000000f44c0000)
 tenured generation   total 124304K, used 117067K [0x00000000f5aa0000, 0x00000000fd404000, 0x0000000100000000)
   the space 124304K,  94% used [0x00000000f5aa0000, 0x00000000fccf2f50, 0x00000000fccf3000, 0x00000000fd404000)
 Metaspace       used 22926K, capacity 23372K, committed 24192K, reserved 1071104K
  class space    used 2530K, capacity 2749K, committed 2944K, reserved 1048576K
}
Event: 295.154 GC heap before
{Heap before GC invocations=75 (full 5):
 def new generation   total 56000K, used 49792K [0x00000000f0800000, 0x00000000f44c0000, 0x00000000f5aa0000)
  eden space 49792K, 100% used [0x00000000f0800000, 0x00000000f38a0000, 0x00000000f38a0000)
  from space 6208K,   0% used [0x00000000f38a0000, 0x00000000f38a0038, 0x00000000f3eb0000)
  to   space 6208K,   0% used [0x00000000f3eb0000, 0x00000000f3eb0000, 0x00000000f44c0000)
 tenured generation   total 124304K, used 117067K [0x00000000f5aa0000, 0x00000000fd404000, 0x0000000100000000)
   the space 124304K,  94% used [0x00000000f5aa0000, 0x00000000fccf2f50, 0x00000000fccf3000, 0x00000000fd404000)
 Metaspace       used 22926K, capacity 23372K, committed 24192K, reserved 1071104K
  class space    used 2530K, capacity 2749K, committed 2944K, reserved 1048576K
}
Event: 295.155 GC heap after
{Heap after GC invocations=76 (full 5):
 def new generation   total 56000K, used 0K [0x00000000f0800000, 0x00000000f44c0000, 0x00000000f5aa0000)
  eden space 49792K,   0% used [0x00000000f0800000, 0x00000000f0800000, 0x00000000f38a0000)
  from space 6208K,   0% used [0x00000000f3eb0000, 0x00000000f3eb00d8, 0x00000000f44c0000)
  to   space 6208K,   0% used [0x00000000f38a0000, 0x00000000f38a0000, 0x00000000f3eb0000)
 tenured generation   total 124304K, used 117067K [0x00000000f5aa0000, 0x00000000fd404000, 0x0000000100000000)
   the space 124304K,  94% used [0x00000000f5aa0000, 0x00000000fccf2f50, 0x00000000fccf3000, 0x00000000fd404000)
 Metaspace       used 22926K, capacity 23372K, committed 24192K, reserved 1071104K
  class space    used 2530K, capacity 2749K, committed 2944K, reserved 1048576K
}
Event: 295.251 GC heap before
{Heap before GC invocations=76 (full 5):
 def new generation   total 56000K, used 49792K [0x00000000f0800000, 0x00000000f44c0000, 0x00000000f5aa0000)
  eden space 49792K, 100% used [0x00000000f0800000, 0x00000000f38a0000, 0x00000000f38a0000)
  from space 6208K,   0% used [0x00000000f3eb0000, 0x00000000f3eb00d8, 0x00000000f44c0000)
  to   space 6208K,   0% used [0x00000000f38a0000, 0x00000000f38a0000, 0x00000000f3eb0000)
 tenured generation   total 124304K, used 117067K [0x00000000f5aa0000, 0x00000000fd404000, 0x0000000100000000)
   the space 124304K,  94% used [0x00000000f5aa0000, 0x00000000fccf2f50, 0x00000000fccf3000, 0x00000000fd404000)
 Metaspace       used 22926K, capacity 23372K, committed 24192K, reserved 1071104K
  class space    used 2530K, capacity 2749K, committed 2944K, reserved 1048576K
}
Event: 295.251 GC heap after
{Heap after GC invocations=77 (full 5):
 def new generation   total 56000K, used 0K [0x00000000f0800000, 0x00000000f44c0000, 0x00000000f5aa0000)
  eden space 49792K,   0% used [0x00000000f0800000, 0x00000000f0800000, 0x00000000f38a0000)
  from space 6208K,   0% used [0x00000000f38a0000, 0x00000000f38a0088, 0x00000000f3eb0000)
  to   space 6208K,   0% used [0x00000000f3eb0000, 0x00000000f3eb0000, 0x00000000f44c0000)
 tenured generation   total 124304K, used 117067K [0x00000000f5aa0000, 0x00000000fd404000, 0x0000000100000000)
   the space 124304K,  94% used [0x00000000f5aa0000, 0x00000000fccf2f50, 0x00000000fccf3000, 0x00000000fd404000)
 Metaspace       used 22926K, capacity 23372K, committed 24192K, reserved 1071104K
  class space    used 2530K, capacity 2749K, committed 2944K, reserved 1048576K
}
Event: 334.001 GC heap before
{Heap before GC invocations=77 (full 5):
 def new generation   total 56000K, used 49792K [0x00000000f0800000, 0x00000000f44c0000, 0x00000000f5aa0000)
  eden space 49792K, 100% used [0x00000000f0800000, 0x00000000f38a0000, 0x00000000f38a0000)
  from space 6208K,   0% used [0x00000000f38a0000, 0x00000000f38a0088, 0x00000000f3eb0000)
  to   space 6208K,   0% used [0x00000000f3eb0000, 0x00000000f3eb0000, 0x00000000f44c0000)
 tenured generation   total 124304K, used 117067K [0x00000000f5aa0000, 0x00000000fd404000, 0x0000000100000000)
   the space 124304K,  94% used [0x00000000f5aa0000, 0x00000000fccf2f50, 0x00000000fccf3000, 0x00000000fd404000)
 Metaspace       used 22944K, capacity 23372K, committed 24192K, reserved 1071104K
  class space    used 2530K, capacity 2749K, committed 2944K, reserved 1048576K
}

