# JRE version: OpenJDK Runtime Environment (11.0.9+11) (build 11.0.9+11-Ubuntu-0ubuntu1.18.04.1)
# Java VM: OpenJDK 64-Bit Server VM (11.0.9+11-Ubuntu-0ubuntu1.18.04.1, mixed mode, sharing, tiered, compressed oops, serial gc, linux-amd64)
Heap:
 def new generation   total 58496K, used 0K [0x00000000f0800000, 0x00000000f4770000, 0x00000000f5aa0000)
  eden space 52032K,   0% used [0x00000000f0800000, 0x00000000f0800000, 0x00000000f3ad0000)
  from space 6464K,   0% used [0x00000000f4120000, 0x00000000f4120000, 0x00000000f4770000)
  to   space 6464K,   0% used [0x00000000f3ad0000, 0x00000000f3ad0000, 0x00000000f4120000)
 tenured generation   total 136128K, used 104596K [0x00000000f5aa0000, 0x00000000fdf90000, 0x0000000100000000)
   the space 136128K,  76% used [0x00000000f5aa0000, 0x00000000fc0c51e0, 0x00000000fc0c5200, 0x00000000fdf90000)
 Metaspace       used 23024K, capacity 23594K, committed 23936K, reserved 1071104K
  class space    used 2581K, capacity 2846K, committed 2944K, reserved 1048576K
GC Heap History (20 events):
Event: 86.609 GC heap after
{Heap after GC invocations=54 (full 4):
 def new generation   total 43520K, used 0K [0x00000000f0800000, 0x00000000f3730000, 0x00000000f5aa0000)
  eden space 38720K,   0% used [0x00000000f0800000, 0x00000000f0800000, 0x00000000f2dd0000)
  from space 4800K,   0% used [0x00000000f3280000, 0x00000000f3280130, 0x00000000f3730000)
  to   space 4800K,   0% used [0x00000000f2dd0000, 0x00000000f2dd0000, 0x00000000f3280000)
 tenured generation   total 96476K, used 93023K [0x00000000f5aa0000, 0x00000000fb8d7000, 0x0000000100000000)
   the space 96476K,  96% used [0x00000000f5aa0000, 0x00000000fb577e90, 0x00000000fb578000, 0x00000000fb8d7000)
 Metaspace       used 22930K, capacity 23466K, committed 23936K, reserved 1071104K
  class space    used 2581K, capacity 2846K, committed 2944K, reserved 1048576K
}
Event: 86.912 GC heap before
{Heap before GC invocations=54 (full 4):
 def new generation   total 43520K, used 38720K [0x00000000f0800000, 0x00000000f3730000, 0x00000000f5aa0000)
  eden space 38720K, 100% used [0x00000000f0800000, 0x00000000f2dd0000, 0x00000000f2dd0000)
  from space 4800K,   0% used [0x00000000f3280000, 0x00000000f3280130, 0x00000000f3730000)
  to   space 4800K,   0% used [0x00000000f2dd0000, 0x00000000f2dd0000, 0x00000000f3280000)
 tenured generation   total 96476K, used 93023K [0x00000000f5aa0000, 0x00000000fb8d7000, 0x0000000100000000)
   the space 96476K,  96% used [0x00000000f5aa0000, 0x00000000fb577e90, 0x00000000fb578000, 0x00000000fb8d7000)
 Metaspace       used 22952K, capacity 23466K, committed 23936K, reserved 1071104K
  class space    used 2581K, capacity 2846K, committed 2944K, reserved 1048576K
}
Event: 87.005 GC heap after
{Heap after GC invocations=55 (full 5):
 def new generation   total 58496K, used 0K [0x00000000f0800000, 0x00000000f4770000, 0x00000000f5aa0000)
  eden space 52032K,   0% used [0x00000000f0800000, 0x00000000f0800000, 0x00000000f3ad0000)
  from space 6464K,   0% used [0x00000000f3ad0000, 0x00000000f3ad0000, 0x00000000f4120000)
  to   space 6464K,   0% used [0x00000000f4120000, 0x00000000f4120000, 0x00000000f4770000)
 tenured generation   total 129792K, used 77873K [0x00000000f5aa0000, 0x00000000fd960000, 0x0000000100000000)
   the space 129792K,  59% used [0x00000000f5aa0000, 0x00000000fa6ac478, 0x00000000fa6ac600, 0x00000000fd960000)
 Metaspace       used 22952K, capacity 23466K, committed 23936K, reserved 1071104K
  class space    used 2581K, capacity 2846K, committed 2944K, reserved 1048576K
}
Event: 87.237 GC heap before
{Heap before GC invocations=55 (full 5):
 def new generation   total 58496K, used 52032K [0x00000000f0800000, 0x00000000f4770000, 0x00000000f5aa0000)
  eden space 52032K, 100% used [0x00000000f0800000, 0x00000000f3ad0000, 0x00000000f3ad0000)
  from space 6464K,   0% used [0x00000000f3ad0000, 0x00000000f3ad0000, 0x00000000f4120000)
  to   space 6464K,   0% used [0x00000000f4120000, 0x00000000f4120000, 0x00000000f4770000)
 tenured generation   total 129792K, used 77873K [0x00000000f5aa0000, 0x00000000fd960000, 0x0000000100000000)
   the space 129792K,  59% used [0x00000000f5aa0000, 0x00000000fa6ac478, 0x00000000fa6ac600, 0x00000000fd960000)
 Metaspace       used 22953K, capacity 23466K, committed 23936K, reserved 1071104K
  class space    used 2581K, capacity 2846K, committed 2944K, reserved 1048576K
}
Event: 87.238 GC heap after
{Heap after GC invocations=56 (full 5):
 def new generation   total 58496K, used 0K [0x00000000f0800000, 0x00000000f4770000, 0x00000000f5aa0000)
  eden space 52032K,   0% used [0x00000000f0800000, 0x00000000f0800000, 0x00000000f3ad0000)
  from space 6464K,   0% used [0x00000000f4120000, 0x00000000f4120098, 0x00000000f4770000)
  to   space 6464K,   0% used [0x00000000f3ad0000, 0x00000000f3ad0000, 0x00000000f4120000)
 tenured generation   total 129792K, used 77873K [0x00000000f5aa0000, 0x00000000fd960000, 0x0000000100000000)
   the space 129792K,  59% used [0x00000000f5aa0000, 0x00000000fa6ac478, 0x00000000fa6ac600, 0x00000000fd960000)
 Metaspace       used 22953K, capacity 23466K, committed 23936K, reserved 1071104K
  class space    used 2581K, capacity 2846K, committed 2944K, reserved 1048576K
}
Event: 87.362 GC heap before
{Heap before GC invocations=56 (full 5):
 def new generation   total 58496K, used 52032K [0x00000000f0800000, 0x00000000f4770000, 0x00000000f5aa0000)
  eden space 52032K, 100% used [0x00000000f0800000, 0x00000000f3ad0000, 0x00000000f3ad0000)
  from space 6464K,   0% used [0x00000000f4120000, 0x00000000f4120098, 0x00000000f4770000)
  to   space 6464K,   0% used [0x00000000f3ad0000, 0x00000000f3ad0000, 0x00000000f4120000)
 tenured generation   total 129792K, used 77873K [0x00000000f5aa0000, 0x00000000fd960000, 0x0000000100000000)
   the space 129792K,  59% used [0x00000000f5aa0000, 0x00000000fa6ac478, 0x00000000fa6ac600, 0x00000000fd960000)
 Metaspace       used 22953K, capacity 23466K, committed 23936K, reserved 1071104K
  class space    used 2581K, capacity 2846K, committed 2944K, reserved 1048576K
}
Event: 87.362 GC heap after
{Heap after GC invocations=57 (full 5):
 def new generation   total 58496K, used 0K [0x00000000f0800000, 0x00000000f4770000, 0x00000000f5aa0000)
  eden space 52032K,   0% used [0x00000000f0800000, 0x00000000f0800000, 0x00000000f3ad0000)
  from space 6464K,   0% used [0x00000000f3ad0000, 0x00000000f3ad0130, 0x00000000f4120000)
  to   space 6464K,   0% used [0x00000000f4120000, 0x00000000f4120000, 0x00000000f4770000)
 tenured generation   total 129792K, used 77873K [0x00000000f5aa0000, 0x00000000fd960000, 0x0000000100000000)
   the space 129792K,  59% used [0x00000000f5aa0000, 0x00000000fa6ac478, 0x00000000fa6ac600, 0x00000000fd960000)
 Metaspace       used 22953K, capacity 23466K, committed 23936K, reserved 1071104K
  class space    used 2581K, capacity 2846K, committed 2944K, reserved 1048576K
}
Event: 87.515 GC heap before
{Heap before GC invocations=57 (full 5):
 def new generation   total 58496K, used 52032K [0x00000000f0800000, 0x00000000f4770000, 0x00000000f5aa0000)
  eden space 52032K, 100% used [0x00000000f0800000, 0x00000000f3ad0000, 0x00000000f3ad0000)
  from space 6464K,   0% used [0x00000000f3ad0000, 0x00000000f3ad0130, 0x00000000f4120000)
  to   space 6464K,   0% used [0x00000000f4120000, 0x00000000f4120000, 0x00000000f4770000)
 tenured generation   total 129792K, used 77873K [0x00000000f5aa0000, 0x00000000fd960000, 0x0000000100000000)
   the space 129792K,  59% used [0x00000000f5aa0000, 0x00000000fa6ac478, 0x00000000fa6ac600, 0x00000000fd960000)
 Metaspace       used 22953K, capacity 23466K, committed 23936K, reserved 1071104K
  class space    used 2581K, capacity 2846K, committed 2944K, reserved 1048576K
}
Event: 87.515 GC heap after
{Heap after GC invocations=58 (full 5):
 def new generation   total 58496K, used 0K [0x00000000f0800000, 0x00000000f4770000, 0x00000000f5aa0000)
  eden space 52032K,   0% used [0x00000000f0800000, 0x00000000f0800000, 0x00000000f3ad0000)
  from space 6464K,   0% used [0x00000000f4120000, 0x00000000f41200f0, 0x00000000f4770000)
  to   space 6464K,   0% used [0x00000000f3ad0000, 0x00000000f3ad0000, 0x00000000f4120000)
 tenured generation   total 129792K, used 77873K [0x00000000f5aa0000, 0x00000000fd960000, 0x0000000100000000)
   the space 129792K,  59% used [0x00000000f5aa0000, 0x00000000fa6ac478, 0x00000000fa6ac600, 0x00000000fd960000)
 Metaspace       used 22953K, capacity 23466K, committed 23936K, reserved 1071104K
  class space    used 2581K, capacity 2846K, committed 2944K, reserved 1048576K
}
Event: 87.616 GC heap before
{Heap before GC invocations=58 (full 5):
 def new generation   total 58496K, used 52032K [0x00000000f0800000, 0x00000000f4770000, 0x00000000f5aa0000)
  eden space 52032K, 100% used [0x00000000f0800000, 0x00000000f3ad0000, 0x00000000f3ad0000)
  from space 6464K,   0% used [0x00000000f4120000, 0x00000000f41200f0, 0x00000000f4770000)
  to   space 6464K,   0% used [0x00000000f3ad0000, 0x00000000f3ad0000, 0x00000000f4120000)
 tenured generation   total 129792K, used 77873K [0x00000000f5aa0000, 0x00000000fd960000, 0x0000000100000000)
   the space 129792K,  59% used [0x00000000f5aa0000, 0x00000000fa6ac478, 0x00000000fa6ac600, 0x00000000fd960000)
 Metaspace       used 22953K, capacity 23466K, committed 23936K, reserved 1071104K
  class space    used 2581K, capacity 2846K, committed 2944K, reserved 1048576K
}
Event: 87.617 GC heap after
{Heap after GC invocations=59 (full 5):
 def new generation   total 58496K, used 0K [0x00000000f0800000, 0x00000000f4770000, 0x00000000f5aa0000)
  eden space 52032K,   0% used [0x00000000f0800000, 0x00000000f0800000, 0x00000000f3ad0000)
  from space 6464K,   0% used [0x00000000f3ad0000, 0x00000000f3ad0108, 0x00000000f4120000)
  to   space 6464K,   0% used [0x00000000f4120000, 0x00000000f4120000, 0x00000000f4770000)
 tenured generation   total 129792K, used 77873K [0x00000000f5aa0000, 0x00000000fd960000, 0x0000000100000000)
   the space 129792K,  59% used [0x00000000f5aa0000, 0x00000000fa6ac478, 0x00000000fa6ac600, 0x00000000fd960000)
 Metaspace       used 22953K, capacity 23466K, committed 23936K, reserved 1071104K
  class space    used 2581K, capacity 2846K, committed 2944K, reserved 1048576K
}
Event: 87.717 GC heap before
{Heap before GC invocations=59 (full 5):
 def new generation   total 58496K, used 52032K [0x00000000f0800000, 0x00000000f4770000, 0x00000000f5aa0000)
  eden space 52032K, 100% used [0x00000000f0800000, 0x00000000f3ad0000, 0x00000000f3ad0000)
  from space 6464K,   0% used [0x00000000f3ad0000, 0x00000000f3ad0108, 0x00000000f4120000)
  to   space 6464K,   0% used [0x00000000f4120000, 0x00000000f4120000, 0x00000000f4770000)
 tenured generation   total 129792K, used 77873K [0x00000000f5aa0000, 0x00000000fd960000, 0x0000000100000000)
   the space 129792K,  59% used [0x00000000f5aa0000, 0x00000000fa6ac478, 0x00000000fa6ac600, 0x00000000fd960000)
 Metaspace       used 22953K, capacity 23466K, committed 23936K, reserved 1071104K
  class space    used 2581K, capacity 2846K, committed 2944K, reserved 1048576K
}
Event: 87.717 GC heap after
{Heap after GC invocations=60 (full 5):
 def new generation   total 58496K, used 0K [0x00000000f0800000, 0x00000000f4770000, 0x00000000f5aa0000)
  eden space 52032K,   0% used [0x00000000f0800000, 0x00000000f0800000, 0x00000000f3ad0000)
  from space 6464K,   0% used [0x00000000f4120000, 0x00000000f41200c0, 0x00000000f4770000)
  to   space 6464K,   0% used [0x00000000f3ad0000, 0x00000000f3ad0000, 0x00000000f4120000)
 tenured generation   total 129792K, used 77873K [0x00000000f5aa0000, 0x00000000fd960000, 0x0000000100000000)
   the space 129792K,  59% used [0x00000000f5aa0000, 0x00000000fa6ac478, 0x00000000fa6ac600, 0x00000000fd960000)
 Metaspace       used 22953K, capacity 23466K, committed 23936K, reserved 1071104K
  class space    used 2581K, capacity 2846K, committed 2944K, reserved 1048576K
}
Event: 87.816 GC heap before
{Heap before GC invocations=60 (full 5):
 def new generation   total 58496K, used 52032K [0x00000000f0800000, 0x00000000f4770000, 0x00000000f5aa0000)
  eden space 52032K, 100% used [0x00000000f0800000, 0x00000000f3ad0000, 0x00000000f3ad0000)
  from space 6464K,   0% used [0x00000000f4120000, 0x00000000f41200c0, 0x00000000f4770000)
  to   space 6464K,   0% used [0x00000000f3ad0000, 0x00000000f3ad0000, 0x00000000f4120000)
 tenured generation   total 129792K, used 77873K [0x00000000f5aa0000, 0x00000000fd960000, 0x0000000100000000)
   the space 129792K,  59% used [0x00000000f5aa0000, 0x00000000fa6ac478, 0x00000000fa6ac600, 0x00000000fd960000)
 Metaspace       used 22953K, capacity 23466K, committed 23936K, reserved 1071104K
  class space    used 2581K, capacity 2846K, committed 2944K, reserved 1048576K
}
Event: 87.817 GC heap after
{Heap after GC invocations=61 (full 5):
 def new generation   total 58496K, used 0K [0x00000000f0800000, 0x00000000f4770000, 0x00000000f5aa0000)
  eden space 52032K,   0% used [0x00000000f0800000, 0x00000000f0800000, 0x00000000f3ad0000)
  from space 6464K,   0% used [0x00000000f3ad0000, 0x00000000f3ad00d8, 0x00000000f4120000)
  to   space 6464K,   0% used [0x00000000f4120000, 0x00000000f4120000, 0x00000000f4770000)
 tenured generation   total 129792K, used 77873K [0x00000000f5aa0000, 0x00000000fd960000, 0x0000000100000000)
   the space 129792K,  59% used [0x00000000f5aa0000, 0x00000000fa6ac478, 0x00000000fa6ac600, 0x00000000fd960000)
 Metaspace       used 22953K, capacity 23466K, committed 23936K, reserved 1071104K
  class space    used 2581K, capacity 2846K, committed 2944K, reserved 1048576K
}
Event: 203.572 GC heap before
{Heap before GC invocations=61 (full 5):
 def new generation   total 58496K, used 52032K [0x00000000f0800000, 0x00000000f4770000, 0x00000000f5aa0000)
  eden space 52032K, 100% used [0x00000000f0800000, 0x00000000f3ad0000, 0x00000000f3ad0000)
  from space 6464K,   0% used [0x00000000f3ad0000, 0x00000000f3ad00d8, 0x00000000f4120000)
  to   space 6464K,   0% used [0x00000000f4120000, 0x00000000f4120000, 0x00000000f4770000)
 tenured generation   total 129792K, used 77873K [0x00000000f5aa0000, 0x00000000fd960000, 0x0000000100000000)
   the space 129792K,  59% used [0x00000000f5aa0000, 0x00000000fa6ac478, 0x00000000fa6ac600, 0x00000000fd960000)
 Metaspace       used 22990K, capacity 23530K, committed 23936K, reserved 1071104K
  class space    used 2581K, capacity 2846K, committed 2944K, reserved 1048576K
}
Event: 203.600 GC heap after
{Heap after GC invocations=62 (full 5):
 def new generation   total 58496K, used 6464K [0x00000000f0800000, 0x00000000f4770000, 0x00000000f5aa0000)
  eden space 52032K,   0% used [0x00000000f0800000, 0x00000000f0800000, 0x00000000f3ad0000)
  from space 6464K, 100% used [0x00000000f4120000, 0x00000000f4770000, 0x00000000f4770000)
  to   space 6464K,   0% used [0x00000000f3ad0000, 0x00000000f3ad0000, 0x00000000f4120000)
 tenured generation   total 129792K, used 98002K [0x00000000f5aa0000, 0x00000000fd960000, 0x0000000100000000)
   the space 129792K,  75% used [0x00000000f5aa0000, 0x00000000fba54aa8, 0x00000000fba54c00, 0x00000000fd960000)
 Metaspace       used 22990K, capacity 23530K, committed 23936K, reserved 1071104K
  class space    used 2581K, capacity 2846K, committed 2944K, reserved 1048576K
}
Event: 204.064 GC heap before
{Heap before GC invocations=62 (full 5):
 def new generation   total 58496K, used 58496K [0x00000000f0800000, 0x00000000f4770000, 0x00000000f5aa0000)
  eden space 52032K, 100% used [0x00000000f0800000, 0x00000000f3ad0000, 0x00000000f3ad0000)
  from space 6464K, 100% used [0x00000000f4120000, 0x00000000f4770000, 0x00000000f4770000)
  to   space 6464K,   0% used [0x00000000f3ad0000, 0x00000000f3ad0000, 0x00000000f4120000)
 tenured generation   total 129792K, used 98006K [0x00000000f5aa0000, 0x00000000fd960000, 0x0000000100000000)
   the space 129792K,  75% used [0x00000000f5aa0000, 0x00000000fba55ab8, 0x00000000fba55c00, 0x00000000fd960000)
 Metaspace       used 23024K, capacity 23594K, committed 23936K, reserved 1071104K
  class space    used 2581K, capacity 2846K, committed 2944K, reserved 1048576K
}
Event: 204.146 GC heap after
{Heap after GC invocations=63 (full 5):
 def new generation   total 58496K, used 6464K [0x00000000f0800000, 0x00000000f4770000, 0x00000000f5aa0000)
  eden space 52032K,   0% used [0x00000000f0800000, 0x00000000f0800000, 0x00000000f3ad0000)
  from space 6464K, 100% used [0x00000000f3ad0000, 0x00000000f4120000, 0x00000000f4120000)
  to   space 6464K,   0% used [0x00000000f4120000, 0x00000000f4120000, 0x00000000f4770000)
 tenured generation   total 129792K, used 123369K [0x00000000f5aa0000, 0x00000000fd960000, 0x0000000100000000)
   the space 129792K,  95% used [0x00000000f5aa0000, 0x00000000fd31a5a0, 0x00000000fd31a600, 0x00000000fd960000)
 Metaspace       used 23024K, capacity 23594K, committed 23936K, reserved 1071104K
  class space    used 2581K, capacity 2846K, committed 2944K, reserved 1048576K
}
Event: 204.613 GC heap before
{Heap before GC invocations=63 (full 5):
 def new generation   total 58496K, used 58496K [0x00000000f0800000, 0x00000000f4770000, 0x00000000f5aa0000)
  eden space 52032K, 100% used [0x00000000f0800000, 0x00000000f3ad0000, 0x00000000f3ad0000)
  from space 6464K, 100% used [0x00000000f3ad0000, 0x00000000f4120000, 0x00000000f4120000)
  to   space 6464K,   0% used [0x00000000f4120000, 0x00000000f4120000, 0x00000000f4770000)
 tenured generation   total 129792K, used 123369K [0x00000000f5aa0000, 0x00000000fd960000, 0x0000000100000000)
   the space 129792K,  95% used [0x00000000f5aa0000, 0x00000000fd31a5a0, 0x00000000fd31a600, 0x00000000fd960000)
 Metaspace       used 23024K, capacity 23594K, committed 23936K, reserved 1071104K
  class space    used 2581K, capacity 2846K, committed 2944K, reserved 1048576K
}

