# JRE version: OpenJDK Runtime Environment (11.0.9+11) (build 11.0.9+11-Ubuntu-0ubuntu1.18.04.1)
# Java VM: OpenJDK 64-Bit Server VM (11.0.9+11-Ubuntu-0ubuntu1.18.04.1, mixed mode, sharing, tiered, compressed oops, serial gc, linux-amd64)
Heap:
 def new generation   total 54848K, used 0K [0x00000000f0800000, 0x00000000f4380000, 0x00000000f5aa0000)
  eden space 48768K,   0% used [0x00000000f0800000, 0x00000000f0800000, 0x00000000f37a0000)
  from space 6080K,   0% used [0x00000000f3d90000, 0x00000000f3d90000, 0x00000000f4380000)
  to   space 6080K,   0% used [0x00000000f37a0000, 0x00000000f37a0000, 0x00000000f3d90000)
 tenured generation   total 129568K, used 94032K [0x00000000f5aa0000, 0x00000000fd928000, 0x0000000100000000)
   the space 129568K,  72% used [0x00000000f5aa0000, 0x00000000fb674280, 0x00000000fb674400, 0x00000000fd928000)
 Metaspace       used 22991K, capacity 23437K, committed 24112K, reserved 1071104K
  class space    used 2536K, capacity 2749K, committed 2944K, reserved 1048576K
GC Heap History (20 events):
Event: 81036.405 GC heap after
{Heap after GC invocations=57 (full 5):
 def new generation   total 54848K, used 5695K [0x00000000f0800000, 0x00000000f4380000, 0x00000000f5aa0000)
  eden space 48768K,   0% used [0x00000000f0800000, 0x00000000f0800000, 0x00000000f37a0000)
  from space 6080K,  93% used [0x00000000f3d90000, 0x00000000f431fe08, 0x00000000f4380000)
  to   space 6080K,   0% used [0x00000000f37a0000, 0x00000000f37a0000, 0x00000000f3d90000)
 tenured generation   total 121640K, used 114902K [0x00000000f5aa0000, 0x00000000fd16a000, 0x0000000100000000)
   the space 121640K,  94% used [0x00000000f5aa0000, 0x00000000fcad5bf0, 0x00000000fcad5c00, 0x00000000fd16a000)
 Metaspace       used 22980K, capacity 23437K, committed 24112K, reserved 1071104K
  class space    used 2536K, capacity 2749K, committed 2944K, reserved 1048576K
}
Event: 81036.514 GC heap before
{Heap before GC invocations=57 (full 5):
 def new generation   total 54848K, used 54463K [0x00000000f0800000, 0x00000000f4380000, 0x00000000f5aa0000)
  eden space 48768K, 100% used [0x00000000f0800000, 0x00000000f37a0000, 0x00000000f37a0000)
  from space 6080K,  93% used [0x00000000f3d90000, 0x00000000f431fe08, 0x00000000f4380000)
  to   space 6080K,   0% used [0x00000000f37a0000, 0x00000000f37a0000, 0x00000000f3d90000)
 tenured generation   total 121640K, used 114902K [0x00000000f5aa0000, 0x00000000fd16a000, 0x0000000100000000)
   the space 121640K,  94% used [0x00000000f5aa0000, 0x00000000fcad5bf0, 0x00000000fcad5c00, 0x00000000fd16a000)
 Metaspace       used 22980K, capacity 23437K, committed 24112K, reserved 1071104K
  class space    used 2536K, capacity 2749K, committed 2944K, reserved 1048576K
}
Event: 81036.524 GC heap after
{Heap after GC invocations=58 (full 5):
 def new generation   total 54848K, used 0K [0x00000000f0800000, 0x00000000f4380000, 0x00000000f5aa0000)
  eden space 48768K,   0% used [0x00000000f0800000, 0x00000000f0800000, 0x00000000f37a0000)
  from space 6080K,   0% used [0x00000000f37a0000, 0x00000000f37a0160, 0x00000000f3d90000)
  to   space 6080K,   0% used [0x00000000f3d90000, 0x00000000f3d90000, 0x00000000f4380000)
 tenured generation   total 121640K, used 120598K [0x00000000f5aa0000, 0x00000000fd16a000, 0x0000000100000000)
   the space 121640K,  99% used [0x00000000f5aa0000, 0x00000000fd065880, 0x00000000fd065a00, 0x00000000fd16a000)
 Metaspace       used 22980K, capacity 23437K, committed 24112K, reserved 1071104K
  class space    used 2536K, capacity 2749K, committed 2944K, reserved 1048576K
}
Event: 81036.660 GC heap before
{Heap before GC invocations=58 (full 5):
 def new generation   total 54848K, used 48768K [0x00000000f0800000, 0x00000000f4380000, 0x00000000f5aa0000)
  eden space 48768K, 100% used [0x00000000f0800000, 0x00000000f37a0000, 0x00000000f37a0000)
  from space 6080K,   0% used [0x00000000f37a0000, 0x00000000f37a0160, 0x00000000f3d90000)
  to   space 6080K,   0% used [0x00000000f3d90000, 0x00000000f3d90000, 0x00000000f4380000)
 tenured generation   total 121640K, used 120598K [0x00000000f5aa0000, 0x00000000fd16a000, 0x0000000100000000)
   the space 121640K,  99% used [0x00000000f5aa0000, 0x00000000fd065880, 0x00000000fd065a00, 0x00000000fd16a000)
 Metaspace       used 22980K, capacity 23437K, committed 24112K, reserved 1071104K
  class space    used 2536K, capacity 2749K, committed 2944K, reserved 1048576K
}
Event: 81036.662 GC heap after
{Heap after GC invocations=59 (full 5):
 def new generation   total 54848K, used 0K [0x00000000f0800000, 0x00000000f4380000, 0x00000000f5aa0000)
  eden space 48768K,   0% used [0x00000000f0800000, 0x00000000f0800000, 0x00000000f37a0000)
  from space 6080K,   0% used [0x00000000f3d90000, 0x00000000f3d90110, 0x00000000f4380000)
  to   space 6080K,   0% used [0x00000000f37a0000, 0x00000000f37a0000, 0x00000000f3d90000)
 tenured generation   total 121640K, used 120598K [0x00000000f5aa0000, 0x00000000fd16a000, 0x0000000100000000)
   the space 121640K,  99% used [0x00000000f5aa0000, 0x00000000fd065880, 0x00000000fd065a00, 0x00000000fd16a000)
 Metaspace       used 22980K, capacity 23437K, committed 24112K, reserved 1071104K
  class space    used 2536K, capacity 2749K, committed 2944K, reserved 1048576K
}
Event: 81036.798 GC heap before
{Heap before GC invocations=59 (full 5):
 def new generation   total 54848K, used 48768K [0x00000000f0800000, 0x00000000f4380000, 0x00000000f5aa0000)
  eden space 48768K, 100% used [0x00000000f0800000, 0x00000000f37a0000, 0x00000000f37a0000)
  from space 6080K,   0% used [0x00000000f3d90000, 0x00000000f3d90110, 0x00000000f4380000)
  to   space 6080K,   0% used [0x00000000f37a0000, 0x00000000f37a0000, 0x00000000f3d90000)
 tenured generation   total 121640K, used 120598K [0x00000000f5aa0000, 0x00000000fd16a000, 0x0000000100000000)
   the space 121640K,  99% used [0x00000000f5aa0000, 0x00000000fd065880, 0x00000000fd065a00, 0x00000000fd16a000)
 Metaspace       used 22980K, capacity 23437K, committed 24112K, reserved 1071104K
  class space    used 2536K, capacity 2749K, committed 2944K, reserved 1048576K
}
Event: 81036.799 GC heap after
{Heap after GC invocations=60 (full 5):
 def new generation   total 54848K, used 0K [0x00000000f0800000, 0x00000000f4380000, 0x00000000f5aa0000)
  eden space 48768K,   0% used [0x00000000f0800000, 0x00000000f0800000, 0x00000000f37a0000)
  from space 6080K,   0% used [0x00000000f37a0000, 0x00000000f37a0180, 0x00000000f3d90000)
  to   space 6080K,   0% used [0x00000000f3d90000, 0x00000000f3d90000, 0x00000000f4380000)
 tenured generation   total 121640K, used 120598K [0x00000000f5aa0000, 0x00000000fd16a000, 0x0000000100000000)
   the space 121640K,  99% used [0x00000000f5aa0000, 0x00000000fd065880, 0x00000000fd065a00, 0x00000000fd16a000)
 Metaspace       used 22980K, capacity 23437K, committed 24112K, reserved 1071104K
  class space    used 2536K, capacity 2749K, committed 2944K, reserved 1048576K
}
Event: 81036.931 GC heap before
{Heap before GC invocations=60 (full 5):
 def new generation   total 54848K, used 48768K [0x00000000f0800000, 0x00000000f4380000, 0x00000000f5aa0000)
  eden space 48768K, 100% used [0x00000000f0800000, 0x00000000f37a0000, 0x00000000f37a0000)
  from space 6080K,   0% used [0x00000000f37a0000, 0x00000000f37a0180, 0x00000000f3d90000)
  to   space 6080K,   0% used [0x00000000f3d90000, 0x00000000f3d90000, 0x00000000f4380000)
 tenured generation   total 121640K, used 120598K [0x00000000f5aa0000, 0x00000000fd16a000, 0x0000000100000000)
   the space 121640K,  99% used [0x00000000f5aa0000, 0x00000000fd065880, 0x00000000fd065a00, 0x00000000fd16a000)
 Metaspace       used 22980K, capacity 23437K, committed 24112K, reserved 1071104K
  class space    used 2536K, capacity 2749K, committed 2944K, reserved 1048576K
}
Event: 81036.932 GC heap after
{Heap after GC invocations=61 (full 5):
 def new generation   total 54848K, used 0K [0x00000000f0800000, 0x00000000f4380000, 0x00000000f5aa0000)
  eden space 48768K,   0% used [0x00000000f0800000, 0x00000000f0800000, 0x00000000f37a0000)
  from space 6080K,   0% used [0x00000000f3d90000, 0x00000000f3d901e8, 0x00000000f4380000)
  to   space 6080K,   0% used [0x00000000f37a0000, 0x00000000f37a0000, 0x00000000f3d90000)
 tenured generation   total 121640K, used 120598K [0x00000000f5aa0000, 0x00000000fd16a000, 0x0000000100000000)
   the space 121640K,  99% used [0x00000000f5aa0000, 0x00000000fd065880, 0x00000000fd065a00, 0x00000000fd16a000)
 Metaspace       used 22980K, capacity 23437K, committed 24112K, reserved 1071104K
  class space    used 2536K, capacity 2749K, committed 2944K, reserved 1048576K
}
Event: 81037.024 GC heap before
{Heap before GC invocations=61 (full 5):
 def new generation   total 54848K, used 48768K [0x00000000f0800000, 0x00000000f4380000, 0x00000000f5aa0000)
  eden space 48768K, 100% used [0x00000000f0800000, 0x00000000f37a0000, 0x00000000f37a0000)
  from space 6080K,   0% used [0x00000000f3d90000, 0x00000000f3d901e8, 0x00000000f4380000)
  to   space 6080K,   0% used [0x00000000f37a0000, 0x00000000f37a0000, 0x00000000f3d90000)
 tenured generation   total 121640K, used 120598K [0x00000000f5aa0000, 0x00000000fd16a000, 0x0000000100000000)
   the space 121640K,  99% used [0x00000000f5aa0000, 0x00000000fd065880, 0x00000000fd065a00, 0x00000000fd16a000)
 Metaspace       used 22980K, capacity 23437K, committed 24112K, reserved 1071104K
  class space    used 2536K, capacity 2749K, committed 2944K, reserved 1048576K
}
Event: 81037.025 GC heap after
{Heap after GC invocations=62 (full 5):
 def new generation   total 54848K, used 0K [0x00000000f0800000, 0x00000000f4380000, 0x00000000f5aa0000)
  eden space 48768K,   0% used [0x00000000f0800000, 0x00000000f0800000, 0x00000000f37a0000)
  from space 6080K,   0% used [0x00000000f37a0000, 0x00000000f37a0208, 0x00000000f3d90000)
  to   space 6080K,   0% used [0x00000000f3d90000, 0x00000000f3d90000, 0x00000000f4380000)
 tenured generation   total 121640K, used 120598K [0x00000000f5aa0000, 0x00000000fd16a000, 0x0000000100000000)
   the space 121640K,  99% used [0x00000000f5aa0000, 0x00000000fd065880, 0x00000000fd065a00, 0x00000000fd16a000)
 Metaspace       used 22980K, capacity 23437K, committed 24112K, reserved 1071104K
  class space    used 2536K, capacity 2749K, committed 2944K, reserved 1048576K
}
Event: 81037.198 GC heap before
{Heap before GC invocations=62 (full 5):
 def new generation   total 54848K, used 48768K [0x00000000f0800000, 0x00000000f4380000, 0x00000000f5aa0000)
  eden space 48768K, 100% used [0x00000000f0800000, 0x00000000f37a0000, 0x00000000f37a0000)
  from space 6080K,   0% used [0x00000000f37a0000, 0x00000000f37a0208, 0x00000000f3d90000)
  to   space 6080K,   0% used [0x00000000f3d90000, 0x00000000f3d90000, 0x00000000f4380000)
 tenured generation   total 121640K, used 120598K [0x00000000f5aa0000, 0x00000000fd16a000, 0x0000000100000000)
   the space 121640K,  99% used [0x00000000f5aa0000, 0x00000000fd065880, 0x00000000fd065a00, 0x00000000fd16a000)
 Metaspace       used 22980K, capacity 23437K, committed 24112K, reserved 1071104K
  class space    used 2536K, capacity 2749K, committed 2944K, reserved 1048576K
}
Event: 81037.215 GC heap after
{Heap after GC invocations=63 (full 5):
 def new generation   total 54848K, used 221K [0x00000000f0800000, 0x00000000f4380000, 0x00000000f5aa0000)
  eden space 48768K,   0% used [0x00000000f0800000, 0x00000000f0800000, 0x00000000f37a0000)
  from space 6080K,   3% used [0x00000000f3d90000, 0x00000000f3dc7580, 0x00000000f4380000)
  to   space 6080K,   0% used [0x00000000f37a0000, 0x00000000f37a0000, 0x00000000f3d90000)
 tenured generation   total 121640K, used 120598K [0x00000000f5aa0000, 0x00000000fd16a000, 0x0000000100000000)
   the space 121640K,  99% used [0x00000000f5aa0000, 0x00000000fd065880, 0x00000000fd065a00, 0x00000000fd16a000)
 Metaspace       used 22980K, capacity 23437K, committed 24112K, reserved 1071104K
  class space    used 2536K, capacity 2749K, committed 2944K, reserved 1048576K
}
Event: 81037.603 GC heap before
{Heap before GC invocations=63 (full 5):
 def new generation   total 54848K, used 48989K [0x00000000f0800000, 0x00000000f4380000, 0x00000000f5aa0000)
  eden space 48768K, 100% used [0x00000000f0800000, 0x00000000f37a0000, 0x00000000f37a0000)
  from space 6080K,   3% used [0x00000000f3d90000, 0x00000000f3dc7580, 0x00000000f4380000)
  to   space 6080K,   0% used [0x00000000f37a0000, 0x00000000f37a0000, 0x00000000f3d90000)
 tenured generation   total 121640K, used 120598K [0x00000000f5aa0000, 0x00000000fd16a000, 0x0000000100000000)
   the space 121640K,  99% used [0x00000000f5aa0000, 0x00000000fd065880, 0x00000000fd065a00, 0x00000000fd16a000)
 Metaspace       used 22989K, capacity 23437K, committed 24112K, reserved 1071104K
  class space    used 2536K, capacity 2749K, committed 2944K, reserved 1048576K
}
Event: 81037.673 GC heap after
{Heap after GC invocations=64 (full 5):
 def new generation   total 54848K, used 303K [0x00000000f0800000, 0x00000000f4380000, 0x00000000f5aa0000)
  eden space 48768K,   0% used [0x00000000f0800000, 0x00000000f0800000, 0x00000000f37a0000)
  from space 6080K,   4% used [0x00000000f37a0000, 0x00000000f37ebfe0, 0x00000000f3d90000)
  to   space 6080K,   0% used [0x00000000f3d90000, 0x00000000f3d90000, 0x00000000f4380000)
 tenured generation   total 121640K, used 120598K [0x00000000f5aa0000, 0x00000000fd16a000, 0x0000000100000000)
   the space 121640K,  99% used [0x00000000f5aa0000, 0x00000000fd065880, 0x00000000fd065a00, 0x00000000fd16a000)
 Metaspace       used 22989K, capacity 23437K, committed 24112K, reserved 1071104K
  class space    used 2536K, capacity 2749K, committed 2944K, reserved 1048576K
}
Event: 81037.952 GC heap before
{Heap before GC invocations=64 (full 5):
 def new generation   total 54848K, used 49071K [0x00000000f0800000, 0x00000000f4380000, 0x00000000f5aa0000)
  eden space 48768K, 100% used [0x00000000f0800000, 0x00000000f37a0000, 0x00000000f37a0000)
  from space 6080K,   4% used [0x00000000f37a0000, 0x00000000f37ebfe0, 0x00000000f3d90000)
  to   space 6080K,   0% used [0x00000000f3d90000, 0x00000000f3d90000, 0x00000000f4380000)
 tenured generation   total 121640K, used 120598K [0x00000000f5aa0000, 0x00000000fd16a000, 0x0000000100000000)
   the space 121640K,  99% used [0x00000000f5aa0000, 0x00000000fd065880, 0x00000000fd065a00, 0x00000000fd16a000)
 Metaspace       used 22989K, capacity 23437K, committed 24112K, reserved 1071104K
  class space    used 2536K, capacity 2749K, committed 2944K, reserved 1048576K
}
Event: 81037.969 GC heap after
{Heap after GC invocations=65 (full 5):
 def new generation   total 54848K, used 303K [0x00000000f0800000, 0x00000000f4380000, 0x00000000f5aa0000)
  eden space 48768K,   0% used [0x00000000f0800000, 0x00000000f0800000, 0x00000000f37a0000)
  from space 6080K,   4% used [0x00000000f3d90000, 0x00000000f3ddbc20, 0x00000000f4380000)
  to   space 6080K,   0% used [0x00000000f37a0000, 0x00000000f37a0000, 0x00000000f3d90000)
 tenured generation   total 121640K, used 120598K [0x00000000f5aa0000, 0x00000000fd16a000, 0x0000000100000000)
   the space 121640K,  99% used [0x00000000f5aa0000, 0x00000000fd065880, 0x00000000fd065a00, 0x00000000fd16a000)
 Metaspace       used 22989K, capacity 23437K, committed 24112K, reserved 1071104K
  class space    used 2536K, capacity 2749K, committed 2944K, reserved 1048576K
}
Event: 81038.123 GC heap before
{Heap before GC invocations=65 (full 5):
 def new generation   total 54848K, used 49071K [0x00000000f0800000, 0x00000000f4380000, 0x00000000f5aa0000)
  eden space 48768K, 100% used [0x00000000f0800000, 0x00000000f37a0000, 0x00000000f37a0000)
  from space 6080K,   4% used [0x00000000f3d90000, 0x00000000f3ddbc20, 0x00000000f4380000)
  to   space 6080K,   0% used [0x00000000f37a0000, 0x00000000f37a0000, 0x00000000f3d90000)
 tenured generation   total 121640K, used 120598K [0x00000000f5aa0000, 0x00000000fd16a000, 0x0000000100000000)
   the space 121640K,  99% used [0x00000000f5aa0000, 0x00000000fd065880, 0x00000000fd065a00, 0x00000000fd16a000)
 Metaspace       used 22989K, capacity 23437K, committed 24112K, reserved 1071104K
  class space    used 2536K, capacity 2749K, committed 2944K, reserved 1048576K
}
Event: 81038.140 GC heap after
{Heap after GC invocations=66 (full 5):
 def new generation   total 54848K, used 303K [0x00000000f0800000, 0x00000000f4380000, 0x00000000f5aa0000)
  eden space 48768K,   0% used [0x00000000f0800000, 0x00000000f0800000, 0x00000000f37a0000)
  from space 6080K,   4% used [0x00000000f37a0000, 0x00000000f37ebc80, 0x00000000f3d90000)
  to   space 6080K,   0% used [0x00000000f3d90000, 0x00000000f3d90000, 0x00000000f4380000)
 tenured generation   total 121640K, used 120598K [0x00000000f5aa0000, 0x00000000fd16a000, 0x0000000100000000)
   the space 121640K,  99% used [0x00000000f5aa0000, 0x00000000fd065880, 0x00000000fd065a00, 0x00000000fd16a000)
 Metaspace       used 22989K, capacity 23437K, committed 24112K, reserved 1071104K
  class space    used 2536K, capacity 2749K, committed 2944K, reserved 1048576K
}
Event: 81038.611 GC heap before
{Heap before GC invocations=66 (full 5):
 def new generation   total 54848K, used 49071K [0x00000000f0800000, 0x00000000f4380000, 0x00000000f5aa0000)
  eden space 48768K, 100% used [0x00000000f0800000, 0x00000000f37a0000, 0x00000000f37a0000)
  from space 6080K,   4% used [0x00000000f37a0000, 0x00000000f37ebc80, 0x00000000f3d90000)
  to   space 6080K,   0% used [0x00000000f3d90000, 0x00000000f3d90000, 0x00000000f4380000)
 tenured generation   total 121640K, used 120598K [0x00000000f5aa0000, 0x00000000fd16a000, 0x0000000100000000)
   the space 121640K,  99% used [0x00000000f5aa0000, 0x00000000fd065880, 0x00000000fd065a00, 0x00000000fd16a000)
 Metaspace       used 22991K, capacity 23437K, committed 24112K, reserved 1071104K
  class space    used 2536K, capacity 2749K, committed 2944K, reserved 1048576K
}

