# JRE version: OpenJDK Runtime Environment (11.0.8+10) (build 11.0.8+10-post-Ubuntu-0ubuntu118.04.1)
# Java VM: OpenJDK 64-Bit Server VM (11.0.8+10-post-Ubuntu-0ubuntu118.04.1, mixed mode, sharing, tiered, compressed oops, serial gc, linux-amd64)
Heap:
 def new generation   total 57216K, used 2644K [0x00000000f0800000, 0x00000000f4610000, 0x00000000f5aa0000)
  eden space 50880K,   5% used [0x00000000f0800000, 0x00000000f0a95068, 0x00000000f39b0000)
  from space 6336K,   0% used [0x00000000f39b0000, 0x00000000f39b0000, 0x00000000f3fe0000)
  to   space 6336K,   0% used [0x00000000f3fe0000, 0x00000000f3fe0000, 0x00000000f4610000)
 tenured generation   total 143964K, used 143962K [0x00000000f5aa0000, 0x00000000fe737000, 0x0000000100000000)
   the space 143964K,  99% used [0x00000000f5aa0000, 0x00000000fe7368f8, 0x00000000fe736a00, 0x00000000fe737000)
 Metaspace       used 22180K, capacity 22711K, committed 23040K, reserved 1069056K
  class space    used 2493K, capacity 2745K, committed 2816K, reserved 1048576K
GC Heap History (20 events):
Event: 12.776 GC heap after
{Heap after GC invocations=14 (full 2):
 def new generation   total 15104K, used 0K [0x00000000f0800000, 0x00000000f1860000, 0x00000000f5aa0000)
  eden space 13440K,   0% used [0x00000000f0800000, 0x00000000f0800000, 0x00000000f1520000)
  from space 1664K,   0% used [0x00000000f1520000, 0x00000000f1520000, 0x00000000f16c0000)
  to   space 1664K,   0% used [0x00000000f16c0000, 0x00000000f16c0000, 0x00000000f1860000)
 tenured generation   total 33308K, used 19984K [0x00000000f5aa0000, 0x00000000f7b27000, 0x0000000100000000)
   the space 33308K,  59% used [0x00000000f5aa0000, 0x00000000f6e241e8, 0x00000000f6e24200, 0x00000000f7b27000)
 Metaspace       used 17669K, capacity 18163K, committed 18304K, reserved 1064960K
  class space    used 2098K, capacity 2339K, committed 2432K, reserved 1048576K
}
Event: 12.830 GC heap before
{Heap before GC invocations=14 (full 2):
 def new generation   total 15104K, used 8387K [0x00000000f0800000, 0x00000000f1860000, 0x00000000f5aa0000)
  eden space 13440K,  62% used [0x00000000f0800000, 0x00000000f1030f40, 0x00000000f1520000)
  from space 1664K,   0% used [0x00000000f1520000, 0x00000000f1520000, 0x00000000f16c0000)
  to   space 1664K,   0% used [0x00000000f16c0000, 0x00000000f16c0000, 0x00000000f1860000)
 tenured generation   total 33308K, used 19984K [0x00000000f5aa0000, 0x00000000f7b27000, 0x0000000100000000)
   the space 33308K,  59% used [0x00000000f5aa0000, 0x00000000f6e241e8, 0x00000000f6e24200, 0x00000000f7b27000)
 Metaspace       used 17673K, capacity 18163K, committed 18304K, reserved 1064960K
  class space    used 2098K, capacity 2339K, committed 2432K, reserved 1048576K
}
Event: 12.835 GC heap after
{Heap after GC invocations=15 (full 2):
 def new generation   total 15104K, used 63K [0x00000000f0800000, 0x00000000f1860000, 0x00000000f5aa0000)
  eden space 13440K,   0% used [0x00000000f0800000, 0x00000000f0800000, 0x00000000f1520000)
  from space 1664K,   3% used [0x00000000f16c0000, 0x00000000f16cfca8, 0x00000000f1860000)
  to   space 1664K,   0% used [0x00000000f1520000, 0x00000000f1520000, 0x00000000f16c0000)
 tenured generation   total 33308K, used 25928K [0x00000000f5aa0000, 0x00000000f7b27000, 0x0000000100000000)
   the space 33308K,  77% used [0x00000000f5aa0000, 0x00000000f73f2108, 0x00000000f73f2200, 0x00000000f7b27000)
 Metaspace       used 17673K, capacity 18163K, committed 18304K, reserved 1064960K
  class space    used 2098K, capacity 2339K, committed 2432K, reserved 1048576K
}
Event: 12.855 GC heap before
{Heap before GC invocations=15 (full 2):
 def new generation   total 15104K, used 8653K [0x00000000f0800000, 0x00000000f1860000, 0x00000000f5aa0000)
  eden space 13440K,  63% used [0x00000000f0800000, 0x00000000f1063818, 0x00000000f1520000)
  from space 1664K,   3% used [0x00000000f16c0000, 0x00000000f16cfca8, 0x00000000f1860000)
  to   space 1664K,   0% used [0x00000000f1520000, 0x00000000f1520000, 0x00000000f16c0000)
 tenured generation   total 33308K, used 25928K [0x00000000f5aa0000, 0x00000000f7b27000, 0x0000000100000000)
   the space 33308K,  77% used [0x00000000f5aa0000, 0x00000000f73f2108, 0x00000000f73f2200, 0x00000000f7b27000)
 Metaspace       used 17679K, capacity 18163K, committed 18304K, reserved 1064960K
  class space    used 2098K, capacity 2339K, committed 2432K, reserved 1048576K
}
Event: 12.887 GC heap after
{Heap after GC invocations=16 (full 3):
 def new generation   total 21184K, used 0K [0x00000000f0800000, 0x00000000f1ef0000, 0x00000000f5aa0000)
  eden space 18880K,   0% used [0x00000000f0800000, 0x00000000f0800000, 0x00000000f1a70000)
  from space 2304K,   0% used [0x00000000f1a70000, 0x00000000f1a70000, 0x00000000f1cb0000)
  to   space 2304K,   0% used [0x00000000f1cb0000, 0x00000000f1cb0000, 0x00000000f1ef0000)
 tenured generation   total 46840K, used 28103K [0x00000000f5aa0000, 0x00000000f885e000, 0x0000000100000000)
   the space 46840K,  59% used [0x00000000f5aa0000, 0x00000000f7611cd0, 0x00000000f7611e00, 0x00000000f885e000)
 Metaspace       used 17679K, capacity 18163K, committed 18304K, reserved 1064960K
  class space    used 2098K, capacity 2339K, committed 2432K, reserved 1048576K
}
Event: 12.941 GC heap before
{Heap before GC invocations=16 (full 3):
 def new generation   total 21184K, used 12256K [0x00000000f0800000, 0x00000000f1ef0000, 0x00000000f5aa0000)
  eden space 18880K,  64% used [0x00000000f0800000, 0x00000000f13f8078, 0x00000000f1a70000)
  from space 2304K,   0% used [0x00000000f1a70000, 0x00000000f1a70000, 0x00000000f1cb0000)
  to   space 2304K,   0% used [0x00000000f1cb0000, 0x00000000f1cb0000, 0x00000000f1ef0000)
 tenured generation   total 46840K, used 28103K [0x00000000f5aa0000, 0x00000000f885e000, 0x0000000100000000)
   the space 46840K,  59% used [0x00000000f5aa0000, 0x00000000f7611cd0, 0x00000000f7611e00, 0x00000000f885e000)
 Metaspace       used 17755K, capacity 18227K, committed 18560K, reserved 1064960K
  class space    used 2106K, capacity 2339K, committed 2432K, reserved 1048576K
}
Event: 12.947 GC heap after
{Heap after GC invocations=17 (full 3):
 def new generation   total 21184K, used 13K [0x00000000f0800000, 0x00000000f1ef0000, 0x00000000f5aa0000)
  eden space 18880K,   0% used [0x00000000f0800000, 0x00000000f0800000, 0x00000000f1a70000)
  from space 2304K,   0% used [0x00000000f1cb0000, 0x00000000f1cb3520, 0x00000000f1ef0000)
  to   space 2304K,   0% used [0x00000000f1a70000, 0x00000000f1a70000, 0x00000000f1cb0000)
 tenured generation   total 46840K, used 39990K [0x00000000f5aa0000, 0x00000000f885e000, 0x0000000100000000)
   the space 46840K,  85% used [0x00000000f5aa0000, 0x00000000f81adaf0, 0x00000000f81adc00, 0x00000000f885e000)
 Metaspace       used 17755K, capacity 18227K, committed 18560K, reserved 1064960K
  class space    used 2106K, capacity 2339K, committed 2432K, reserved 1048576K
}
Event: 13.225 GC heap before
{Heap before GC invocations=17 (full 3):
 def new generation   total 21184K, used 18893K [0x00000000f0800000, 0x00000000f1ef0000, 0x00000000f5aa0000)
  eden space 18880K, 100% used [0x00000000f0800000, 0x00000000f1a70000, 0x00000000f1a70000)
  from space 2304K,   0% used [0x00000000f1cb0000, 0x00000000f1cb3520, 0x00000000f1ef0000)
  to   space 2304K,   0% used [0x00000000f1a70000, 0x00000000f1a70000, 0x00000000f1cb0000)
 tenured generation   total 46840K, used 39990K [0x00000000f5aa0000, 0x00000000f885e000, 0x0000000100000000)
   the space 46840K,  85% used [0x00000000f5aa0000, 0x00000000f81adaf0, 0x00000000f81adc00, 0x00000000f885e000)
 Metaspace       used 19587K, capacity 20119K, committed 20224K, reserved 1067008K
  class space    used 2289K, capacity 2521K, committed 2560K, reserved 1048576K
}
Event: 13.288 GC heap after
{Heap after GC invocations=18 (full 4):
 def new generation   total 32640K, used 0K [0x00000000f0800000, 0x00000000f2b60000, 0x00000000f5aa0000)
  eden space 29056K,   0% used [0x00000000f0800000, 0x00000000f0800000, 0x00000000f2460000)
  from space 3584K,   0% used [0x00000000f2460000, 0x00000000f2460000, 0x00000000f27e0000)
  to   space 3584K,   0% used [0x00000000f27e0000, 0x00000000f27e0000, 0x00000000f2b60000)
 tenured generation   total 72284K, used 43368K [0x00000000f5aa0000, 0x00000000fa137000, 0x0000000100000000)
   the space 72284K,  59% used [0x00000000f5aa0000, 0x00000000f84fa0f0, 0x00000000f84fa200, 0x00000000fa137000)
 Metaspace       used 19587K, capacity 20119K, committed 20224K, reserved 1067008K
  class space    used 2289K, capacity 2521K, committed 2560K, reserved 1048576K
}
Event: 13.521 GC heap before
{Heap before GC invocations=18 (full 4):
 def new generation   total 32640K, used 29056K [0x00000000f0800000, 0x00000000f2b60000, 0x00000000f5aa0000)
  eden space 29056K, 100% used [0x00000000f0800000, 0x00000000f2460000, 0x00000000f2460000)
  from space 3584K,   0% used [0x00000000f2460000, 0x00000000f2460000, 0x00000000f27e0000)
  to   space 3584K,   0% used [0x00000000f27e0000, 0x00000000f27e0000, 0x00000000f2b60000)
 tenured generation   total 72284K, used 43368K [0x00000000f5aa0000, 0x00000000fa137000, 0x0000000100000000)
   the space 72284K,  59% used [0x00000000f5aa0000, 0x00000000f84fa0f0, 0x00000000f84fa200, 0x00000000fa137000)
 Metaspace       used 20042K, capacity 20567K, committed 20864K, reserved 1067008K
  class space    used 2328K, capacity 2585K, committed 2688K, reserved 1048576K
}
Event: 13.558 GC heap after
{Heap after GC invocations=19 (full 4):
 def new generation   total 32640K, used 3584K [0x00000000f0800000, 0x00000000f2b60000, 0x00000000f5aa0000)
  eden space 29056K,   0% used [0x00000000f0800000, 0x00000000f0800000, 0x00000000f2460000)
  from space 3584K, 100% used [0x00000000f27e0000, 0x00000000f2b60000, 0x00000000f2b60000)
  to   space 3584K,   0% used [0x00000000f2460000, 0x00000000f2460000, 0x00000000f27e0000)
 tenured generation   total 72284K, used 65100K [0x00000000f5aa0000, 0x00000000fa137000, 0x0000000100000000)
   the space 72284K,  90% used [0x00000000f5aa0000, 0x00000000f9a331f8, 0x00000000f9a33200, 0x00000000fa137000)
 Metaspace       used 20042K, capacity 20567K, committed 20864K, reserved 1067008K
  class space    used 2328K, capacity 2585K, committed 2688K, reserved 1048576K
}
Event: 14.205 GC heap before
{Heap before GC invocations=19 (full 4):
 def new generation   total 32640K, used 32640K [0x00000000f0800000, 0x00000000f2b60000, 0x00000000f5aa0000)
  eden space 29056K, 100% used [0x00000000f0800000, 0x00000000f2460000, 0x00000000f2460000)
  from space 3584K, 100% used [0x00000000f27e0000, 0x00000000f2b60000, 0x00000000f2b60000)
  to   space 3584K,   0% used [0x00000000f2460000, 0x00000000f2460000, 0x00000000f27e0000)
 tenured generation   total 72284K, used 65100K [0x00000000f5aa0000, 0x00000000fa137000, 0x0000000100000000)
   the space 72284K,  90% used [0x00000000f5aa0000, 0x00000000f9a331f8, 0x00000000f9a33200, 0x00000000fa137000)
 Metaspace       used 21264K, capacity 21751K, committed 21888K, reserved 1069056K
  class space    used 2437K, capacity 2681K, committed 2688K, reserved 1048576K
}
Event: 14.274 GC heap after
{Heap after GC invocations=20 (full 5):
 def new generation   total 57216K, used 3576K [0x00000000f0800000, 0x00000000f4610000, 0x00000000f5aa0000)
  eden space 50880K,   7% used [0x00000000f0800000, 0x00000000f0b7e3b8, 0x00000000f39b0000)
  from space 6336K,   0% used [0x00000000f39b0000, 0x00000000f39b0000, 0x00000000f3fe0000)
  to   space 6336K,   0% used [0x00000000f3fe0000, 0x00000000f3fe0000, 0x00000000f4610000)
 tenured generation   total 126876K, used 76123K [0x00000000f5aa0000, 0x00000000fd687000, 0x0000000100000000)
   the space 126876K,  59% used [0x00000000f5aa0000, 0x00000000fa4f6fe8, 0x00000000fa4f7000, 0x00000000fd687000)
 Metaspace       used 21264K, capacity 21751K, committed 21888K, reserved 1069056K
  class space    used 2437K, capacity 2681K, committed 2688K, reserved 1048576K
}
Event: 15.123 GC heap before
{Heap before GC invocations=20 (full 5):
 def new generation   total 57216K, used 50879K [0x00000000f0800000, 0x00000000f4610000, 0x00000000f5aa0000)
  eden space 50880K,  99% used [0x00000000f0800000, 0x00000000f39afdb8, 0x00000000f39b0000)
  from space 6336K,   0% used [0x00000000f39b0000, 0x00000000f39b0000, 0x00000000f3fe0000)
  to   space 6336K,   0% used [0x00000000f3fe0000, 0x00000000f3fe0000, 0x00000000f4610000)
 tenured generation   total 126876K, used 76123K [0x00000000f5aa0000, 0x00000000fd687000, 0x0000000100000000)
   the space 126876K,  59% used [0x00000000f5aa0000, 0x00000000fa4f6fe8, 0x00000000fa4f7000, 0x00000000fd687000)
 Metaspace       used 22027K, capacity 22519K, committed 22784K, reserved 1069056K
  class space    used 2493K, capacity 2745K, committed 2816K, reserved 1048576K
}
Event: 15.185 GC heap after
{Heap after GC invocations=21 (full 5):
 def new generation   total 57216K, used 6218K [0x00000000f0800000, 0x00000000f4610000, 0x00000000f5aa0000)
  eden space 50880K,   0% used [0x00000000f0800000, 0x00000000f0800000, 0x00000000f39b0000)
  from space 6336K,  98% used [0x00000000f3fe0000, 0x00000000f45f2b10, 0x00000000f4610000)
  to   space 6336K,   0% used [0x00000000f39b0000, 0x00000000f39b0000, 0x00000000f3fe0000)
 tenured generation   total 126876K, used 84330K [0x00000000f5aa0000, 0x00000000fd687000, 0x0000000100000000)
   the space 126876K,  66% used [0x00000000f5aa0000, 0x00000000facfabb0, 0x00000000facfac00, 0x00000000fd687000)
 Metaspace       used 22027K, capacity 22519K, committed 22784K, reserved 1069056K
  class space    used 2493K, capacity 2745K, committed 2816K, reserved 1048576K
}
Event: 15.646 GC heap before
{Heap before GC invocations=21 (full 5):
 def new generation   total 57216K, used 57098K [0x00000000f0800000, 0x00000000f4610000, 0x00000000f5aa0000)
  eden space 50880K, 100% used [0x00000000f0800000, 0x00000000f39b0000, 0x00000000f39b0000)
  from space 6336K,  98% used [0x00000000f3fe0000, 0x00000000f45f2b60, 0x00000000f4610000)
  to   space 6336K,   0% used [0x00000000f39b0000, 0x00000000f39b0000, 0x00000000f3fe0000)
 tenured generation   total 126876K, used 84330K [0x00000000f5aa0000, 0x00000000fd687000, 0x0000000100000000)
   the space 126876K,  66% used [0x00000000f5aa0000, 0x00000000facfabb0, 0x00000000facfac00, 0x00000000fd687000)
 Metaspace       used 22141K, capacity 22647K, committed 23040K, reserved 1069056K
  class space    used 2493K, capacity 2745K, committed 2816K, reserved 1048576K
}
Event: 15.755 GC heap after
{Heap after GC invocations=22 (full 5):
 def new generation   total 57216K, used 6336K [0x00000000f0800000, 0x00000000f4610000, 0x00000000f5aa0000)
  eden space 50880K,   0% used [0x00000000f0800000, 0x00000000f0800000, 0x00000000f39b0000)
  from space 6336K, 100% used [0x00000000f39b0000, 0x00000000f3fe0000, 0x00000000f3fe0000)
  to   space 6336K,   0% used [0x00000000f3fe0000, 0x00000000f3fe0000, 0x00000000f4610000)
 tenured generation   total 126876K, used 115209K [0x00000000f5aa0000, 0x00000000fd687000, 0x0000000100000000)
   the space 126876K,  90% used [0x00000000f5aa0000, 0x00000000fcb227c0, 0x00000000fcb22800, 0x00000000fd687000)
 Metaspace       used 22141K, capacity 22647K, committed 23040K, reserved 1069056K
  class space    used 2493K, capacity 2745K, committed 2816K, reserved 1048576K
}
Event: 16.184 GC heap before
{Heap before GC invocations=22 (full 5):
 def new generation   total 57216K, used 57216K [0x00000000f0800000, 0x00000000f4610000, 0x00000000f5aa0000)
  eden space 50880K, 100% used [0x00000000f0800000, 0x00000000f39b0000, 0x00000000f39b0000)
  from space 6336K, 100% used [0x00000000f39b0000, 0x00000000f3fe0000, 0x00000000f3fe0000)
  to   space 6336K,   0% used [0x00000000f3fe0000, 0x00000000f3fe0000, 0x00000000f4610000)
 tenured generation   total 126876K, used 115209K [0x00000000f5aa0000, 0x00000000fd687000, 0x0000000100000000)
   the space 126876K,  90% used [0x00000000f5aa0000, 0x00000000fcb227d8, 0x00000000fcb22800, 0x00000000fd687000)
 Metaspace       used 22180K, capacity 22711K, committed 23040K, reserved 1069056K
  class space    used 2493K, capacity 2745K, committed 2816K, reserved 1048576K
}
Event: 16.223 GC heap after
{Heap after GC invocations=23 (full 5):
 def new generation   total 57216K, used 6336K [0x00000000f0800000, 0x00000000f4610000, 0x00000000f5aa0000)
  eden space 50880K,   0% used [0x00000000f0800000, 0x00000000f0800000, 0x00000000f39b0000)
  from space 6336K, 100% used [0x00000000f3fe0000, 0x00000000f4610000, 0x00000000f4610000)
  to   space 6336K,   0% used [0x00000000f39b0000, 0x00000000f39b0000, 0x00000000f3fe0000)
 tenured generation   total 137628K, used 137456K [0x00000000f5aa0000, 0x00000000fe107000, 0x0000000100000000)
   the space 137628K,  99% used [0x00000000f5aa0000, 0x00000000fe0dc260, 0x00000000fe0dc400, 0x00000000fe107000)
 Metaspace       used 22180K, capacity 22711K, committed 23040K, reserved 1069056K
  class space    used 2493K, capacity 2745K, committed 2816K, reserved 1048576K
}
Event: 17.164 GC heap before
{Heap before GC invocations=23 (full 5):
 def new generation   total 57216K, used 57216K [0x00000000f0800000, 0x00000000f4610000, 0x00000000f5aa0000)
  eden space 50880K, 100% used [0x00000000f0800000, 0x00000000f39b0000, 0x00000000f39b0000)
  from space 6336K, 100% used [0x00000000f3fe0000, 0x00000000f4610000, 0x00000000f4610000)
  to   space 6336K,   0% used [0x00000000f39b0000, 0x00000000f39b0000, 0x00000000f3fe0000)
 tenured generation   total 137628K, used 137456K [0x00000000f5aa0000, 0x00000000fe107000, 0x0000000100000000)
   the space 137628K,  99% used [0x00000000f5aa0000, 0x00000000fe0dc260, 0x00000000fe0dc400, 0x00000000fe107000)
 Metaspace       used 22180K, capacity 22711K, committed 23040K, reserved 1069056K
  class space    used 2493K, capacity 2745K, committed 2816K, reserved 1048576K
}

