# JRE version: OpenJDK Runtime Environment (11.0.9+11) (build 11.0.9+11-Ubuntu-0ubuntu1.18.04.1)
# Java VM: OpenJDK 64-Bit Server VM (11.0.9+11-Ubuntu-0ubuntu1.18.04.1, mixed mode, sharing, tiered, compressed oops, serial gc, linux-amd64)
Heap:
 def new generation   total 23232K, used 2030K [0x00000000f0800000, 0x00000000f2130000, 0x00000000f5aa0000)
  eden space 20672K,   9% used [0x00000000f0800000, 0x00000000f09fb818, 0x00000000f1c30000)
  from space 2560K,   0% used [0x00000000f1c30000, 0x00000000f1c30000, 0x00000000f1eb0000)
  to   space 2560K,   0% used [0x00000000f1eb0000, 0x00000000f1eb0000, 0x00000000f2130000)
 tenured generation   total 57984K, used 57984K [0x00000000f5aa0000, 0x00000000f9340000, 0x0000000100000000)
   the space 57984K, 100% used [0x00000000f5aa0000, 0x00000000f9340000, 0x00000000f9340000, 0x00000000f9340000)
 Metaspace       used 22327K, capacity 22844K, committed 23296K, reserved 1069056K
  class space    used 2520K, capacity 2745K, committed 2816K, reserved 1048576K
GC Heap History (20 events):
Event: 18.724 GC heap after
{Heap after GC invocations=25 (full 3):
 def new generation   total 23232K, used 1K [0x00000000f0800000, 0x00000000f2130000, 0x00000000f5aa0000)
  eden space 20672K,   0% used [0x00000000f0800000, 0x00000000f0800000, 0x00000000f1c30000)
  from space 2560K,   0% used [0x00000000f1c30000, 0x00000000f1c30730, 0x00000000f1eb0000)
  to   space 2560K,   0% used [0x00000000f1eb0000, 0x00000000f1eb0000, 0x00000000f2130000)
 tenured generation   total 51456K, used 49601K [0x00000000f5aa0000, 0x00000000f8ce0000, 0x0000000100000000)
   the space 51456K,  96% used [0x00000000f5aa0000, 0x00000000f8b10710, 0x00000000f8b10800, 0x00000000f8ce0000)
 Metaspace       used 22325K, capacity 22844K, committed 23296K, reserved 1069056K
  class space    used 2520K, capacity 2745K, committed 2816K, reserved 1048576K
}
Event: 18.765 GC heap before
{Heap before GC invocations=25 (full 3):
 def new generation   total 23232K, used 20673K [0x00000000f0800000, 0x00000000f2130000, 0x00000000f5aa0000)
  eden space 20672K, 100% used [0x00000000f0800000, 0x00000000f1c30000, 0x00000000f1c30000)
  from space 2560K,   0% used [0x00000000f1c30000, 0x00000000f1c30730, 0x00000000f1eb0000)
  to   space 2560K,   0% used [0x00000000f1eb0000, 0x00000000f1eb0000, 0x00000000f2130000)
 tenured generation   total 51456K, used 49601K [0x00000000f5aa0000, 0x00000000f8ce0000, 0x0000000100000000)
   the space 51456K,  96% used [0x00000000f5aa0000, 0x00000000f8b10710, 0x00000000f8b10800, 0x00000000f8ce0000)
 Metaspace       used 22325K, capacity 22844K, committed 23296K, reserved 1069056K
  class space    used 2520K, capacity 2745K, committed 2816K, reserved 1048576K
}
Event: 18.766 GC heap after
{Heap after GC invocations=26 (full 3):
 def new generation   total 23232K, used 1K [0x00000000f0800000, 0x00000000f2130000, 0x00000000f5aa0000)
  eden space 20672K,   0% used [0x00000000f0800000, 0x00000000f0800000, 0x00000000f1c30000)
  from space 2560K,   0% used [0x00000000f1eb0000, 0x00000000f1eb0798, 0x00000000f2130000)
  to   space 2560K,   0% used [0x00000000f1c30000, 0x00000000f1c30000, 0x00000000f1eb0000)
 tenured generation   total 51456K, used 49601K [0x00000000f5aa0000, 0x00000000f8ce0000, 0x0000000100000000)
   the space 51456K,  96% used [0x00000000f5aa0000, 0x00000000f8b10710, 0x00000000f8b10800, 0x00000000f8ce0000)
 Metaspace       used 22325K, capacity 22844K, committed 23296K, reserved 1069056K
  class space    used 2520K, capacity 2745K, committed 2816K, reserved 1048576K
}
Event: 18.831 GC heap before
{Heap before GC invocations=26 (full 3):
 def new generation   total 23232K, used 20673K [0x00000000f0800000, 0x00000000f2130000, 0x00000000f5aa0000)
  eden space 20672K, 100% used [0x00000000f0800000, 0x00000000f1c30000, 0x00000000f1c30000)
  from space 2560K,   0% used [0x00000000f1eb0000, 0x00000000f1eb0798, 0x00000000f2130000)
  to   space 2560K,   0% used [0x00000000f1c30000, 0x00000000f1c30000, 0x00000000f1eb0000)
 tenured generation   total 51456K, used 49601K [0x00000000f5aa0000, 0x00000000f8ce0000, 0x0000000100000000)
   the space 51456K,  96% used [0x00000000f5aa0000, 0x00000000f8b10710, 0x00000000f8b10800, 0x00000000f8ce0000)
 Metaspace       used 22325K, capacity 22844K, committed 23296K, reserved 1069056K
  class space    used 2520K, capacity 2745K, committed 2816K, reserved 1048576K
}
Event: 18.832 GC heap after
{Heap after GC invocations=27 (full 3):
 def new generation   total 23232K, used 1K [0x00000000f0800000, 0x00000000f2130000, 0x00000000f5aa0000)
  eden space 20672K,   0% used [0x00000000f0800000, 0x00000000f0800000, 0x00000000f1c30000)
  from space 2560K,   0% used [0x00000000f1c30000, 0x00000000f1c30768, 0x00000000f1eb0000)
  to   space 2560K,   0% used [0x00000000f1eb0000, 0x00000000f1eb0000, 0x00000000f2130000)
 tenured generation   total 51456K, used 49601K [0x00000000f5aa0000, 0x00000000f8ce0000, 0x0000000100000000)
   the space 51456K,  96% used [0x00000000f5aa0000, 0x00000000f8b10710, 0x00000000f8b10800, 0x00000000f8ce0000)
 Metaspace       used 22325K, capacity 22844K, committed 23296K, reserved 1069056K
  class space    used 2520K, capacity 2745K, committed 2816K, reserved 1048576K
}
Event: 18.917 GC heap before
{Heap before GC invocations=27 (full 3):
 def new generation   total 23232K, used 20673K [0x00000000f0800000, 0x00000000f2130000, 0x00000000f5aa0000)
  eden space 20672K, 100% used [0x00000000f0800000, 0x00000000f1c30000, 0x00000000f1c30000)
  from space 2560K,   0% used [0x00000000f1c30000, 0x00000000f1c30768, 0x00000000f1eb0000)
  to   space 2560K,   0% used [0x00000000f1eb0000, 0x00000000f1eb0000, 0x00000000f2130000)
 tenured generation   total 51456K, used 49601K [0x00000000f5aa0000, 0x00000000f8ce0000, 0x0000000100000000)
   the space 51456K,  96% used [0x00000000f5aa0000, 0x00000000f8b10710, 0x00000000f8b10800, 0x00000000f8ce0000)
 Metaspace       used 22325K, capacity 22844K, committed 23296K, reserved 1069056K
  class space    used 2520K, capacity 2745K, committed 2816K, reserved 1048576K
}
Event: 18.918 GC heap after
{Heap after GC invocations=28 (full 3):
 def new generation   total 23232K, used 2K [0x00000000f0800000, 0x00000000f2130000, 0x00000000f5aa0000)
  eden space 20672K,   0% used [0x00000000f0800000, 0x00000000f0800000, 0x00000000f1c30000)
  from space 2560K,   0% used [0x00000000f1eb0000, 0x00000000f1eb0808, 0x00000000f2130000)
  to   space 2560K,   0% used [0x00000000f1c30000, 0x00000000f1c30000, 0x00000000f1eb0000)
 tenured generation   total 51456K, used 49601K [0x00000000f5aa0000, 0x00000000f8ce0000, 0x0000000100000000)
   the space 51456K,  96% used [0x00000000f5aa0000, 0x00000000f8b10710, 0x00000000f8b10800, 0x00000000f8ce0000)
 Metaspace       used 22325K, capacity 22844K, committed 23296K, reserved 1069056K
  class space    used 2520K, capacity 2745K, committed 2816K, reserved 1048576K
}
Event: 18.993 GC heap before
{Heap before GC invocations=28 (full 3):
 def new generation   total 23232K, used 20674K [0x00000000f0800000, 0x00000000f2130000, 0x00000000f5aa0000)
  eden space 20672K, 100% used [0x00000000f0800000, 0x00000000f1c30000, 0x00000000f1c30000)
  from space 2560K,   0% used [0x00000000f1eb0000, 0x00000000f1eb0808, 0x00000000f2130000)
  to   space 2560K,   0% used [0x00000000f1c30000, 0x00000000f1c30000, 0x00000000f1eb0000)
 tenured generation   total 51456K, used 49601K [0x00000000f5aa0000, 0x00000000f8ce0000, 0x0000000100000000)
   the space 51456K,  96% used [0x00000000f5aa0000, 0x00000000f8b10710, 0x00000000f8b10800, 0x00000000f8ce0000)
 Metaspace       used 22325K, capacity 22844K, committed 23296K, reserved 1069056K
  class space    used 2520K, capacity 2745K, committed 2816K, reserved 1048576K
}
Event: 18.994 GC heap after
{Heap after GC invocations=29 (full 3):
 def new generation   total 23232K, used 2K [0x00000000f0800000, 0x00000000f2130000, 0x00000000f5aa0000)
  eden space 20672K,   0% used [0x00000000f0800000, 0x00000000f0800000, 0x00000000f1c30000)
  from space 2560K,   0% used [0x00000000f1c30000, 0x00000000f1c30878, 0x00000000f1eb0000)
  to   space 2560K,   0% used [0x00000000f1eb0000, 0x00000000f1eb0000, 0x00000000f2130000)
 tenured generation   total 51456K, used 49601K [0x00000000f5aa0000, 0x00000000f8ce0000, 0x0000000100000000)
   the space 51456K,  96% used [0x00000000f5aa0000, 0x00000000f8b10710, 0x00000000f8b10800, 0x00000000f8ce0000)
 Metaspace       used 22325K, capacity 22844K, committed 23296K, reserved 1069056K
  class space    used 2520K, capacity 2745K, committed 2816K, reserved 1048576K
}
Event: 19.094 GC heap before
{Heap before GC invocations=29 (full 3):
 def new generation   total 23232K, used 20674K [0x00000000f0800000, 0x00000000f2130000, 0x00000000f5aa0000)
  eden space 20672K, 100% used [0x00000000f0800000, 0x00000000f1c30000, 0x00000000f1c30000)
  from space 2560K,   0% used [0x00000000f1c30000, 0x00000000f1c30878, 0x00000000f1eb0000)
  to   space 2560K,   0% used [0x00000000f1eb0000, 0x00000000f1eb0000, 0x00000000f2130000)
 tenured generation   total 51456K, used 49601K [0x00000000f5aa0000, 0x00000000f8ce0000, 0x0000000100000000)
   the space 51456K,  96% used [0x00000000f5aa0000, 0x00000000f8b10710, 0x00000000f8b10800, 0x00000000f8ce0000)
 Metaspace       used 22325K, capacity 22844K, committed 23296K, reserved 1069056K
  class space    used 2520K, capacity 2745K, committed 2816K, reserved 1048576K
}
Event: 19.094 GC heap after
{Heap after GC invocations=30 (full 3):
 def new generation   total 23232K, used 2K [0x00000000f0800000, 0x00000000f2130000, 0x00000000f5aa0000)
  eden space 20672K,   0% used [0x00000000f0800000, 0x00000000f0800000, 0x00000000f1c30000)
  from space 2560K,   0% used [0x00000000f1eb0000, 0x00000000f1eb0878, 0x00000000f2130000)
  to   space 2560K,   0% used [0x00000000f1c30000, 0x00000000f1c30000, 0x00000000f1eb0000)
 tenured generation   total 51456K, used 49601K [0x00000000f5aa0000, 0x00000000f8ce0000, 0x0000000100000000)
   the space 51456K,  96% used [0x00000000f5aa0000, 0x00000000f8b10710, 0x00000000f8b10800, 0x00000000f8ce0000)
 Metaspace       used 22325K, capacity 22844K, committed 23296K, reserved 1069056K
  class space    used 2520K, capacity 2745K, committed 2816K, reserved 1048576K
}
Event: 19.173 GC heap before
{Heap before GC invocations=30 (full 3):
 def new generation   total 23232K, used 20674K [0x00000000f0800000, 0x00000000f2130000, 0x00000000f5aa0000)
  eden space 20672K, 100% used [0x00000000f0800000, 0x00000000f1c30000, 0x00000000f1c30000)
  from space 2560K,   0% used [0x00000000f1eb0000, 0x00000000f1eb0878, 0x00000000f2130000)
  to   space 2560K,   0% used [0x00000000f1c30000, 0x00000000f1c30000, 0x00000000f1eb0000)
 tenured generation   total 51456K, used 49601K [0x00000000f5aa0000, 0x00000000f8ce0000, 0x0000000100000000)
   the space 51456K,  96% used [0x00000000f5aa0000, 0x00000000f8b10710, 0x00000000f8b10800, 0x00000000f8ce0000)
 Metaspace       used 22325K, capacity 22844K, committed 23296K, reserved 1069056K
  class space    used 2520K, capacity 2745K, committed 2816K, reserved 1048576K
}
Event: 19.173 GC heap after
{Heap after GC invocations=31 (full 3):
 def new generation   total 23232K, used 2K [0x00000000f0800000, 0x00000000f2130000, 0x00000000f5aa0000)
  eden space 20672K,   0% used [0x00000000f0800000, 0x00000000f0800000, 0x00000000f1c30000)
  from space 2560K,   0% used [0x00000000f1c30000, 0x00000000f1c308a8, 0x00000000f1eb0000)
  to   space 2560K,   0% used [0x00000000f1eb0000, 0x00000000f1eb0000, 0x00000000f2130000)
 tenured generation   total 51456K, used 49601K [0x00000000f5aa0000, 0x00000000f8ce0000, 0x0000000100000000)
   the space 51456K,  96% used [0x00000000f5aa0000, 0x00000000f8b10710, 0x00000000f8b10800, 0x00000000f8ce0000)
 Metaspace       used 22325K, capacity 22844K, committed 23296K, reserved 1069056K
  class space    used 2520K, capacity 2745K, committed 2816K, reserved 1048576K
}
Event: 19.258 GC heap before
{Heap before GC invocations=31 (full 3):
 def new generation   total 23232K, used 20674K [0x00000000f0800000, 0x00000000f2130000, 0x00000000f5aa0000)
  eden space 20672K, 100% used [0x00000000f0800000, 0x00000000f1c30000, 0x00000000f1c30000)
  from space 2560K,   0% used [0x00000000f1c30000, 0x00000000f1c308a8, 0x00000000f1eb0000)
  to   space 2560K,   0% used [0x00000000f1eb0000, 0x00000000f1eb0000, 0x00000000f2130000)
 tenured generation   total 51456K, used 49601K [0x00000000f5aa0000, 0x00000000f8ce0000, 0x0000000100000000)
   the space 51456K,  96% used [0x00000000f5aa0000, 0x00000000f8b10710, 0x00000000f8b10800, 0x00000000f8ce0000)
 Metaspace       used 22325K, capacity 22844K, committed 23296K, reserved 1069056K
  class space    used 2520K, capacity 2745K, committed 2816K, reserved 1048576K
}
Event: 19.259 GC heap after
{Heap after GC invocations=32 (full 3):
 def new generation   total 23232K, used 2K [0x00000000f0800000, 0x00000000f2130000, 0x00000000f5aa0000)
  eden space 20672K,   0% used [0x00000000f0800000, 0x00000000f0800000, 0x00000000f1c30000)
  from space 2560K,   0% used [0x00000000f1eb0000, 0x00000000f1eb0818, 0x00000000f2130000)
  to   space 2560K,   0% used [0x00000000f1c30000, 0x00000000f1c30000, 0x00000000f1eb0000)
 tenured generation   total 51456K, used 49601K [0x00000000f5aa0000, 0x00000000f8ce0000, 0x0000000100000000)
   the space 51456K,  96% used [0x00000000f5aa0000, 0x00000000f8b10710, 0x00000000f8b10800, 0x00000000f8ce0000)
 Metaspace       used 22325K, capacity 22844K, committed 23296K, reserved 1069056K
  class space    used 2520K, capacity 2745K, committed 2816K, reserved 1048576K
}
Event: 19.343 GC heap before
{Heap before GC invocations=32 (full 3):
 def new generation   total 23232K, used 20674K [0x00000000f0800000, 0x00000000f2130000, 0x00000000f5aa0000)
  eden space 20672K, 100% used [0x00000000f0800000, 0x00000000f1c30000, 0x00000000f1c30000)
  from space 2560K,   0% used [0x00000000f1eb0000, 0x00000000f1eb0818, 0x00000000f2130000)
  to   space 2560K,   0% used [0x00000000f1c30000, 0x00000000f1c30000, 0x00000000f1eb0000)
 tenured generation   total 51456K, used 49601K [0x00000000f5aa0000, 0x00000000f8ce0000, 0x0000000100000000)
   the space 51456K,  96% used [0x00000000f5aa0000, 0x00000000f8b10710, 0x00000000f8b10800, 0x00000000f8ce0000)
 Metaspace       used 22325K, capacity 22844K, committed 23296K, reserved 1069056K
  class space    used 2520K, capacity 2745K, committed 2816K, reserved 1048576K
}
Event: 19.344 GC heap after
{Heap after GC invocations=33 (full 3):
 def new generation   total 23232K, used 1K [0x00000000f0800000, 0x00000000f2130000, 0x00000000f5aa0000)
  eden space 20672K,   0% used [0x00000000f0800000, 0x00000000f0800000, 0x00000000f1c30000)
  from space 2560K,   0% used [0x00000000f1c30000, 0x00000000f1c307a8, 0x00000000f1eb0000)
  to   space 2560K,   0% used [0x00000000f1eb0000, 0x00000000f1eb0000, 0x00000000f2130000)
 tenured generation   total 51456K, used 49601K [0x00000000f5aa0000, 0x00000000f8ce0000, 0x0000000100000000)
   the space 51456K,  96% used [0x00000000f5aa0000, 0x00000000f8b10710, 0x00000000f8b10800, 0x00000000f8ce0000)
 Metaspace       used 22325K, capacity 22844K, committed 23296K, reserved 1069056K
  class space    used 2520K, capacity 2745K, committed 2816K, reserved 1048576K
}
Event: 19.458 GC heap before
{Heap before GC invocations=33 (full 3):
 def new generation   total 23232K, used 20673K [0x00000000f0800000, 0x00000000f2130000, 0x00000000f5aa0000)
  eden space 20672K, 100% used [0x00000000f0800000, 0x00000000f1c30000, 0x00000000f1c30000)
  from space 2560K,   0% used [0x00000000f1c30000, 0x00000000f1c307a8, 0x00000000f1eb0000)
  to   space 2560K,   0% used [0x00000000f1eb0000, 0x00000000f1eb0000, 0x00000000f2130000)
 tenured generation   total 51456K, used 49601K [0x00000000f5aa0000, 0x00000000f8ce0000, 0x0000000100000000)
   the space 51456K,  96% used [0x00000000f5aa0000, 0x00000000f8b10710, 0x00000000f8b10800, 0x00000000f8ce0000)
 Metaspace       used 22325K, capacity 22844K, committed 23296K, reserved 1069056K
  class space    used 2520K, capacity 2745K, committed 2816K, reserved 1048576K
}
Event: 19.459 GC heap after
{Heap after GC invocations=34 (full 3):
 def new generation   total 23232K, used 1K [0x00000000f0800000, 0x00000000f2130000, 0x00000000f5aa0000)
  eden space 20672K,   0% used [0x00000000f0800000, 0x00000000f0800000, 0x00000000f1c30000)
  from space 2560K,   0% used [0x00000000f1eb0000, 0x00000000f1eb04f0, 0x00000000f2130000)
  to   space 2560K,   0% used [0x00000000f1c30000, 0x00000000f1c30000, 0x00000000f1eb0000)
 tenured generation   total 51456K, used 49602K [0x00000000f5aa0000, 0x00000000f8ce0000, 0x0000000100000000)
   the space 51456K,  96% used [0x00000000f5aa0000, 0x00000000f8b109b0, 0x00000000f8b10a00, 0x00000000f8ce0000)
 Metaspace       used 22325K, capacity 22844K, committed 23296K, reserved 1069056K
  class space    used 2520K, capacity 2745K, committed 2816K, reserved 1048576K
}
Event: 19.897 GC heap before
{Heap before GC invocations=34 (full 3):
 def new generation   total 23232K, used 20673K [0x00000000f0800000, 0x00000000f2130000, 0x00000000f5aa0000)
  eden space 20672K, 100% used [0x00000000f0800000, 0x00000000f1c30000, 0x00000000f1c30000)
  from space 2560K,   0% used [0x00000000f1eb0000, 0x00000000f1eb04f0, 0x00000000f2130000)
  to   space 2560K,   0% used [0x00000000f1c30000, 0x00000000f1c30000, 0x00000000f1eb0000)
 tenured generation   total 51456K, used 49602K [0x00000000f5aa0000, 0x00000000f8ce0000, 0x0000000100000000)
   the space 51456K,  96% used [0x00000000f5aa0000, 0x00000000f8b109b0, 0x00000000f8b10a00, 0x00000000f8ce0000)
 Metaspace       used 22327K, capacity 22844K, committed 23296K, reserved 1069056K
  class space    used 2520K, capacity 2745K, committed 2816K, reserved 1048576K
}

